#
# There is insufficient memory for the Java Runtime Environment to continue.
# Native memory allocation (malloc) failed to allocate 32744 bytes for ChunkPool::allocate
# Possible reasons:
#   The system is out of physical RAM or swap space
#   In 32 bit mode, the process size limit was hit
# Possible solutions:
#   Reduce memory load on the system
#   Increase physical memory or swap space
#   Check if swap backing store is full
#   Use 64 bit Java on a 64 bit OS
#   Decrease Java heap size (-Xmx/-Xms)
#   Decrease number of Java threads
#   Decrease Java thread stack sizes (-Xss)
#   Set larger code cache with -XX:ReservedCodeCacheSize=
# This output file may be truncated or incomplete.
#
#  Out of Memory Error (allocation.cpp:273), pid=11720, tid=6836
#
# JRE version: Java(TM) SE Runtime Environment (8.0_20-b26) (build 1.8.0_20-b26)
# Java VM: Java HotSpot(TM) 64-Bit Server VM (25.20-b23 mixed mode windows-amd64 compressed oops)
# Failed to write core dump. Minidumps are not enabled by default on client versions of Windows
#

---------------  T H R E A D  ---------------

Current thread (0x000000001656d800):  JavaThread "C2 CompilerThread1" daemon [_thread_in_native, id=6836, stack(0x0000000017f70000,0x0000000018070000)]

Stack: [0x0000000017f70000,0x0000000018070000]
Native frames: (J=compiled Java code, j=interpreted, Vv=VM code, C=native code)
V  [jvm.dll+0x3152fa]
V  [jvm.dll+0x265d03]
V  [jvm.dll+0x266943]
V  [jvm.dll+0x25e265]
V  [jvm.dll+0xbdfb1]
V  [jvm.dll+0xbe6fc]
V  [jvm.dll+0xbe9a4]
V  [jvm.dll+0x4e4e30]
V  [jvm.dll+0x4a693e]
V  [jvm.dll+0x4a7d43]
V  [jvm.dll+0x4a8011]
V  [jvm.dll+0x4a86f0]
V  [jvm.dll+0x4a88ef]
V  [jvm.dll+0x4a8903]
V  [jvm.dll+0x4a8903]
V  [jvm.dll+0x4a8903]
V  [jvm.dll+0x4a8903]
V  [jvm.dll+0x4a8903]
V  [jvm.dll+0x49dcc1]
V  [jvm.dll+0x451438]
V  [jvm.dll+0x452634]
V  [jvm.dll+0x435fc2]
V  [jvm.dll+0x97b62]
V  [jvm.dll+0x98353]
V  [jvm.dll+0x22aac4]
V  [jvm.dll+0x283f5a]
C  [msvcr100.dll+0x21d9f]
C  [msvcr100.dll+0x21e3b]
C  [KERNEL32.DLL+0x18102]
C  [ntdll.dll+0x5c5b4]


Current CompileTask:
C2: 107244 4611       4       java.util.regex.Matcher::replaceAll (59 bytes)


---------------  P R O C E S S  ---------------

Java Threads: ( => current thread )
  0x00000000191fd800 JavaThread "pool-2-thread-1" [_thread_blocked, id=9704, stack(0x000000001ea40000,0x000000001eb40000)]
  0x0000000019b74800 JavaThread "File lock request listener" [_thread_in_native, id=8260, stack(0x000000001e360000,0x000000001e460000)]
  0x0000000017bc6000 JavaThread "Asynchronous log dispatcher for org.gradle.launcher.daemon.server.DefaultDaemonConnection@146f97f6" [_thread_blocked, id=6796, stack(0x000000001a5f0000,0x000000001a6f0000)]
  0x0000000017bd5000 JavaThread "Daemon worker" [_thread_in_native, id=14108, stack(0x000000001a2f0000,0x000000001a3f0000)]
  0x0000000017d84800 JavaThread "Cancel handler" [_thread_blocked, id=11916, stack(0x000000001a1f0000,0x000000001a2f0000)]
  0x0000000017dc1000 JavaThread "Handler for socket connection from /127.0.0.1:50722 to /127.0.0.1:51258" [_thread_in_native, id=11936, stack(0x000000001a0f0000,0x000000001a1f0000)]
  0x0000000017dbe800 JavaThread "Daemon" [_thread_blocked, id=10496, stack(0x0000000019ff0000,0x000000001a0f0000)]
  0x0000000017cee800 JavaThread "Incoming local TCP Connector on port 50722" [_thread_in_native, id=12720, stack(0x0000000019ef0000,0x0000000019ff0000)]
  0x0000000018813800 JavaThread "pool-1-thread-1" [_thread_blocked, id=13116, stack(0x0000000018b70000,0x0000000018c70000)]
  0x0000000017be3800 JavaThread "Service Thread" daemon [_thread_blocked, id=4188, stack(0x0000000018170000,0x0000000018270000)]
  0x0000000017b76800 JavaThread "C1 CompilerThread2" daemon [_thread_blocked, id=7640, stack(0x0000000018070000,0x0000000018170000)]
=>0x000000001656d800 JavaThread "C2 CompilerThread1" daemon [_thread_in_native, id=6836, stack(0x0000000017f70000,0x0000000018070000)]
  0x000000001656b000 JavaThread "C2 CompilerThread0" daemon [_thread_blocked, id=10224, stack(0x0000000017a70000,0x0000000017b70000)]
  0x000000001651e800 JavaThread "Attach Listener" daemon [_thread_blocked, id=13460, stack(0x0000000017970000,0x0000000017a70000)]
  0x0000000016509800 JavaThread "Signal Dispatcher" daemon [_thread_blocked, id=14316, stack(0x0000000017870000,0x0000000017970000)]
  0x0000000002b96000 JavaThread "Finalizer" daemon [_thread_blocked, id=10124, stack(0x0000000017770000,0x0000000017870000)]
  0x00000000164d8000 JavaThread "Reference Handler" daemon [_thread_blocked, id=13836, stack(0x0000000017670000,0x0000000017770000)]
  0x0000000002a9d800 JavaThread "main" [_thread_blocked, id=10664, stack(0x0000000002900000,0x0000000002a00000)]

Other Threads:
  0x00000000164d6000 VMThread [stack: 0x0000000017570000,0x0000000017670000] [id=13284]
  0x0000000017bee000 WatcherThread [stack: 0x0000000018270000,0x0000000018370000] [id=4028]

VM state:not at safepoint (normal execution)

VM Mutex/Monitor currently owned by a thread: None

Heap:
 PSYoungGen      total 101376K, used 58974K [0x00000000e0000000, 0x00000000e6d00000, 0x0000000100000000)
  eden space 94208K, 62% used [0x00000000e0000000,0x00000000e3997b40,0x00000000e5c00000)
  from space 7168K, 0% used [0x00000000e6600000,0x00000000e6600000,0x00000000e6d00000)
  to   space 8704K, 0% used [0x00000000e5c00000,0x00000000e5c00000,0x00000000e6480000)
 ParOldGen       total 58368K, used 14782K [0x00000000a0000000, 0x00000000a3900000, 0x00000000e0000000)
  object space 58368K, 25% used [0x00000000a0000000,0x00000000a0e6f978,0x00000000a3900000)
 Metaspace       used 41308K, capacity 42062K, committed 42496K, reserved 1085440K
  class space    used 5645K, capacity 5801K, committed 5888K, reserved 1048576K

Card table byte_map: [0x0000000011f60000,0x0000000012270000] byte_map_base: 0x0000000011a60000

Marking Bits: (ParMarkBitMap*) 0x000000005dd7b460
 Begin Bits: [0x0000000012870000, 0x0000000014070000)
 End Bits:   [0x0000000014070000, 0x0000000015870000)

Polling page: 0x0000000000fc0000

CodeCache: size=245760Kb used=14926Kb max_used=15002Kb free=230833Kb
 bounds [0x0000000002ba0000, 0x0000000003a70000, 0x0000000011ba0000]
 total_blobs=4758 nmethods=4072 adapters=598
 compilation: enabled

Compilation events (10 events):
Event: 107.128 Thread 0x0000000017b76800 nmethod 4613 0x000000000346ae10 code [0x000000000346af80, 0x000000000346b1f0]
Event: 107.129 Thread 0x000000001656b000 4614       4       java.lang.AbstractStringBuilder::append (40 bytes)
Event: 107.140 Thread 0x000000001656b000 nmethod 4614 0x0000000003467710 code [0x0000000003467860, 0x0000000003467bf8]
Event: 107.141 Thread 0x0000000017b76800 4615       3       com.sun.org.apache.xerces.internal.util.XMLAttributesImpl::removeAllAttributes (6 bytes)
Event: 107.141 Thread 0x0000000017b76800 nmethod 4615 0x0000000002cae1d0 code [0x0000000002cae320, 0x0000000002cae470]
Event: 107.141 Thread 0x0000000017b76800 4616       3       com.sun.xml.internal.bind.v2.runtime.unmarshaller.ValidatingUnmarshaller::expectText (2 bytes)
Event: 107.142 Thread 0x0000000017b76800 nmethod 4616 0x0000000002cade50 code [0x0000000002cadfa0, 0x0000000002cae0f0]
Event: 107.167 Thread 0x0000000017b76800 4617       1       com.sun.xml.internal.bind.v2.runtime.unmarshaller.UnmarshallingContext$State::getContext (5 bytes)
Event: 107.167 Thread 0x0000000017b76800 nmethod 4617 0x0000000002d56990 code [0x0000000002d56ae0, 0x0000000002d56bf0]
Event: 107.178 Thread 0x0000000017b76800 4618       3       com.sun.org.apache.xerces.internal.xni.XMLString::<init> (5 bytes)

GC Heap History (10 events):
Event: 40.316 GC heap before
{Heap before GC invocations=10 (full 1):
 PSYoungGen      total 52736K, used 48496K [0x00000000e0000000, 0x00000000e3c80000, 0x0000000100000000)
  eden space 44544K, 100% used [0x00000000e0000000,0x00000000e2b80000,0x00000000e2b80000)
  from space 8192K, 48% used [0x00000000e3480000,0x00000000e385c0a0,0x00000000e3c80000)
  to   space 8704K, 0% used [0x00000000e2b80000,0x00000000e2b80000,0x00000000e3400000)
 ParOldGen       total 39936K, used 7435K [0x00000000a0000000, 0x00000000a2700000, 0x00000000e0000000)
  object space 39936K, 18% used [0x00000000a0000000,0x00000000a0742d78,0x00000000a2700000)
 Metaspace       used 27762K, capacity 28226K, committed 28544K, reserved 1073152K
  class space    used 3866K, capacity 3965K, committed 3968K, reserved 1048576K
Event: 40.362 GC heap after
Heap after GC invocations=10 (full 1):
 PSYoungGen      total 53248K, used 6112K [0x00000000e0000000, 0x00000000e5280000, 0x0000000100000000)
  eden space 44544K, 0% used [0x00000000e0000000,0x00000000e0000000,0x00000000e2b80000)
  from space 8704K, 70% used [0x00000000e2b80000,0x00000000e3178168,0x00000000e3400000)
  to   space 8704K, 0% used [0x00000000e4a00000,0x00000000e4a00000,0x00000000e5280000)
 ParOldGen       total 39936K, used 7443K [0x00000000a0000000, 0x00000000a2700000, 0x00000000e0000000)
  object space 39936K, 18% used [0x00000000a0000000,0x00000000a0744d78,0x00000000a2700000)
 Metaspace       used 27762K, capacity 28226K, committed 28544K, reserved 1073152K
  class space    used 3866K, capacity 3965K, committed 3968K, reserved 1048576K
}
Event: 41.706 GC heap before
{Heap before GC invocations=11 (full 1):
 PSYoungGen      total 53248K, used 50656K [0x00000000e0000000, 0x00000000e5280000, 0x0000000100000000)
  eden space 44544K, 100% used [0x00000000e0000000,0x00000000e2b80000,0x00000000e2b80000)
  from space 8704K, 70% used [0x00000000e2b80000,0x00000000e3178168,0x00000000e3400000)
  to   space 8704K, 0% used [0x00000000e4a00000,0x00000000e4a00000,0x00000000e5280000)
 ParOldGen       total 39936K, used 7443K [0x00000000a0000000, 0x00000000a2700000, 0x00000000e0000000)
  object space 39936K, 18% used [0x00000000a0000000,0x00000000a0744d78,0x00000000a2700000)
 Metaspace       used 28071K, capacity 28506K, committed 28928K, reserved 1075200K
  class space    used 3873K, capacity 3969K, committed 4096K, reserved 1048576K
Event: 41.722 GC heap after
Heap after GC invocations=11 (full 1):
 PSYoungGen      total 73728K, used 1728K [0x00000000e0000000, 0x00000000e5180000, 0x0000000100000000)
  eden space 66048K, 0% used [0x00000000e0000000,0x00000000e0000000,0x00000000e4080000)
  from space 7680K, 22% used [0x00000000e4a00000,0x00000000e4bb0010,0x00000000e5180000)
  to   space 8704K, 0% used [0x00000000e4080000,0x00000000e4080000,0x00000000e4900000)
 ParOldGen       total 39936K, used 9799K [0x00000000a0000000, 0x00000000a2700000, 0x00000000e0000000)
  object space 39936K, 24% used [0x00000000a0000000,0x00000000a0991d98,0x00000000a2700000)
 Metaspace       used 28071K, capacity 28506K, committed 28928K, reserved 1075200K
  class space    used 3873K, capacity 3969K, committed 4096K, reserved 1048576K
}
Event: 53.842 GC heap before
{Heap before GC invocations=12 (full 1):
 PSYoungGen      total 73728K, used 67776K [0x00000000e0000000, 0x00000000e5180000, 0x0000000100000000)
  eden space 66048K, 100% used [0x00000000e0000000,0x00000000e4080000,0x00000000e4080000)
  from space 7680K, 22% used [0x00000000e4a00000,0x00000000e4bb0010,0x00000000e5180000)
  to   space 8704K, 0% used [0x00000000e4080000,0x00000000e4080000,0x00000000e4900000)
 ParOldGen       total 39936K, used 9799K [0x00000000a0000000, 0x00000000a2700000, 0x00000000e0000000)
  object space 39936K, 24% used [0x00000000a0000000,0x00000000a0991d98,0x00000000a2700000)
 Metaspace       used 32851K, capacity 33486K, committed 33920K, reserved 1079296K
  class space    used 4508K, capacity 4698K, committed 4736K, reserved 1048576K
Event: 53.864 GC heap after
Heap after GC invocations=12 (full 1):
 PSYoungGen      total 74752K, used 5843K [0x00000000e0000000, 0x00000000e6e80000, 0x0000000100000000)
  eden space 66048K, 0% used [0x00000000e0000000,0x00000000e0000000,0x00000000e4080000)
  from space 8704K, 67% used [0x00000000e4080000,0x00000000e4634ec8,0x00000000e4900000)
  to   space 8704K, 0% used [0x00000000e6600000,0x00000000e6600000,0x00000000e6e80000)
 ParOldGen       total 39936K, used 10687K [0x00000000a0000000, 0x00000000a2700000, 0x00000000e0000000)
  object space 39936K, 26% used [0x00000000a0000000,0x00000000a0a6fdc0,0x00000000a2700000)
 Metaspace       used 32851K, capacity 33486K, committed 33920K, reserved 1079296K
  class space    used 4508K, capacity 4698K, committed 4736K, reserved 1048576K
}
Event: 56.033 GC heap before
{Heap before GC invocations=13 (full 1):
 PSYoungGen      total 74752K, used 44575K [0x00000000e0000000, 0x00000000e6e80000, 0x0000000100000000)
  eden space 66048K, 58% used [0x00000000e0000000,0x00000000e25d2e88,0x00000000e4080000)
  from space 8704K, 67% used [0x00000000e4080000,0x00000000e4634ec8,0x00000000e4900000)
  to   space 8704K, 0% used [0x00000000e6600000,0x00000000e6600000,0x00000000e6e80000)
 ParOldGen       total 39936K, used 10687K [0x00000000a0000000, 0x00000000a2700000, 0x00000000e0000000)
  object space 39936K, 26% used [0x00000000a0000000,0x00000000a0a6fdc0,0x00000000a2700000)
 Metaspace       used 34442K, capacity 35032K, committed 35456K, reserved 1079296K
  class space    used 4705K, capacity 4865K, committed 4992K, reserved 1048576K
Event: 56.049 GC heap after
Heap after GC invocations=13 (full 1):
 PSYoungGen      total 101376K, used 2813K [0x00000000e0000000, 0x00000000e6d00000, 0x0000000100000000)
  eden space 94208K, 0% used [0x00000000e0000000,0x00000000e0000000,0x00000000e5c00000)
  from space 7168K, 39% used [0x00000000e6600000,0x00000000e68bf4c8,0x00000000e6d00000)
  to   space 8704K, 0% used [0x00000000e5c00000,0x00000000e5c00000,0x00000000e6480000)
 ParOldGen       total 39936K, used 12573K [0x00000000a0000000, 0x00000000a2700000, 0x00000000e0000000)
  object space 39936K, 31% used [0x00000000a0000000,0x00000000a0c47600,0x00000000a2700000)
 Metaspace       used 34442K, capacity 35032K, committed 35456K, reserved 1079296K
  class space    used 4705K, capacity 4865K, committed 4992K, reserved 1048576K
}
Event: 56.049 GC heap before
{Heap before GC invocations=14 (full 2):
 PSYoungGen      total 101376K, used 2813K [0x00000000e0000000, 0x00000000e6d00000, 0x0000000100000000)
  eden space 94208K, 0% used [0x00000000e0000000,0x00000000e0000000,0x00000000e5c00000)
  from space 7168K, 39% used [0x00000000e6600000,0x00000000e68bf4c8,0x00000000e6d00000)
  to   space 8704K, 0% used [0x00000000e5c00000,0x00000000e5c00000,0x00000000e6480000)
 ParOldGen       total 39936K, used 12573K [0x00000000a0000000, 0x00000000a2700000, 0x00000000e0000000)
  object space 39936K, 31% used [0x00000000a0000000,0x00000000a0c47600,0x00000000a2700000)
 Metaspace       used 34442K, capacity 35032K, committed 35456K, reserved 1079296K
  class space    used 4705K, capacity 4865K, committed 4992K, reserved 1048576K
Event: 56.478 GC heap after
Heap after GC invocations=14 (full 2):
 PSYoungGen      total 101376K, used 0K [0x00000000e0000000, 0x00000000e6d00000, 0x0000000100000000)
  eden space 94208K, 0% used [0x00000000e0000000,0x00000000e0000000,0x00000000e5c00000)
  from space 7168K, 0% used [0x00000000e6600000,0x00000000e6600000,0x00000000e6d00000)
  to   space 8704K, 0% used [0x00000000e5c00000,0x00000000e5c00000,0x00000000e6480000)
 ParOldGen       total 58368K, used 14782K [0x00000000a0000000, 0x00000000a3900000, 0x00000000e0000000)
  object space 58368K, 25% used [0x00000000a0000000,0x00000000a0e6f978,0x00000000a3900000)
 Metaspace       used 34442K, capacity 35032K, committed 35456K, reserved 1079296K
  class space    used 4705K, capacity 4865K, committed 4992K, reserved 1048576K
}

Deoptimization events (10 events):
Event: 82.531 Thread 0x0000000017bd5000 Uncommon trap: reason=class_check action=maybe_recompile pc=0x0000000003735554 method=java.util.AbstractList$Itr.hasNext()Z @ 8
Event: 82.531 Thread 0x0000000017bd5000 Uncommon trap: reason=class_check action=maybe_recompile pc=0x0000000003735554 method=java.util.AbstractList$Itr.hasNext()Z @ 8
Event: 86.532 Thread 0x0000000017bd5000 Uncommon trap: reason=class_check action=maybe_recompile pc=0x0000000003056a68 method=java.io.DataInputStream.readUnsignedShort()I @ 4
Event: 86.532 Thread 0x0000000017bd5000 Uncommon trap: reason=class_check action=maybe_recompile pc=0x0000000003056a68 method=java.io.DataInputStream.readUnsignedShort()I @ 4
Event: 86.532 Thread 0x0000000017bd5000 Uncommon trap: reason=class_check action=maybe_recompile pc=0x0000000003056a68 method=java.io.DataInputStream.readUnsignedShort()I @ 4
Event: 86.532 Thread 0x0000000017bd5000 Uncommon trap: reason=class_check action=maybe_recompile pc=0x0000000003056a68 method=java.io.DataInputStream.readUnsignedShort()I @ 4
Event: 102.111 Thread 0x0000000017bd5000 Uncommon trap: reason=class_check action=maybe_recompile pc=0x0000000002e25950 method=java.util.Hashtable.get(Ljava/lang/Object;)Ljava/lang/Object; @ 45
Event: 102.111 Thread 0x0000000017bd5000 Uncommon trap: reason=class_check action=maybe_recompile pc=0x0000000002e25950 method=java.util.Hashtable.get(Ljava/lang/Object;)Ljava/lang/Object; @ 45
Event: 102.134 Thread 0x0000000017bd5000 Uncommon trap: reason=unreached action=reinterpret pc=0x000000000332446c method=java.util.WeakHashMap.remove(Ljava/lang/Object;)Ljava/lang/Object; @ 94
Event: 106.139 Thread 0x0000000017bd5000 Uncommon trap: reason=unloaded action=reinterpret pc=0x00000000035a22dc method=java.lang.Integer.parseInt(Ljava/lang/String;I)I @ 201

Internal exceptions (10 events):
Event: 97.771 Thread 0x0000000017bd5000 Exception <a 'java/security/PrivilegedActionException'> (0x00000000e330e890) thrown at [D:\re\workspace\8-2-build-windows-amd64-cygwin\jdk8u20\1074\hotspot\src\share\vm\prims\jvm.cpp, line 1275]
Event: 97.771 Thread 0x0000000017bd5000 Exception <a 'java/security/PrivilegedActionException'> (0x00000000e330ff60) thrown at [D:\re\workspace\8-2-build-windows-amd64-cygwin\jdk8u20\1074\hotspot\src\share\vm\prims\jvm.cpp, line 1275]
Event: 97.771 Thread 0x0000000017bd5000 Exception <a 'java/security/PrivilegedActionException'> (0x00000000e3312498) thrown at [D:\re\workspace\8-2-build-windows-amd64-cygwin\jdk8u20\1074\hotspot\src\share\vm\prims\jvm.cpp, line 1275]
Event: 97.772 Thread 0x0000000017bd5000 Exception <a 'java/security/PrivilegedActionException'> (0x00000000e3313ba8) thrown at [D:\re\workspace\8-2-build-windows-amd64-cygwin\jdk8u20\1074\hotspot\src\share\vm\prims\jvm.cpp, line 1275]
Event: 97.773 Thread 0x0000000017bd5000 Exception <a 'java/security/PrivilegedActionException'> (0x00000000e331cf00) thrown at [D:\re\workspace\8-2-build-windows-amd64-cygwin\jdk8u20\1074\hotspot\src\share\vm\prims\jvm.cpp, line 1275]
Event: 97.774 Thread 0x0000000017bd5000 Exception <a 'java/security/PrivilegedActionException'> (0x00000000e331e660) thrown at [D:\re\workspace\8-2-build-windows-amd64-cygwin\jdk8u20\1074\hotspot\src\share\vm\prims\jvm.cpp, line 1275]
Event: 97.774 Thread 0x0000000017bd5000 Exception <a 'java/security/PrivilegedActionException'> (0x00000000e3320c78) thrown at [D:\re\workspace\8-2-build-windows-amd64-cygwin\jdk8u20\1074\hotspot\src\share\vm\prims\jvm.cpp, line 1275]
Event: 97.774 Thread 0x0000000017bd5000 Exception <a 'java/security/PrivilegedActionException'> (0x00000000e33223f8) thrown at [D:\re\workspace\8-2-build-windows-amd64-cygwin\jdk8u20\1074\hotspot\src\share\vm\prims\jvm.cpp, line 1275]
Event: 102.683 Thread 0x0000000017bd5000 Exception <a 'java/security/PrivilegedActionException'> (0x00000000e33fede0) thrown at [D:\re\workspace\8-2-build-windows-amd64-cygwin\jdk8u20\1074\hotspot\src\share\vm\prims\jvm.cpp, line 1275]
Event: 102.687 Thread 0x0000000017bd5000 Exception <a 'java/security/PrivilegedActionException'> (0x00000000e3409a10) thrown at [D:\re\workspace\8-2-build-windows-amd64-cygwin\jdk8u20\1074\hotspot\src\share\vm\prims\jvm.cpp, line 1275]

Events (10 events):
Event: 107.142 Thread 0x0000000017b76800 flushing nmethod 0x0000000002d88c90
Event: 107.142 Thread 0x0000000017b76800 flushing nmethod 0x0000000002d8a090
Event: 107.142 Thread 0x0000000017b76800 flushing nmethod 0x0000000002d9abd0
Event: 107.167 Thread 0x0000000017b76800 flushing nmethod 0x0000000002ded750
Event: 107.168 Thread 0x0000000017b76800 flushing nmethod 0x0000000002e21850
Event: 107.168 Thread 0x0000000017b76800 flushing nmethod 0x0000000002e2fa90
Event: 107.168 Thread 0x0000000017b76800 flushing nmethod 0x0000000002e2fe10
Event: 107.168 Thread 0x0000000017b76800 flushing nmethod 0x0000000002e355d0
Event: 107.168 Thread 0x0000000017b76800 flushing nmethod 0x0000000002e37750
Event: 107.168 Thread 0x0000000017b76800 flushing nmethod 0x0000000002e518d0


Dynamic libraries:
0x00007ff7e1b30000 - 0x00007ff7e1b64000 	D:\java\jdk1.8.0_20\bin\java.exe
0x00007ff990f70000 - 0x00007ff991131000 	C:\WINDOWS\SYSTEM32\ntdll.dll
0x00007ff98f8b0000 - 0x00007ff98f95d000 	C:\WINDOWS\system32\KERNEL32.DLL
0x00007ff98d730000 - 0x00007ff98d918000 	C:\WINDOWS\system32\KERNELBASE.dll
0x00007ff990850000 - 0x00007ff9908f7000 	C:\WINDOWS\system32\ADVAPI32.dll
0x00007ff990c30000 - 0x00007ff990ccd000 	C:\WINDOWS\system32\msvcrt.dll
0x00007ff990bd0000 - 0x00007ff990c2b000 	C:\WINDOWS\system32\sechost.dll
0x00007ff990900000 - 0x00007ff990a1c000 	C:\WINDOWS\system32\RPCRT4.dll
0x00007ff98fe80000 - 0x00007ff98ffd6000 	C:\WINDOWS\system32\USER32.dll
0x00007ff990cd0000 - 0x00007ff990e56000 	C:\WINDOWS\system32\GDI32.dll
0x00007ff988990000 - 0x00007ff988c04000 	C:\WINDOWS\WinSxS\amd64_microsoft.windows.common-controls_6595b64144ccf1df_6.0.10586.672_none_a2d6b3cea53ff843\COMCTL32.dll
0x00007ff98fa40000 - 0x00007ff98fcbd000 	C:\WINDOWS\system32\combase.dll
0x00007ff98daf0000 - 0x00007ff98db5a000 	C:\WINDOWS\system32\bcryptPrimitives.dll
0x00007ff98fe30000 - 0x00007ff98fe6b000 	C:\WINDOWS\system32\IMM32.DLL
0x00007ff98d460000 - 0x00007ff98d491000 	C:\Windows\system32\nvinitx.dll
0x00007ff98d450000 - 0x00007ff98d45a000 	C:\WINDOWS\SYSTEM32\VERSION.dll
0x000000005de00000 - 0x000000005ded2000 	D:\java\jdk1.8.0_20\jre\bin\msvcr100.dll
0x000000005d5a0000 - 0x000000005ddf8000 	D:\java\jdk1.8.0_20\jre\bin\server\jvm.dll
0x00007ff98fe70000 - 0x00007ff98fe78000 	C:\WINDOWS\system32\PSAPI.DLL
0x00007ff982d40000 - 0x00007ff982d49000 	C:\WINDOWS\SYSTEM32\WSOCK32.dll
0x00007ff9907b0000 - 0x00007ff99081b000 	C:\WINDOWS\system32\WS2_32.dll
0x00007ff98b770000 - 0x00007ff98b793000 	C:\WINDOWS\SYSTEM32\WINMM.dll
0x00007ff98b490000 - 0x00007ff98b4bc000 	C:\WINDOWS\SYSTEM32\WINMMBASE.dll
0x00007ff98d6e0000 - 0x00007ff98d723000 	C:\WINDOWS\system32\cfgmgr32.dll
0x000000005d590000 - 0x000000005d59f000 	D:\java\jdk1.8.0_20\jre\bin\verify.dll
0x000000005d560000 - 0x000000005d588000 	D:\java\jdk1.8.0_20\jre\bin\java.dll
0x000000005d540000 - 0x000000005d556000 	D:\java\jdk1.8.0_20\jre\bin\zip.dll
0x00007ff98e350000 - 0x00007ff98f8ac000 	C:\WINDOWS\system32\SHELL32.dll
0x00007ff98dca0000 - 0x00007ff98e2e5000 	C:\WINDOWS\system32\windows.storage.dll
0x00007ff98fdd0000 - 0x00007ff98fe22000 	C:\WINDOWS\system32\shlwapi.dll
0x00007ff98d5f0000 - 0x00007ff98d5ff000 	C:\WINDOWS\system32\kernel.appcore.dll
0x00007ff98d620000 - 0x00007ff98d6d5000 	C:\WINDOWS\system32\shcore.dll
0x00007ff98d570000 - 0x00007ff98d5bb000 	C:\WINDOWS\system32\powrprof.dll
0x00007ff98d5d0000 - 0x00007ff98d5e4000 	C:\WINDOWS\system32\profapi.dll
0x000000005d520000 - 0x000000005d53a000 	D:\java\jdk1.8.0_20\jre\bin\net.dll
0x00007ff98cdf0000 - 0x00007ff98ce4c000 	C:\WINDOWS\system32\mswsock.dll
0x000000005d500000 - 0x000000005d511000 	D:\java\jdk1.8.0_20\jre\bin\nio.dll
0x00007ff9770d0000 - 0x00007ff9770e2000 	C:\Users\Administrator\.gradle\native\19\windows-amd64\native-platform.dll
0x00007ff98cea0000 - 0x00007ff98ceb7000 	C:\WINDOWS\SYSTEM32\CRYPTSP.dll
0x00007ff98cb30000 - 0x00007ff98cb64000 	C:\WINDOWS\system32\rsaenh.dll
0x00007ff98d4a0000 - 0x00007ff98d4c9000 	C:\WINDOWS\SYSTEM32\bcrypt.dll
0x00007ff98cc80000 - 0x00007ff98cc9f000 	C:\WINDOWS\SYSTEM32\USERENV.dll
0x00007ff98cfc0000 - 0x00007ff98cfcb000 	C:\WINDOWS\SYSTEM32\CRYPTBASE.dll
0x00007ff98a160000 - 0x00007ff98a198000 	C:\WINDOWS\SYSTEM32\IPHLPAPI.DLL
0x00007ff990820000 - 0x00007ff990828000 	C:\WINDOWS\system32\NSI.dll
0x00007ff9851d0000 - 0x00007ff9851e6000 	C:\WINDOWS\SYSTEM32\dhcpcsvc6.DLL
0x00007ff9851b0000 - 0x00007ff9851ca000 	C:\WINDOWS\SYSTEM32\dhcpcsvc.DLL
0x000000005d370000 - 0x000000005d37d000 	D:\java\jdk1.8.0_20\jre\bin\management.dll
0x00007ff97f120000 - 0x00007ff97f2ac000 	C:\WINDOWS\SYSTEM32\dbghelp.dll

VM Arguments:
jvm_args: -Xmx1536m -Dfile.encoding=GBK -Duser.country=CN -Duser.language=zh -Duser.variant 
java_command: org.gradle.launcher.daemon.bootstrap.GradleDaemon 2.14.1
java_class_path (initial): D:\andriodStduio\install\gradle\gradle-2.14.1\lib\gradle-launcher-2.14.1.jar
Launcher Type: SUN_STANDARD

Environment Variables:
JAVA_HOME=D:\java\jdk1.8.0_20
CLASSPATH=.;D:\java\jdk1.8.0_20\lib\dt.jar;D:\java\jdk1.8.0_20\lib\tools.jar;D:\apache-tomcat-7.0.65-windows-x64\apache-tomcat-7.0.65\lib\servlet-api.jar;D:\apache-tomcat-7.0.65-windows-x64\apache-tomcat-7.0.65\lib\jsp-api.jar;D:\eclipse_javaEE\lib\Aspectj\install\lib\aspectjrt.jar
PATH=C:\ProgramData\Oracle\Java\javapath;D:\java\jdk1.8.0_20\bin;D:\java\jdk1.8.0_20\jre\binC:\WINDOWS\system32;C:\WINDOWS;C:\WINDOWS\System32\Wbem;C:\WINDOWS\System32\WindowsPowerShell\v1.0\;C:\Program Files\Microsoft SQL Server\110\Tools\Binn\;C:\Program Files (x86)\Microsoft SDKs\TypeScript\1.0\;D:\MATLAB\bin\win32;C:\Windows\System32;C:\Program Files\Intel\WiFi\bin\;C:\Program Files\Common Files\Intel\WirelessCommon\;D:\java\jdk1.8.0_20\bin;D:\;amp\wamp\bin\mysql\mysql5.5.20\bin;D:\python2.7.10\install;D:\wamp\wamp\bin\mysql\mysql5.5.20\bin;D:\python2.7.10\install\Scripts;C:\mongodb\bin;D:\nodejs\nvmw;D:\nodejs\nvmw\v4.2.1;D:\svn\bin;D:\scala\install\bin;D:\sbt\install\\bin;D:\sbt\install\bin;D:\git\Git\bin;D:\ant\apache-ant-1.9.6/bin;D:\curl;D:\wamp\wamp\bin\php\php5.3.10;D:\wamp\wamp\bin\php\php5.5.12;C:\ProgramData\ComposerSetup\bin;C:\Users\Administrator\AppData\Roaming\Composer\Vendor\bin;D:\OCR\install\Tesseract-OCR;C:\WINDOWS\system32;C:\Program Files (x86)\Windows Kits\10\Windows Performance Toolkit\;D:\makeForWin\GnuWin32\bin;D:\eclipse_javaEE\lib\Aspectj\install\bin;D:\maven\apache-maven-3.3.9\bin;D:\php\php-5.6.21-Win32-VC11-x64;D:\php\php-5.6.21-Win32-VC11-x64\ext;D:\mysql\mysql-5.6.24-winx64\bin;D:\nodejs\nvmw\v6.2.0\;D:\andriodStduio\sdk\tools;D:\andriodStduio\sdk\platform-tools;D:\openVPN\install\OpenVPN\bin;D:\nmap\nmap-7.31;D:\cocos2d-x\templates;D:\cocos2d-x\tools\cocos2d-console\bin;C:\Program Files\Intel\WiFi\bin\;C:\Program Files\Common Files\Intel\WirelessCommon\;C:\Users\Administrator\AppData\Roaming\npm
USERNAME=Administrator
OS=Windows_NT
PROCESSOR_IDENTIFIER=Intel64 Family 6 Model 58 Stepping 9, GenuineIntel



---------------  S Y S T E M  ---------------

OS: Windows 8.1 , 64 bit Build 9600 

CPU:total 4 (2 cores per cpu, 2 threads per core) family 6 model 58 stepping 9, cmov, cx8, fxsr, mmx, sse, sse2, sse3, ssse3, sse4.1, sse4.2, popcnt, avx, aes, clmul, erms, ht, tsc, tscinvbit, tscinv

Memory: 4k page, physical 6148232k(1535988k free), swap 6512484k(3100k free)

vm_info: Java HotSpot(TM) 64-Bit Server VM (25.20-b23) for windows-amd64 JRE (1.8.0_20-b26), built on Jul 30 2014 13:51:23 by "java_re" with MS VC++ 10.0 (VS2010)

time: Fri Dec 09 23:13:45 2016
elapsed time: 107 seconds (0d 0h 1m 47s)

