#
# There is insufficient memory for the Java Runtime Environment to continue.
# Native memory allocation (malloc) failed to allocate 1052656 bytes for Chunk::new
# Possible reasons:
#   The system is out of physical RAM or swap space
#   In 32 bit mode, the process size limit was hit
# Possible solutions:
#   Reduce memory load on the system
#   Increase physical memory or swap space
#   Check if swap backing store is full
#   Use 64 bit Java on a 64 bit OS
#   Decrease Java heap size (-Xmx/-Xms)
#   Decrease number of Java threads
#   Decrease Java thread stack sizes (-Xss)
#   Set larger code cache with -XX:ReservedCodeCacheSize=
# This output file may be truncated or incomplete.
#
#  Out of Memory Error (allocation.cpp:390), pid=768, tid=9896
#
# JRE version: Java(TM) SE Runtime Environment (8.0_20-b26) (build 1.8.0_20-b26)
# Java VM: Java HotSpot(TM) 64-Bit Server VM (25.20-b23 mixed mode windows-amd64 compressed oops)
# Failed to write core dump. Minidumps are not enabled by default on client versions of Windows
#

---------------  T H R E A D  ---------------

Current thread (0x00000000162cc000):  JavaThread "C2 CompilerThread0" daemon [_thread_in_native, id=9896, stack(0x00000000177f0000,0x00000000178f0000)]

Stack: [0x00000000177f0000,0x00000000178f0000]
Native frames: (J=compiled Java code, j=interpreted, Vv=VM code, C=native code)
V  [jvm.dll+0x3152fa]
V  [jvm.dll+0x265d03]
V  [jvm.dll+0x266943]
V  [jvm.dll+0x25e265]
V  [jvm.dll+0xbe255]
V  [jvm.dll+0xbe6fc]
V  [jvm.dll+0x477e2c]
V  [jvm.dll+0x444fab]
V  [jvm.dll+0x4500de]
V  [jvm.dll+0x4526c8]
V  [jvm.dll+0x435fc2]
V  [jvm.dll+0x97b62]
V  [jvm.dll+0x98353]
V  [jvm.dll+0x22aac4]
V  [jvm.dll+0x283f5a]
C  [msvcr100.dll+0x21d9f]
C  [msvcr100.dll+0x21e3b]
C  [KERNEL32.DLL+0x18102]
C  [ntdll.dll+0x5c5b4]


Current CompileTask:
C2:2392843 20906       4       com.android.utils.XmlUtils::append (540 bytes)


---------------  P R O C E S S  ---------------

Java Threads: ( => current thread )
  0x000000001b3d7000 JavaThread "Forward streams with process: command 'D:\andriodStduio\sdk\build-tools\25.0.0\aapt.exe' Thread 3" [_thread_in_native, id=5328, stack(0x000000002eb30000,0x000000002ec30000)]
  0x000000001b3d6000 JavaThread "Forward streams with process: command 'D:\andriodStduio\sdk\build-tools\25.0.0\aapt.exe' Thread 2" [_thread_in_native, id=7204, stack(0x000000002ea30000,0x000000002eb30000)]
  0x000000001b3d3000 JavaThread "Forward streams with process: command 'D:\andriodStduio\sdk\build-tools\25.0.0\aapt.exe'" [_thread_blocked, id=13036, stack(0x000000002e930000,0x000000002ea30000)]
  0x000000001b3d5800 JavaThread "Run command 'D:\andriodStduio\sdk\build-tools\25.0.0\aapt.exe'" [_thread_in_native, id=6064, stack(0x000000002e730000,0x000000002e830000)]
  0x000000001b3d4000 JavaThread "Thread-161" [_thread_blocked, id=10676, stack(0x000000002e630000,0x000000002e730000)]
  0x000000001b3d2000 JavaThread "pool-70-thread-1" [_thread_blocked, id=12724, stack(0x000000002e530000,0x000000002e630000)]
  0x000000001b3cb800 JavaThread "Stdin handler" [_thread_blocked, id=13232, stack(0x000000002e430000,0x000000002e530000)]
  0x000000001b3d0800 JavaThread "Asynchronous log dispatcher for org.gradle.launcher.daemon.server.DefaultDaemonConnection@37e2a991" [_thread_blocked, id=12040, stack(0x000000002e330000,0x000000002e430000)]
  0x000000001b3ce800 JavaThread "Daemon worker Thread 12" [_thread_blocked, id=12868, stack(0x000000002e230000,0x000000002e330000)]
  0x000000001b3cd800 JavaThread "Cancel handler" [_thread_blocked, id=11452, stack(0x000000002e130000,0x000000002e230000)]
  0x000000001b3cf000 JavaThread "Handler for socket connection from /127.0.0.1:49469 to /127.0.0.1:64959" [_thread_in_native, id=12244, stack(0x000000002e030000,0x000000002e130000)]
  0x000000001b3cc000 JavaThread "Daemon Thread 12" [_thread_blocked, id=5452, stack(0x000000002df30000,0x000000002e030000)]
  0x000000001c3c5000 JavaThread "pool-33-thread-4" [_thread_blocked, id=5916, stack(0x000000002bf30000,0x000000002c030000)]
  0x000000001c3c4000 JavaThread "pool-33-thread-3" [_thread_blocked, id=3172, stack(0x000000002be30000,0x000000002bf30000)]
  0x000000001c3c3800 JavaThread "pool-33-thread-2" [_thread_blocked, id=6900, stack(0x000000002bd30000,0x000000002be30000)]
  0x000000001c3c2000 JavaThread "pool-33-thread-1" [_thread_blocked, id=9008, stack(0x0000000026b30000,0x0000000026c30000)]
  0x000000001ab88800 JavaThread "pool-2-thread-1" [_thread_blocked, id=13148, stack(0x000000001e2d0000,0x000000001e3d0000)]
  0x000000001ab8a000 JavaThread "File lock request listener" [_thread_in_native, id=9172, stack(0x000000001a9a0000,0x000000001aaa0000)]
  0x0000000018e69800 JavaThread "Incoming local TCP Connector on port 49469" [_thread_in_native, id=5980, stack(0x0000000019c40000,0x0000000019d40000)]
  0x0000000018d1b800 JavaThread "pool-1-thread-1" [_thread_blocked, id=6632, stack(0x0000000019940000,0x0000000019a40000)]
  0x000000001796b000 JavaThread "Service Thread" daemon [_thread_blocked, id=13116, stack(0x0000000017ef0000,0x0000000017ff0000)]
  0x00000000178f4000 JavaThread "C1 CompilerThread2" daemon [_thread_blocked, id=1148, stack(0x0000000017df0000,0x0000000017ef0000)]
  0x00000000162ce000 JavaThread "C2 CompilerThread1" daemon [_thread_in_native, id=6088, stack(0x0000000017cf0000,0x0000000017df0000)]
=>0x00000000162cc000 JavaThread "C2 CompilerThread0" daemon [_thread_in_native, id=9896, stack(0x00000000177f0000,0x00000000178f0000)]
  0x0000000016280000 JavaThread "Attach Listener" daemon [_thread_blocked, id=7052, stack(0x00000000176f0000,0x00000000177f0000)]
  0x000000001627f000 JavaThread "Signal Dispatcher" daemon [_thread_blocked, id=11012, stack(0x00000000175f0000,0x00000000176f0000)]
  0x00000000028f6000 JavaThread "Finalizer" daemon [_thread_blocked, id=12856, stack(0x00000000174c0000,0x00000000175c0000)]
  0x00000000028ec000 JavaThread "Reference Handler" daemon [_thread_blocked, id=8976, stack(0x00000000173c0000,0x00000000174c0000)]
  0x000000000075d800 JavaThread "main" [_thread_blocked, id=11872, stack(0x0000000002700000,0x0000000002800000)]

Other Threads:
  0x0000000016235000 VMThread [stack: 0x00000000172c0000,0x00000000173c0000] [id=11028]
  0x000000001796f800 WatcherThread [stack: 0x0000000017ff0000,0x00000000180f0000] [id=11432]

VM state:not at safepoint (normal execution)

VM Mutex/Monitor currently owned by a thread: None

Heap:
 PSYoungGen      total 410112K, used 352800K [0x00000000e0000000, 0x00000000fb600000, 0x0000000100000000)
  eden space 374784K, 94% used [0x00000000e0000000,0x00000000f5888050,0x00000000f6e00000)
  from space 35328K, 0% used [0x00000000f9380000,0x00000000f9380000,0x00000000fb600000)
  to   space 36864K, 0% used [0x00000000f6e00000,0x00000000f6e00000,0x00000000f9200000)
 ParOldGen       total 139776K, used 56869K [0x00000000a0000000, 0x00000000a8880000, 0x00000000e0000000)
  object space 139776K, 40% used [0x00000000a0000000,0x00000000a37894a0,0x00000000a8880000)
 Metaspace       used 76997K, capacity 82268K, committed 82816K, reserved 1122304K
  class space    used 10002K, capacity 10779K, committed 10880K, reserved 1048576K

Card table byte_map: [0x0000000011cc0000,0x0000000011fd0000] byte_map_base: 0x00000000117c0000

Marking Bits: (ParMarkBitMap*) 0x000000006081b460
 Begin Bits: [0x00000000125d0000, 0x0000000013dd0000)
 End Bits:   [0x0000000013dd0000, 0x00000000155d0000)

Polling page: 0x0000000000740000

CodeCache: size=245760Kb used=54935Kb max_used=55848Kb free=190824Kb
 bounds [0x0000000002900000, 0x0000000006030000, 0x0000000011900000]
 total_blobs=16312 nmethods=15556 adapters=666
 compilation: enabled

Compilation events (10 events):
Event: 2391.478 Thread 0x00000000178f4000 20901       3       com.google.common.cache.LocalCache$1::get (2 bytes)
Event: 2391.478 Thread 0x00000000178f4000 nmethod 20901 0x0000000004f8f150 code [0x0000000004f8f2a0, 0x0000000004f8f3f0]
Event: 2391.478 Thread 0x00000000178f4000 20902       3       com.google.common.cache.LocalCache$LoadingValueReference::set (9 bytes)
Event: 2391.479 Thread 0x00000000178f4000 nmethod 20902 0x0000000003516510 code [0x00000000035166a0, 0x0000000003516b78]
Event: 2391.644 Thread 0x00000000178f4000 20907       2       org.gradle.cache.internal.btree.FreeListBlockStore$FreeListBlock::read (83 bytes)
Event: 2391.645 Thread 0x00000000178f4000 nmethod 20907 0x0000000003e42ad0 code [0x0000000003e42c80, 0x0000000003e430b8]
Event: 2391.693 Thread 0x00000000178f4000 20908       1       com.android.build.gradle.internal.incremental.InstantRunBuildContext::isInInstantRunMode (5 bytes)
Event: 2391.694 Thread 0x00000000178f4000 nmethod 20908 0x0000000004f7bc50 code [0x0000000004f7bda0, 0x0000000004f7beb0]
Event: 2392.084 Thread 0x00000000162cc000 nmethod 20892 0x00000000058af810 code [0x00000000058afd60, 0x00000000058b3270]
Event: 2392.084 Thread 0x00000000162cc000 20906       4       com.android.utils.XmlUtils::append (540 bytes)

GC Heap History (10 events):
Event: 1768.092 GC heap before
{Heap before GC invocations=45 (full 11):
 PSYoungGen      total 351232K, used 23409K [0x00000000e0000000, 0x00000000f8000000, 0x0000000100000000)
  eden space 320000K, 0% used [0x00000000e0000000,0x00000000e0000000,0x00000000f3880000)
  from space 31232K, 74% used [0x00000000f5a80000,0x00000000f715c560,0x00000000f7900000)
  to   space 34816K, 0% used [0x00000000f3880000,0x00000000f3880000,0x00000000f5a80000)
 ParOldGen       total 68096K, used 39025K [0x00000000a0000000, 0x00000000a4280000, 0x00000000e0000000)
  object space 68096K, 57% used [0x00000000a0000000,0x00000000a261c4b0,0x00000000a4280000)
 Metaspace       used 73954K, capacity 77922K, committed 77952K, reserved 1116160K
  class space    used 9717K, capacity 10353K, committed 10368K, reserved 1048576K
Event: 1769.031 GC heap after
Heap after GC invocations=45 (full 11):
 PSYoungGen      total 351232K, used 0K [0x00000000e0000000, 0x00000000f8000000, 0x0000000100000000)
  eden space 320000K, 0% used [0x00000000e0000000,0x00000000e0000000,0x00000000f3880000)
  from space 31232K, 0% used [0x00000000f5a80000,0x00000000f5a80000,0x00000000f7900000)
  to   space 34816K, 0% used [0x00000000f3880000,0x00000000f3880000,0x00000000f5a80000)
 ParOldGen       total 68096K, used 57179K [0x00000000a0000000, 0x00000000a4280000, 0x00000000e0000000)
  object space 68096K, 83% used [0x00000000a0000000,0x00000000a37d6e58,0x00000000a4280000)
 Metaspace       used 73856K, capacity 77774K, committed 77952K, reserved 1116160K
  class space    used 9699K, capacity 10326K, committed 10368K, reserved 1048576K
}
Event: 2247.091 GC heap before
{Heap before GC invocations=46 (full 12):
 PSYoungGen      total 351232K, used 320000K [0x00000000e0000000, 0x00000000f8000000, 0x0000000100000000)
  eden space 320000K, 100% used [0x00000000e0000000,0x00000000f3880000,0x00000000f3880000)
  from space 31232K, 0% used [0x00000000f5a80000,0x00000000f5a80000,0x00000000f7900000)
  to   space 34816K, 0% used [0x00000000f3880000,0x00000000f3880000,0x00000000f5a80000)
 ParOldGen       total 68096K, used 57179K [0x00000000a0000000, 0x00000000a4280000, 0x00000000e0000000)
  object space 68096K, 83% used [0x00000000a0000000,0x00000000a37d6e58,0x00000000a4280000)
 Metaspace       used 74667K, capacity 78776K, committed 78848K, reserved 1118208K
  class space    used 9791K, capacity 10435K, committed 10496K, reserved 1048576K
Event: 2247.486 GC heap after
Heap after GC invocations=46 (full 12):
 PSYoungGen      total 351232K, used 0K [0x00000000e0000000, 0x00000000f8000000, 0x0000000100000000)
  eden space 320000K, 0% used [0x00000000e0000000,0x00000000e0000000,0x00000000f3880000)
  from space 31232K, 0% used [0x00000000f5a80000,0x00000000f5a80000,0x00000000f7900000)
  to   space 34816K, 0% used [0x00000000f3880000,0x00000000f3880000,0x00000000f5a80000)
 ParOldGen       total 139776K, used 65220K [0x00000000a0000000, 0x00000000a8880000, 0x00000000e0000000)
  object space 139776K, 46% used [0x00000000a0000000,0x00000000a3fb1238,0x00000000a8880000)
 Metaspace       used 74667K, capacity 78776K, committed 78848K, reserved 1118208K
  class space    used 9791K, capacity 10435K, committed 10496K, reserved 1048576K
}
Event: 2256.316 GC heap before
{Heap before GC invocations=47 (full 12):
 PSYoungGen      total 351232K, used 320000K [0x00000000e0000000, 0x00000000f8000000, 0x0000000100000000)
  eden space 320000K, 100% used [0x00000000e0000000,0x00000000f3880000,0x00000000f3880000)
  from space 31232K, 0% used [0x00000000f5a80000,0x00000000f5a80000,0x00000000f7900000)
  to   space 34816K, 0% used [0x00000000f3880000,0x00000000f3880000,0x00000000f5a80000)
 ParOldGen       total 139776K, used 65220K [0x00000000a0000000, 0x00000000a8880000, 0x00000000e0000000)
  object space 139776K, 46% used [0x00000000a0000000,0x00000000a3fb1238,0x00000000a8880000)
 Metaspace       used 76407K, capacity 80528K, committed 80768K, reserved 1120256K
  class space    used 9892K, capacity 10551K, committed 10624K, reserved 1048576K
Event: 2256.375 GC heap after
Heap after GC invocations=47 (full 12):
 PSYoungGen      total 354816K, used 26493K [0x00000000e0000000, 0x00000000fb900000, 0x0000000100000000)
  eden space 320000K, 0% used [0x00000000e0000000,0x00000000e0000000,0x00000000f3880000)
  from space 34816K, 76% used [0x00000000f3880000,0x00000000f525f450,0x00000000f5a80000)
  to   space 38400K, 0% used [0x00000000f9380000,0x00000000f9380000,0x00000000fb900000)
 ParOldGen       total 139776K, used 65228K [0x00000000a0000000, 0x00000000a8880000, 0x00000000e0000000)
  object space 139776K, 46% used [0x00000000a0000000,0x00000000a3fb3238,0x00000000a8880000)
 Metaspace       used 76407K, capacity 80528K, committed 80768K, reserved 1120256K
  class space    used 9892K, capacity 10551K, committed 10624K, reserved 1048576K
}
Event: 2260.486 GC heap before
{Heap before GC invocations=48 (full 12):
 PSYoungGen      total 354816K, used 328313K [0x00000000e0000000, 0x00000000fb900000, 0x0000000100000000)
  eden space 320000K, 94% used [0x00000000e0000000,0x00000000f26bf000,0x00000000f3880000)
  from space 34816K, 76% used [0x00000000f3880000,0x00000000f525f450,0x00000000f5a80000)
  to   space 38400K, 0% used [0x00000000f9380000,0x00000000f9380000,0x00000000fb900000)
 ParOldGen       total 139776K, used 65228K [0x00000000a0000000, 0x00000000a8880000, 0x00000000e0000000)
  object space 139776K, 46% used [0x00000000a0000000,0x00000000a3fb3238,0x00000000a8880000)
 Metaspace       used 76755K, capacity 80914K, committed 81024K, reserved 1120256K
  class space    used 9895K, capacity 10552K, committed 10624K, reserved 1048576K
Event: 2260.501 GC heap after
Heap after GC invocations=48 (full 12):
 PSYoungGen      total 410112K, used 4803K [0x00000000e0000000, 0x00000000fb600000, 0x0000000100000000)
  eden space 374784K, 0% used [0x00000000e0000000,0x00000000e0000000,0x00000000f6e00000)
  from space 35328K, 13% used [0x00000000f9380000,0x00000000f9830e70,0x00000000fb600000)
  to   space 36864K, 0% used [0x00000000f6e00000,0x00000000f6e00000,0x00000000f9200000)
 ParOldGen       total 139776K, used 66531K [0x00000000a0000000, 0x00000000a8880000, 0x00000000e0000000)
  object space 139776K, 47% used [0x00000000a0000000,0x00000000a40f8fd0,0x00000000a8880000)
 Metaspace       used 76755K, capacity 80914K, committed 81024K, reserved 1120256K
  class space    used 9895K, capacity 10552K, committed 10624K, reserved 1048576K
}
Event: 2260.501 GC heap before
{Heap before GC invocations=49 (full 13):
 PSYoungGen      total 410112K, used 4803K [0x00000000e0000000, 0x00000000fb600000, 0x0000000100000000)
  eden space 374784K, 0% used [0x00000000e0000000,0x00000000e0000000,0x00000000f6e00000)
  from space 35328K, 13% used [0x00000000f9380000,0x00000000f9830e70,0x00000000fb600000)
  to   space 36864K, 0% used [0x00000000f6e00000,0x00000000f6e00000,0x00000000f9200000)
 ParOldGen       total 139776K, used 66531K [0x00000000a0000000, 0x00000000a8880000, 0x00000000e0000000)
  object space 139776K, 47% used [0x00000000a0000000,0x00000000a40f8fd0,0x00000000a8880000)
 Metaspace       used 76755K, capacity 80914K, committed 81024K, reserved 1120256K
  class space    used 9895K, capacity 10552K, committed 10624K, reserved 1048576K
Event: 2261.625 GC heap after
Heap after GC invocations=49 (full 13):
 PSYoungGen      total 410112K, used 0K [0x00000000e0000000, 0x00000000fb600000, 0x0000000100000000)
  eden space 374784K, 0% used [0x00000000e0000000,0x00000000e0000000,0x00000000f6e00000)
  from space 35328K, 0% used [0x00000000f9380000,0x00000000f9380000,0x00000000fb600000)
  to   space 36864K, 0% used [0x00000000f6e00000,0x00000000f6e00000,0x00000000f9200000)
 ParOldGen       total 139776K, used 56869K [0x00000000a0000000, 0x00000000a8880000, 0x00000000e0000000)
  object space 139776K, 40% used [0x00000000a0000000,0x00000000a37894a0,0x00000000a8880000)
 Metaspace       used 76128K, capacity 80246K, committed 81024K, reserved 1120256K
  class space    used 9826K, capacity 10476K, committed 10624K, reserved 1048576K
}

Deoptimization events (10 events):
Event: 2305.116 Thread 0x000000001c3bf800 Uncommon trap: reason=bimorphic action=maybe_recompile pc=0x0000000005631478 method=sun.reflect.DelegatingConstructorAccessorImpl.newInstance([Ljava/lang/Object;)Ljava/lang/Object; @ 5
Event: 2307.546 Thread 0x000000001c3bf800 Uncommon trap: reason=class_check action=maybe_recompile pc=0x00000000056ad0a0 method=com.sun.org.apache.xerces.internal.dom.NamedNodeMapImpl.getNamedItemNS(Ljava/lang/String;Ljava/lang/String;)Lorg/w3c/dom/Node; @ 28
Event: 2307.546 Thread 0x000000001c3bf800 Uncommon trap: reason=class_check action=maybe_recompile pc=0x00000000056ad0a0 method=com.sun.org.apache.xerces.internal.dom.NamedNodeMapImpl.getNamedItemNS(Ljava/lang/String;Ljava/lang/String;)Lorg/w3c/dom/Node; @ 28
Event: 2307.546 Thread 0x000000001c3bf800 Uncommon trap: reason=class_check action=maybe_recompile pc=0x00000000056ad0a0 method=com.sun.org.apache.xerces.internal.dom.NamedNodeMapImpl.getNamedItemNS(Ljava/lang/String;Ljava/lang/String;)Lorg/w3c/dom/Node; @ 28
Event: 2307.553 Thread 0x000000001c3bf800 Uncommon trap: reason=class_check action=maybe_recompile pc=0x00000000056ad0a0 method=com.sun.org.apache.xerces.internal.dom.NamedNodeMapImpl.getNamedItemNS(Ljava/lang/String;Ljava/lang/String;)Lorg/w3c/dom/Node; @ 28
Event: 2307.580 Thread 0x000000001c3bf800 Uncommon trap: reason=class_check action=maybe_recompile pc=0x0000000005682bfc method=com.sun.org.apache.xerces.internal.impl.XMLDocumentFragmentScannerImpl.scanDocument(Z)Z @ 147
Event: 2307.623 Thread 0x000000001c3bf800 Uncommon trap: reason=unreached action=reinterpret pc=0x00000000056eb768 method=com.sun.org.apache.xerces.internal.dom.ParentNode.nodeListItem(I)Lorg/w3c/dom/Node; @ 15
Event: 2307.623 Thread 0x000000001c3bf800 Uncommon trap: reason=unreached action=reinterpret pc=0x0000000004125a80 method=com.sun.org.apache.xerces.internal.dom.ParentNode.nodeListItem(I)Lorg/w3c/dom/Node; @ 15
Event: 2307.624 Thread 0x000000001c3bf800 Uncommon trap: reason=unreached action=reinterpret pc=0x00000000056eb768 method=com.sun.org.apache.xerces.internal.dom.ParentNode.nodeListItem(I)Lorg/w3c/dom/Node; @ 15
Event: 2307.624 Thread 0x000000001c3bf800 Uncommon trap: reason=unreached action=reinterpret pc=0x0000000004129340 method=com.sun.org.apache.xerces.internal.dom.ParentNode.nodeListItem(I)Lorg/w3c/dom/Node; @ 15

Internal exceptions (10 events):
Event: 2388.696 Thread 0x000000001b3ce800 Exception <a 'java/security/PrivilegedActionException'> (0x00000000ec93b150) thrown at [D:\re\workspace\8-2-build-windows-amd64-cygwin\jdk8u20\1074\hotspot\src\share\vm\prims\jvm.cpp, line 1275]
Event: 2388.696 Thread 0x000000001b3ce800 Exception <a 'java/security/PrivilegedActionException'> (0x00000000ec93c240) thrown at [D:\re\workspace\8-2-build-windows-amd64-cygwin\jdk8u20\1074\hotspot\src\share\vm\prims\jvm.cpp, line 1275]
Event: 2388.696 Thread 0x000000001b3ce800 Exception <a 'java/security/PrivilegedActionException'> (0x00000000ec944f28) thrown at [D:\re\workspace\8-2-build-windows-amd64-cygwin\jdk8u20\1074\hotspot\src\share\vm\prims\jvm.cpp, line 1275]
Event: 2388.697 Thread 0x000000001b3ce800 Exception <a 'java/security/PrivilegedActionException'> (0x00000000ec948f40) thrown at [D:\re\workspace\8-2-build-windows-amd64-cygwin\jdk8u20\1074\hotspot\src\share\vm\prims\jvm.cpp, line 1275]
Event: 2388.702 Thread 0x000000001b3ce800 Exception <a 'java/security/PrivilegedActionException'> (0x00000000ec94e5d8) thrown at [D:\re\workspace\8-2-build-windows-amd64-cygwin\jdk8u20\1074\hotspot\src\share\vm\prims\jvm.cpp, line 1275]
Event: 2388.702 Thread 0x000000001b3ce800 Exception <a 'java/security/PrivilegedActionException'> (0x00000000ec94faa0) thrown at [D:\re\workspace\8-2-build-windows-amd64-cygwin\jdk8u20\1074\hotspot\src\share\vm\prims\jvm.cpp, line 1275]
Event: 2388.702 Thread 0x000000001b3ce800 Exception <a 'java/security/PrivilegedActionException'> (0x00000000ec959898) thrown at [D:\re\workspace\8-2-build-windows-amd64-cygwin\jdk8u20\1074\hotspot\src\share\vm\prims\jvm.cpp, line 1275]
Event: 2389.732 Thread 0x000000001b3ce800 Exception <a 'sun/nio/fs/WindowsException'> (0x00000000f0c34f90) thrown at [D:\re\workspace\8-2-build-windows-amd64-cygwin\jdk8u20\1074\hotspot\src\share\vm\prims\jni.cpp, line 716]
Event: 2389.780 Thread 0x000000001b3ce800 Exception <a 'java/security/PrivilegedActionException'> (0x00000000f0d55590) thrown at [D:\re\workspace\8-2-build-windows-amd64-cygwin\jdk8u20\1074\hotspot\src\share\vm\prims\jvm.cpp, line 1275]
Event: 2389.780 Thread 0x000000001b3ce800 Exception <a 'java/security/PrivilegedActionException'> (0x00000000f0d566a0) thrown at [D:\re\workspace\8-2-build-windows-amd64-cygwin\jdk8u20\1074\hotspot\src\share\vm\prims\jvm.cpp, line 1275]

Events (10 events):
Event: 2391.824 Thread 0x000000001b3d5800 Thread added: 0x000000001b3d5800
Event: 2391.850 Thread 0x000000001b3d4800 Thread added: 0x000000001b3d4800
Event: 2391.850 Thread 0x000000001b3d3000 Thread added: 0x000000001b3d3000
Event: 2391.850 Thread 0x000000001b3d6000 Thread added: 0x000000001b3d6000
Event: 2391.850 Thread 0x000000001b3d7000 Thread added: 0x000000001b3d7000
Event: 2391.850 Executing VM operation: RevokeBias
Event: 2391.853 Executing VM operation: RevokeBias done
Event: 2391.853 Thread 0x000000001b3d4800 Thread exited: 0x000000001b3d4800
Event: 2391.853 Executing VM operation: RevokeBias
Event: 2391.854 Executing VM operation: RevokeBias done


Dynamic libraries:
0x00007ff6f4760000 - 0x00007ff6f4794000 	D:\java\jdk1.8.0_20\bin\java.exe
0x00007ffff34c0000 - 0x00007ffff3681000 	C:\WINDOWS\SYSTEM32\ntdll.dll
0x00007ffff2330000 - 0x00007ffff23dd000 	C:\WINDOWS\system32\KERNEL32.DLL
0x00007ffff0640000 - 0x00007ffff0828000 	C:\WINDOWS\system32\KERNELBASE.dll
0x00007ffff30c0000 - 0x00007ffff3167000 	C:\WINDOWS\system32\ADVAPI32.dll
0x00007ffff2220000 - 0x00007ffff22bd000 	C:\WINDOWS\system32\msvcrt.dll
0x00007ffff2090000 - 0x00007ffff20eb000 	C:\WINDOWS\system32\sechost.dll
0x00007ffff2410000 - 0x00007ffff252c000 	C:\WINDOWS\system32\RPCRT4.dll
0x00007ffff1f30000 - 0x00007ffff2086000 	C:\WINDOWS\system32\USER32.dll
0x00007ffff26f0000 - 0x00007ffff2876000 	C:\WINDOWS\system32\GDI32.dll
0x00007fffec7f0000 - 0x00007fffeca64000 	C:\WINDOWS\WinSxS\amd64_microsoft.windows.common-controls_6595b64144ccf1df_6.0.10586.589_none_a2ddb3caa539acce\COMCTL32.dll
0x00007ffff3170000 - 0x00007ffff33ed000 	C:\WINDOWS\system32\combase.dll
0x00007ffff0830000 - 0x00007ffff089a000 	C:\WINDOWS\system32\bcryptPrimitives.dll
0x00007ffff2cb0000 - 0x00007ffff2ceb000 	C:\WINDOWS\system32\IMM32.DLL
0x00007fffef9b0000 - 0x00007fffef9e1000 	C:\Windows\system32\nvinitx.dll
0x00007fffef9a0000 - 0x00007fffef9aa000 	C:\WINDOWS\SYSTEM32\VERSION.dll
0x00000000608a0000 - 0x0000000060972000 	D:\java\jdk1.8.0_20\jre\bin\msvcr100.dll
0x0000000060040000 - 0x0000000060898000 	D:\java\jdk1.8.0_20\jre\bin\server\jvm.dll
0x00007ffff23e0000 - 0x00007ffff23e8000 	C:\WINDOWS\system32\PSAPI.DLL
0x00007fffe3a90000 - 0x00007fffe3a99000 	C:\WINDOWS\SYSTEM32\WSOCK32.dll
0x00007fffecf40000 - 0x00007fffecf63000 	C:\WINDOWS\SYSTEM32\WINMM.dll
0x00007ffff3050000 - 0x00007ffff30bb000 	C:\WINDOWS\system32\WS2_32.dll
0x00007fffecf10000 - 0x00007fffecf3c000 	C:\WINDOWS\SYSTEM32\WINMMBASE.dll
0x00007fffefbe0000 - 0x00007fffefc23000 	C:\WINDOWS\system32\cfgmgr32.dll
0x00000000613b0000 - 0x00000000613bf000 	D:\java\jdk1.8.0_20\jre\bin\verify.dll
0x0000000060010000 - 0x0000000060038000 	D:\java\jdk1.8.0_20\jre\bin\java.dll
0x0000000061390000 - 0x00000000613a6000 	D:\java\jdk1.8.0_20\jre\bin\zip.dll
0x00007ffff08a0000 - 0x00007ffff1dfc000 	C:\WINDOWS\system32\SHELL32.dll
0x00007fffefda0000 - 0x00007ffff03e5000 	C:\WINDOWS\system32\windows.storage.dll
0x00007ffff2690000 - 0x00007ffff26e2000 	C:\WINDOWS\system32\shlwapi.dll
0x00007fffefac0000 - 0x00007fffefacf000 	C:\WINDOWS\system32\kernel.appcore.dll
0x00007fffefc30000 - 0x00007fffefce5000 	C:\WINDOWS\system32\shcore.dll
0x00007fffefb00000 - 0x00007fffefb4b000 	C:\WINDOWS\system32\powrprof.dll
0x00007fffefae0000 - 0x00007fffefaf4000 	C:\WINDOWS\system32\profapi.dll
0x000000005fff0000 - 0x000000006000a000 	D:\java\jdk1.8.0_20\jre\bin\net.dll
0x00007fffef340000 - 0x00007fffef39c000 	C:\WINDOWS\system32\mswsock.dll
0x000000005ffd0000 - 0x000000005ffe1000 	D:\java\jdk1.8.0_20\jre\bin\nio.dll
0x00007fffe90f0000 - 0x00007fffe9102000 	C:\Users\Administrator\.gradle\native\19\windows-amd64\native-platform.dll
0x00007fffef3f0000 - 0x00007fffef407000 	C:\WINDOWS\SYSTEM32\CRYPTSP.dll
0x00007fffef080000 - 0x00007fffef0b4000 	C:\WINDOWS\system32\rsaenh.dll
0x00007fffef9f0000 - 0x00007fffefa19000 	C:\WINDOWS\SYSTEM32\bcrypt.dll
0x00007fffef1d0000 - 0x00007fffef1ef000 	C:\WINDOWS\SYSTEM32\USERENV.dll
0x00007fffef510000 - 0x00007fffef51b000 	C:\WINDOWS\SYSTEM32\CRYPTBASE.dll
0x00007fffed3c0000 - 0x00007fffed3f8000 	C:\WINDOWS\SYSTEM32\IPHLPAPI.DLL
0x00007ffff2100000 - 0x00007ffff2108000 	C:\WINDOWS\system32\NSI.dll
0x00007fffe80b0000 - 0x00007fffe80c6000 	C:\WINDOWS\SYSTEM32\dhcpcsvc6.DLL
0x00007fffe8090000 - 0x00007fffe80aa000 	C:\WINDOWS\SYSTEM32\dhcpcsvc.DLL
0x000000005ffc0000 - 0x000000005ffcd000 	D:\java\jdk1.8.0_20\jre\bin\management.dll
0x00007fffe1ef0000 - 0x00007fffe207c000 	C:\WINDOWS\SYSTEM32\dbghelp.dll

VM Arguments:
jvm_args: -Xmx1536m -Dfile.encoding=GBK -Duser.country=CN -Duser.language=zh -Duser.variant 
java_command: org.gradle.launcher.daemon.bootstrap.GradleDaemon 2.14.1
java_class_path (initial): C:\Users\Administrator\.gradle\wrapper\dists\gradle-2.14.1-all\8bnwg5hd3w55iofp58khbp6yv\gradle-2.14.1\lib\gradle-launcher-2.14.1.jar
Launcher Type: SUN_STANDARD

Environment Variables:
JAVA_HOME=D:\java\jdk1.8.0_20
CLASSPATH=.;D:\java\jdk1.8.0_20\lib\dt.jar;D:\java\jdk1.8.0_20\lib\tools.jar;D:\apache-tomcat-7.0.65-windows-x64\apache-tomcat-7.0.65\lib\servlet-api.jar;D:\apache-tomcat-7.0.65-windows-x64\apache-tomcat-7.0.65\lib\jsp-api.jar;D:\eclipse_javaEE\lib\Aspectj\install\lib\aspectjrt.jar
PATH=C:\ProgramData\Oracle\Java\javapath;D:\java\jdk1.8.0_20\bin;D:\java\jdk1.8.0_20\jre\binC:\WINDOWS\system32;C:\WINDOWS;C:\WINDOWS\System32\Wbem;C:\WINDOWS\System32\WindowsPowerShell\v1.0\;C:\Program Files\Microsoft SQL Server\110\Tools\Binn\;C:\Program Files (x86)\Microsoft SDKs\TypeScript\1.0\;D:\MATLAB\bin\win32;C:\Windows\System32;C:\Program Files\Intel\WiFi\bin\;C:\Program Files\Common Files\Intel\WirelessCommon\;D:\java\jdk1.8.0_20\bin;D:\;amp\wamp\bin\mysql\mysql5.5.20\bin;D:\python2.7.10\install;D:\wamp\wamp\bin\mysql\mysql5.5.20\bin;D:\python2.7.10\install\Scripts;C:\mongodb\bin;D:\nodejs\nvmw;D:\nodejs\nvmw\v4.2.1;D:\svn\bin;D:\scala\install\bin;D:\sbt\install\\bin;D:\sbt\install\bin;D:\git\Git\bin;D:\ant\apache-ant-1.9.6/bin;D:\curl;D:\wamp\wamp\bin\php\php5.3.10;D:\wamp\wamp\bin\php\php5.5.12;C:\ProgramData\ComposerSetup\bin;C:\Users\Administrator\AppData\Roaming\Composer\Vendor\bin;D:\OCR\install\Tesseract-OCR;C:\WINDOWS\system32;C:\Program Files (x86)\Windows Kits\10\Windows Performance Toolkit\;D:\makeForWin\GnuWin32\bin;D:\eclipse_javaEE\lib\Aspectj\install\bin;D:\maven\apache-maven-3.3.9\bin;D:\php\php-5.6.21-Win32-VC11-x64;D:\php\php-5.6.21-Win32-VC11-x64\ext;D:\mysql\mysql-5.6.24-winx64\bin;D:\nodejs\nvmw\v6.2.0\;D:\jdk\adt-bundle-windows-x86_64-20140702\sdk\tools;D:\jdk\adt-bundle-windows-x86_64-20140702\sdk\platform-tools;D:\openVPN\install\OpenVPN\bin;D:\nmap\nmap-7.31;D:\cocos2d-x\templates;D:\cocos2d-x\tools\cocos2d-console\bin;C:\Program Files\Intel\WiFi\bin\;C:\Program Files\Common Files\Intel\WirelessCommon\;C:\Users\Administrator\AppData\Roaming\npm
USERNAME=Administrator
OS=Windows_NT
PROCESSOR_IDENTIFIER=Intel64 Family 6 Model 58 Stepping 9, GenuineIntel



---------------  S Y S T E M  ---------------

OS: Windows 8.1 , 64 bit Build 9600 

CPU:total 4 (2 cores per cpu, 2 threads per core) family 6 model 58 stepping 9, cmov, cx8, fxsr, mmx, sse, sse2, sse3, ssse3, sse4.1, sse4.2, popcnt, avx, aes, clmul, erms, ht, tsc, tscinvbit, tscinv

Memory: 4k page, physical 6148232k(1128732k free), swap 6763548k(4728k free)

vm_info: Java HotSpot(TM) 64-Bit Server VM (25.20-b23) for windows-amd64 JRE (1.8.0_20-b26), built on Jul 30 2014 13:51:23 by "java_re" with MS VC++ 10.0 (VS2010)

time: Sat Nov 26 16:41:46 2016
elapsed time: 2392 seconds (0d 0h 39m 52s)

