#
# There is insufficient memory for the Java Runtime Environment to continue.
# Native memory allocation (malloc) failed to allocate 4194320 bytes for Chunk::new
# Possible reasons:
#   The system is out of physical RAM or swap space
#   In 32 bit mode, the process size limit was hit
# Possible solutions:
#   Reduce memory load on the system
#   Increase physical memory or swap space
#   Check if swap backing store is full
#   Use 64 bit Java on a 64 bit OS
#   Decrease Java heap size (-Xmx/-Xms)
#   Decrease number of Java threads
#   Decrease Java thread stack sizes (-Xss)
#   Set larger code cache with -XX:ReservedCodeCacheSize=
# This output file may be truncated or incomplete.
#
#  Out of Memory Error (allocation.cpp:390), pid=9624, tid=21048
#
# JRE version: Java(TM) SE Runtime Environment (8.0_20-b26) (build 1.8.0_20-b26)
# Java VM: Java HotSpot(TM) 64-Bit Server VM (25.20-b23 mixed mode windows-amd64 compressed oops)
# Failed to write core dump. Minidumps are not enabled by default on client versions of Windows
#

---------------  T H R E A D  ---------------

Current thread (0x0000000017c1d800):  JavaThread "C2 CompilerThread1" daemon [_thread_in_native, id=21048, stack(0x0000000017fd0000,0x00000000180d0000)]

Stack: [0x0000000017fd0000,0x00000000180d0000]
Native frames: (J=compiled Java code, j=interpreted, Vv=VM code, C=native code)
V  [jvm.dll+0x3152fa]
V  [jvm.dll+0x265d03]
V  [jvm.dll+0x266943]
V  [jvm.dll+0x25e265]
V  [jvm.dll+0xbe255]
V  [jvm.dll+0xbe6fc]
V  [jvm.dll+0xf3878]
V  [jvm.dll+0x45df30]
V  [jvm.dll+0x45e1ea]
V  [jvm.dll+0x45f0cf]
V  [jvm.dll+0x46147a]
V  [jvm.dll+0x4635c5]
V  [jvm.dll+0x463f4c]
V  [jvm.dll+0x464293]
V  [jvm.dll+0x451093]
V  [jvm.dll+0x452634]
V  [jvm.dll+0x435fc2]
V  [jvm.dll+0x97b62]
V  [jvm.dll+0x98353]
V  [jvm.dll+0x22aac4]
V  [jvm.dll+0x283f5a]
C  [msvcr100.dll+0x21d9f]
C  [msvcr100.dll+0x21e3b]
C  [KERNEL32.DLL+0x18102]
C  [ntdll.dll+0x5c5b4]


Current CompileTask:
C2: 574860 15408   !   4       com.android.dx.cf.code.Ropper::processBlock (1101 bytes)


---------------  P R O C E S S  ---------------

Java Threads: ( => current thread )
  0x000000001c8fc000 JavaThread "pool-30-thread-4" [_thread_blocked, id=17904, stack(0x000000002a790000,0x000000002a890000)]
  0x000000001c8f7800 JavaThread "pool-30-thread-3" [_thread_blocked, id=18312, stack(0x000000002a690000,0x000000002a790000)]
  0x000000001c8fb800 JavaThread "pool-30-thread-2" [_thread_blocked, id=4528, stack(0x000000002a590000,0x000000002a690000)]
  0x000000001c8f7000 JavaThread "pool-31-thread-1" [_thread_blocked, id=19640, stack(0x000000002a490000,0x000000002a590000)]
  0x000000001c8fa800 JavaThread "pool-30-thread-1" [_thread_blocked, id=19988, stack(0x000000002a390000,0x000000002a490000)]
  0x000000001c8fa000 JavaThread "pool-12-thread-4" [_thread_blocked, id=21396, stack(0x0000000028990000,0x0000000028a90000)]
  0x000000001c8f8800 JavaThread "pool-12-thread-3" [_thread_blocked, id=21324, stack(0x0000000028890000,0x0000000028990000)]
  0x000000001c8f6000 JavaThread "pool-12-thread-2" [_thread_blocked, id=9464, stack(0x0000000028790000,0x0000000028890000)]
  0x000000001bfa6800 JavaThread "pool-14-thread-4" [_thread_blocked, id=20392, stack(0x0000000028690000,0x0000000028790000)]
  0x000000001bfa2000 JavaThread "pool-14-thread-3" [_thread_blocked, id=20576, stack(0x0000000028590000,0x0000000028690000)]
  0x000000001c7f2800 JavaThread "pool-14-thread-2" [_thread_blocked, id=20648, stack(0x0000000028090000,0x0000000028190000)]
  0x000000001c7ee800 JavaThread "pool-17-thread-1" [_thread_blocked, id=18972, stack(0x0000000027f90000,0x0000000028090000)]
  0x000000001c7e7000 JavaThread "pool-14-thread-1" [_thread_blocked, id=21192, stack(0x0000000027e90000,0x0000000027f90000)]
  0x000000001c7ee000 JavaThread "pool-18-thread-1" [_thread_blocked, id=516, stack(0x0000000027d90000,0x0000000027e90000)]
  0x000000001c7eb000 JavaThread "pool-12-thread-1" [_thread_blocked, id=20516, stack(0x0000000027890000,0x0000000027990000)]
  0x000000001c7e5800 JavaThread "pool-11-thread-4" [_thread_blocked, id=21448, stack(0x0000000027690000,0x0000000027790000)]
  0x000000001c7e5000 JavaThread "pool-11-thread-1" [_thread_blocked, id=20024, stack(0x0000000027590000,0x0000000027690000)]
  0x000000001c7e8000 JavaThread "pool-11-thread-2" [_thread_blocked, id=21096, stack(0x0000000027490000,0x0000000027590000)]
  0x000000001c7e9800 JavaThread "pool-11-thread-3" [_thread_blocked, id=21268, stack(0x0000000027390000,0x0000000027490000)]
  0x000000001c7ea000 JavaThread "pool-5-thread-4" [_thread_blocked, id=20556, stack(0x0000000022890000,0x0000000022990000)]
  0x000000001c7e4000 JavaThread "pool-5-thread-3" [_thread_blocked, id=20184, stack(0x0000000022790000,0x0000000022890000)]
  0x000000001bfa4000 JavaThread "pool-5-thread-2" [_thread_blocked, id=18548, stack(0x0000000022690000,0x0000000022790000)]
  0x000000001bfa3800 JavaThread "pool-5-thread-1" [_thread_blocked, id=20492, stack(0x0000000022590000,0x0000000022690000)]
  0x000000001bfa8000 JavaThread "Daemon worker Thread 2" [_thread_blocked, id=21292, stack(0x00000000212c0000,0x00000000213c0000)]
  0x000000001bfa2800 JavaThread "Handler for socket connection from /127.0.0.1:63553 to /127.0.0.1:50173" [_thread_blocked, id=21128, stack(0x00000000210c0000,0x00000000211c0000)]
  0x000000001bfa7000 JavaThread "Daemon Thread 2" [_thread_blocked, id=12280, stack(0x0000000020fc0000,0x00000000210c0000)]
  0x0000000019a28000 JavaThread "pool-2-thread-1" [_thread_blocked, id=17952, stack(0x000000001e9f0000,0x000000001eaf0000)]
  0x00000000185a0000 JavaThread "File lock request listener" [_thread_in_native, id=5416, stack(0x000000001e4f0000,0x000000001e5f0000)]
  0x0000000017c29800 JavaThread "Service Thread" daemon [_thread_blocked, id=20984, stack(0x00000000181d0000,0x00000000182d0000)]
  0x0000000017c24000 JavaThread "C1 CompilerThread2" daemon [_thread_blocked, id=20876, stack(0x00000000180d0000,0x00000000181d0000)]
=>0x0000000017c1d800 JavaThread "C2 CompilerThread1" daemon [_thread_in_native, id=21048, stack(0x0000000017fd0000,0x00000000180d0000)]
  0x00000000165dc000 JavaThread "C2 CompilerThread0" daemon [_thread_in_native, id=20668, stack(0x0000000017ad0000,0x0000000017bd0000)]
  0x0000000016590000 JavaThread "Attach Listener" daemon [_thread_blocked, id=18852, stack(0x00000000179d0000,0x0000000017ad0000)]
  0x000000001658f000 JavaThread "Signal Dispatcher" daemon [_thread_blocked, id=20812, stack(0x00000000178d0000,0x00000000179d0000)]
  0x0000000002c06000 JavaThread "Finalizer" daemon [_thread_blocked, id=19800, stack(0x00000000177d0000,0x00000000178d0000)]
  0x0000000016548000 JavaThread "Reference Handler" daemon [_thread_blocked, id=18140, stack(0x00000000176d0000,0x00000000177d0000)]
  0x00000000007dd800 JavaThread "main" [_thread_blocked, id=20872, stack(0x0000000002a10000,0x0000000002b10000)]

Other Threads:
  0x0000000016546000 VMThread [stack: 0x00000000175d0000,0x00000000176d0000] [id=13920]
  0x0000000017c46000 WatcherThread [stack: 0x00000000182d0000,0x00000000183d0000] [id=21000]

VM state:at safepoint (normal execution)

VM Mutex/Monitor currently owned by a thread:  ([mutex/lock_event])
[0x00000000007dc920] Threads_lock - owner thread: 0x0000000016546000
[0x00000000007dd5a0] Heap_lock - owner thread: 0x000000001c7e5000

Heap:
 PSYoungGen      total 178176K, used 172281K [0x00000000e0000000, 0x00000000f0100000, 0x0000000100000000)
  eden space 150528K, 100% used [0x00000000e0000000,0x00000000e9300000,0x00000000e9300000)
  from space 27648K, 78% used [0x00000000e9300000,0x00000000ea83e728,0x00000000eae00000)
  to   space 29696K, 4% used [0x00000000ee400000,0x00000000ee5305a8,0x00000000f0100000)
 ParOldGen       total 137728K, used 91312K [0x00000000a0000000, 0x00000000a8680000, 0x00000000e0000000)
  object space 137728K, 66% used [0x00000000a0000000,0x00000000a592e168,0x00000000a8680000)
 Metaspace       used 71818K, capacity 74506K, committed 74752K, reserved 1114112K
  class space    used 9383K, capacity 9912K, committed 9984K, reserved 1048576K

Card table byte_map: [0x0000000011fd0000,0x00000000122e0000] byte_map_base: 0x0000000011ad0000

Marking Bits: (ParMarkBitMap*) 0x0000000065a5b460
 Begin Bits: [0x00000000128e0000, 0x00000000140e0000)
 End Bits:   [0x00000000140e0000, 0x00000000158e0000)

Polling page: 0x0000000000b20000

CodeCache: size=245760Kb used=45952Kb max_used=46422Kb free=199807Kb
 bounds [0x0000000002c10000, 0x00000000059a0000, 0x0000000011c10000]
 total_blobs=13516 nmethods=12767 adapters=661
 compilation: enabled

Compilation events (10 events):
Event: 573.788 Thread 0x0000000017c24000 15490       2       com.android.dx.rop.code.DexTranslationAdvice::totalRopWidth (36 bytes)
Event: 573.789 Thread 0x0000000017c24000 nmethod 15490 0x000000000595ef10 code [0x000000000595f0a0, 0x000000000595f348]
Event: 573.812 Thread 0x0000000017c24000 15491       2       com.android.dx.cf.code.SwitchList::add (35 bytes)
Event: 573.812 Thread 0x0000000017c24000 nmethod 15491 0x000000000595f5d0 code [0x000000000595f760, 0x000000000595fa58]
Event: 573.825 Thread 0x00000000165dc000 nmethod 15473 0x0000000005964150 code [0x00000000059643a0, 0x0000000005965c20]
Event: 573.825 Thread 0x00000000165dc000 15487 %     4       com.android.dx.rop.code.InsnList::forEach @ 7 (28 bytes)
Event: 573.828 Thread 0x00000000165dc000 nmethod 15487% 0x0000000005960d90 code [0x0000000005960ee0, 0x00000000059610f8]
Event: 573.828 Thread 0x00000000165dc000 15492 %     4       com.android.dx.ssa.SsaConverter::placePhiFunctions @ 229 (394 bytes)
Event: 573.828 Thread 0x0000000017c24000 15493       1       com.android.dx.ssa.PhiInsn::getOriginalRopInsn (2 bytes)
Event: 573.829 Thread 0x0000000017c24000 nmethod 15493 0x0000000005928d10 code [0x0000000005928e60, 0x0000000005928f70]

GC Heap History (10 events):
Event: 552.554 GC heap before
{Heap before GC invocations=21 (full 4):
 PSYoungGen      total 168448K, used 15346K [0x00000000e0000000, 0x00000000ec680000, 0x0000000100000000)
  eden space 153088K, 0% used [0x00000000e0000000,0x00000000e0000000,0x00000000e9580000)
  from space 15360K, 99% used [0x00000000e9e00000,0x00000000eacfcad8,0x00000000ead00000)
  to   space 25088K, 0% used [0x00000000eae00000,0x00000000eae00000,0x00000000ec680000)
 ParOldGen       total 63488K, used 63055K [0x00000000a0000000, 0x00000000a3e00000, 0x00000000e0000000)
  object space 63488K, 99% used [0x00000000a0000000,0x00000000a3d93e10,0x00000000a3e00000)
 Metaspace       used 64775K, capacity 67228K, committed 67328K, reserved 1107968K
  class space    used 8672K, capacity 9169K, committed 9216K, reserved 1048576K
Event: 560.105 GC heap after
Heap after GC invocations=21 (full 4):
 PSYoungGen      total 168448K, used 13668K [0x00000000e0000000, 0x00000000ec680000, 0x0000000100000000)
  eden space 153088K, 0% used [0x00000000e0000000,0x00000000e0000000,0x00000000e9580000)
  from space 15360K, 88% used [0x00000000e9e00000,0x00000000eab59018,0x00000000ead00000)
  to   space 25088K, 0% used [0x00000000eae00000,0x00000000eae00000,0x00000000ec680000)
 ParOldGen       total 137728K, used 63079K [0x00000000a0000000, 0x00000000a8680000, 0x00000000e0000000)
  object space 137728K, 45% used [0x00000000a0000000,0x00000000a3d99fa8,0x00000000a8680000)
 Metaspace       used 64759K, capacity 67186K, committed 67328K, reserved 1107968K
  class space    used 8667K, capacity 9160K, committed 9216K, reserved 1048576K
}
Event: 564.180 GC heap before
{Heap before GC invocations=22 (full 4):
 PSYoungGen      total 168448K, used 166632K [0x00000000e0000000, 0x00000000ec680000, 0x0000000100000000)
  eden space 153088K, 99% used [0x00000000e0000000,0x00000000e9561340,0x00000000e9580000)
  from space 15360K, 88% used [0x00000000e9e00000,0x00000000eab59018,0x00000000ead00000)
  to   space 25088K, 0% used [0x00000000eae00000,0x00000000eae00000,0x00000000ec680000)
 ParOldGen       total 137728K, used 63079K [0x00000000a0000000, 0x00000000a8680000, 0x00000000e0000000)
  object space 137728K, 45% used [0x00000000a0000000,0x00000000a3d99fa8,0x00000000a8680000)
 Metaspace       used 66894K, capacity 69418K, committed 69632K, reserved 1110016K
  class space    used 8891K, capacity 9392K, committed 9472K, reserved 1048576K
Event: 564.219 GC heap after
Heap after GC invocations=22 (full 4):
 PSYoungGen      total 176128K, used 19726K [0x00000000e0000000, 0x00000000edb80000, 0x0000000100000000)
  eden space 151040K, 0% used [0x00000000e0000000,0x00000000e0000000,0x00000000e9380000)
  from space 25088K, 78% used [0x00000000eae00000,0x00000000ec143ab8,0x00000000ec680000)
  to   space 27136K, 0% used [0x00000000e9380000,0x00000000e9380000,0x00000000eae00000)
 ParOldGen       total 137728K, used 69214K [0x00000000a0000000, 0x00000000a8680000, 0x00000000e0000000)
  object space 137728K, 50% used [0x00000000a0000000,0x00000000a4397a30,0x00000000a8680000)
 Metaspace       used 66894K, capacity 69418K, committed 69632K, reserved 1110016K
  class space    used 8891K, capacity 9392K, committed 9472K, reserved 1048576K
}
Event: 564.237 GC heap before
{Heap before GC invocations=23 (full 4):
 PSYoungGen      total 176128K, used 170766K [0x00000000e0000000, 0x00000000edb80000, 0x0000000100000000)
  eden space 151040K, 100% used [0x00000000e0000000,0x00000000e9380000,0x00000000e9380000)
  from space 25088K, 78% used [0x00000000eae00000,0x00000000ec143ab8,0x00000000ec680000)
  to   space 27136K, 0% used [0x00000000e9380000,0x00000000e9380000,0x00000000eae00000)
 ParOldGen       total 137728K, used 69214K [0x00000000a0000000, 0x00000000a8680000, 0x00000000e0000000)
  object space 137728K, 50% used [0x00000000a0000000,0x00000000a4397a30,0x00000000a8680000)
 Metaspace       used 66897K, capacity 69418K, committed 69632K, reserved 1110016K
  class space    used 8891K, capacity 9392K, committed 9472K, reserved 1048576K
Event: 564.257 GC heap after
Heap after GC invocations=23 (full 4):
 PSYoungGen      total 178176K, used 18577K [0x00000000e0000000, 0x00000000edb80000, 0x0000000100000000)
  eden space 151040K, 0% used [0x00000000e0000000,0x00000000e0000000,0x00000000e9380000)
  from space 27136K, 68% used [0x00000000e9380000,0x00000000ea5a4540,0x00000000eae00000)
  to   space 25088K, 0% used [0x00000000eae00000,0x00000000eae00000,0x00000000ec680000)
 ParOldGen       total 137728K, used 69222K [0x00000000a0000000, 0x00000000a8680000, 0x00000000e0000000)
  object space 137728K, 50% used [0x00000000a0000000,0x00000000a4399a30,0x00000000a8680000)
 Metaspace       used 66897K, capacity 69418K, committed 69632K, reserved 1110016K
  class space    used 8891K, capacity 9392K, committed 9472K, reserved 1048576K
}
Event: 570.220 GC heap before
{Heap before GC invocations=24 (full 4):
 PSYoungGen      total 178176K, used 169617K [0x00000000e0000000, 0x00000000edb80000, 0x0000000100000000)
  eden space 151040K, 100% used [0x00000000e0000000,0x00000000e9380000,0x00000000e9380000)
  from space 27136K, 68% used [0x00000000e9380000,0x00000000ea5a4540,0x00000000eae00000)
  to   space 25088K, 0% used [0x00000000eae00000,0x00000000eae00000,0x00000000ec680000)
 ParOldGen       total 137728K, used 69222K [0x00000000a0000000, 0x00000000a8680000, 0x00000000e0000000)
  object space 137728K, 50% used [0x00000000a0000000,0x00000000a4399a30,0x00000000a8680000)
 Metaspace       used 69460K, capacity 72206K, committed 72320K, reserved 1112064K
  class space    used 9218K, capacity 9774K, committed 9856K, reserved 1048576K
Event: 570.257 GC heap after
Heap after GC invocations=24 (full 4):
 PSYoungGen      total 175616K, used 16916K [0x00000000e0000000, 0x00000000eff00000, 0x0000000100000000)
  eden space 150528K, 0% used [0x00000000e0000000,0x00000000e0000000,0x00000000e9300000)
  from space 25088K, 67% used [0x00000000eae00000,0x00000000ebe85388,0x00000000ec680000)
  to   space 27648K, 0% used [0x00000000e9300000,0x00000000e9300000,0x00000000eae00000)
 ParOldGen       total 137728K, used 75975K [0x00000000a0000000, 0x00000000a8680000, 0x00000000e0000000)
  object space 137728K, 55% used [0x00000000a0000000,0x00000000a4a31c88,0x00000000a8680000)
 Metaspace       used 69460K, capacity 72206K, committed 72320K, reserved 1112064K
  class space    used 9218K, capacity 9774K, committed 9856K, reserved 1048576K
}
Event: 573.359 GC heap before
{Heap before GC invocations=25 (full 4):
 PSYoungGen      total 175616K, used 167444K [0x00000000e0000000, 0x00000000eff00000, 0x0000000100000000)
  eden space 150528K, 100% used [0x00000000e0000000,0x00000000e9300000,0x00000000e9300000)
  from space 25088K, 67% used [0x00000000eae00000,0x00000000ebe85388,0x00000000ec680000)
  to   space 27648K, 0% used [0x00000000e9300000,0x00000000e9300000,0x00000000eae00000)
 ParOldGen       total 137728K, used 75975K [0x00000000a0000000, 0x00000000a8680000, 0x00000000e0000000)
  object space 137728K, 55% used [0x00000000a0000000,0x00000000a4a31c88,0x00000000a8680000)
 Metaspace       used 71661K, capacity 74382K, committed 74496K, reserved 1114112K
  class space    used 9368K, capacity 9902K, committed 9984K, reserved 1048576K
Event: 573.417 GC heap after
Heap after GC invocations=25 (full 4):
 PSYoungGen      total 178176K, used 21753K [0x00000000e0000000, 0x00000000f0100000, 0x0000000100000000)
  eden space 150528K, 0% used [0x00000000e0000000,0x00000000e0000000,0x00000000e9300000)
  from space 27648K, 78% used [0x00000000e9300000,0x00000000ea83e728,0x00000000eae00000)
  to   space 29696K, 0% used [0x00000000ee400000,0x00000000ee400000,0x00000000f0100000)
 ParOldGen       total 137728K, used 87447K [0x00000000a0000000, 0x00000000a8680000, 0x00000000e0000000)
  object space 137728K, 63% used [0x00000000a0000000,0x00000000a5565cb8,0x00000000a8680000)
 Metaspace       used 71661K, capacity 74382K, committed 74496K, reserved 1114112K
  class space    used 9368K, capacity 9902K, committed 9984K, reserved 1048576K
}

Deoptimization events (10 events):
Event: 572.307 Thread 0x000000001c8fa000 Uncommon trap: reason=unreached action=reinterpret pc=0x00000000052a17c8 method=com.android.dx.ssa.LocalVariableExtractor.processBlock(I)V @ 251
Event: 572.468 Thread 0x000000001c7e5000 Uncommon trap: reason=bimorphic action=maybe_recompile pc=0x0000000004d514e0 method=java.io.BufferedOutputStream.flushBuffer()V @ 20
Event: 572.851 Thread 0x000000001c7e5000 Uncommon trap: reason=bimorphic action=maybe_recompile pc=0x0000000004d514e0 method=java.io.BufferedOutputStream.flushBuffer()V @ 20
Event: 572.984 Thread 0x000000001c7e5000 Uncommon trap: reason=bimorphic action=maybe_recompile pc=0x000000000583a010 method=com.android.dx.cf.code.BytecodeArray.parseInstruction(ILcom/android/dx/cf/code/BytecodeArray$Visitor;)I @ 1501
Event: 572.984 Thread 0x000000001c7e5000 Uncommon trap: reason=bimorphic action=maybe_recompile pc=0x000000000583a010 method=com.android.dx.cf.code.BytecodeArray.parseInstruction(ILcom/android/dx/cf/code/BytecodeArray$Visitor;)I @ 1501
Event: 573.006 Thread 0x000000001c7e5000 Uncommon trap: reason=unloaded action=reinterpret pc=0x0000000005681618 method=com.android.dx.ssa.LiteralOpUpgrader$1.visitNonMoveInsn(Lcom/android/dx/ssa/NormalSsaInsn;)V @ 72
Event: 573.008 Thread 0x000000001c7e5000 Uncommon trap: reason=unreached action=reinterpret pc=0x000000000517551c method=com.android.dx.ssa.SsaMethod.updateOneDefinition(Lcom/android/dx/ssa/SsaInsn;Lcom/android/dx/rop/code/RegisterSpec;)V @ 4
Event: 573.734 Thread 0x000000001c8fa800 Uncommon trap: reason=unreached action=reinterpret pc=0x000000000590d1a8 method=com.android.dx.rop.code.LocalItem.compareHandlesNulls(Lcom/android/dx/rop/cst/CstString;Lcom/android/dx/rop/cst/CstString;)I @ 14
Event: 573.776 Thread 0x000000001c8fa800 Uncommon trap: reason=unreached action=reinterpret pc=0x0000000005693024 method=com.android.dx.rop.code.LocalItem.compareHandlesNulls(Lcom/android/dx/rop/cst/CstString;Lcom/android/dx/rop/cst/CstString;)I @ 14
Event: 573.778 Thread 0x000000001c8fa800 Uncommon trap: reason=unreached action=reinterpret pc=0x00000000058a8bdc method=com.android.dx.rop.code.LocalItem.compareHandlesNulls(Lcom/android/dx/rop/cst/CstString;Lcom/android/dx/rop/cst/CstString;)I @ 14

Internal exceptions (10 events):
Event: 570.965 Thread 0x000000001c7e5000 Exception <a 'java/security/PrivilegedActionException'> (0x00000000e1cfeb00) thrown at [D:\re\workspace\8-2-build-windows-amd64-cygwin\jdk8u20\1074\hotspot\src\share\vm\prims\jvm.cpp, line 1275]
Event: 570.966 Thread 0x000000001c7e5000 Exception <a 'java/security/PrivilegedActionException'> (0x00000000e1d01ed0) thrown at [D:\re\workspace\8-2-build-windows-amd64-cygwin\jdk8u20\1074\hotspot\src\share\vm\prims\jvm.cpp, line 1275]
Event: 571.075 Thread 0x000000001c8f9000 Implicit null exception at 0x0000000004e9ea22 to 0x0000000004e9eb12
Event: 571.230 Thread 0x000000001c8f8800 Exception <a 'java/security/PrivilegedActionException'> (0x00000000e243e598) thrown at [D:\re\workspace\8-2-build-windows-amd64-cygwin\jdk8u20\1074\hotspot\src\share\vm\prims\jvm.cpp, line 1275]
Event: 571.930 Thread 0x000000001bfa2000 Implicit null exception at 0x0000000002ebefe2 to 0x0000000002ebf9b1
Event: 572.815 Thread 0x000000001c7e5000 Exception <a 'java/security/PrivilegedActionException'> (0x00000000e4761fe0) thrown at [D:\re\workspace\8-2-build-windows-amd64-cygwin\jdk8u20\1074\hotspot\src\share\vm\prims\jvm.cpp, line 1275]
Event: 573.006 Thread 0x000000001c7e5000 Exception <a 'java/security/PrivilegedActionException'> (0x00000000e5f1bd70) thrown at [D:\re\workspace\8-2-build-windows-amd64-cygwin\jdk8u20\1074\hotspot\src\share\vm\prims\jvm.cpp, line 1275]
Event: 573.734 Thread 0x000000001c8fa800 Implicit null exception at 0x000000000590b5a7 to 0x000000000590d19d
Event: 573.776 Thread 0x000000001c8fa800 Implicit null exception at 0x00000000056921d7 to 0x000000000569300d
Event: 573.778 Thread 0x000000001c8fa800 Implicit null exception at 0x00000000058a74c0 to 0x00000000058a8bcd

Events (10 events):
Event: 573.693 Thread 0x000000001bfa5800 Thread exited: 0x000000001bfa5800
Event: 573.734 Thread 0x000000001c8fa800 Uncommon trap: trap_request=0xffffffad fr.pc=0x000000000590d1a8
Event: 573.734 Thread 0x000000001c8fa800 DEOPT PACKING pc=0x000000000590d1a8 sp=0x000000002a38e680
Event: 573.776 Thread 0x000000001c8fa800 DEOPT UNPACKING pc=0x0000000002c5556a sp=0x000000002a38e470 mode 2
Event: 573.776 Thread 0x000000001c8fa800 Uncommon trap: trap_request=0xffffffad fr.pc=0x0000000005693024
Event: 573.776 Thread 0x000000001c8fa800 DEOPT PACKING pc=0x0000000005693024 sp=0x000000002a38e550
Event: 573.776 Thread 0x000000001c8fa800 DEOPT UNPACKING pc=0x0000000002c5556a sp=0x000000002a38e328 mode 2
Event: 573.778 Thread 0x000000001c8fa800 Uncommon trap: trap_request=0xffffffad fr.pc=0x00000000058a8bdc
Event: 573.778 Thread 0x000000001c8fa800 DEOPT PACKING pc=0x00000000058a8bdc sp=0x000000002a38e820
Event: 573.778 Thread 0x000000001c8fa800 DEOPT UNPACKING pc=0x0000000002c5556a sp=0x000000002a38e600 mode 2


Dynamic libraries:
0x00007ff7ddb70000 - 0x00007ff7ddba4000 	D:\java\jdk1.8.0_20\bin\java.exe
0x00007ff9f0bf0000 - 0x00007ff9f0db1000 	C:\WINDOWS\SYSTEM32\ntdll.dll
0x00007ff9f00b0000 - 0x00007ff9f015d000 	C:\WINDOWS\system32\KERNEL32.DLL
0x00007ff9edd30000 - 0x00007ff9edf18000 	C:\WINDOWS\system32\KERNELBASE.dll
0x00007ff9f03e0000 - 0x00007ff9f0487000 	C:\WINDOWS\system32\ADVAPI32.dll
0x00007ff9ee530000 - 0x00007ff9ee5cd000 	C:\WINDOWS\system32\msvcrt.dll
0x00007ff9ee460000 - 0x00007ff9ee4bb000 	C:\WINDOWS\system32\sechost.dll
0x00007ff9f0600000 - 0x00007ff9f071c000 	C:\WINDOWS\system32\RPCRT4.dll
0x00007ff9f0270000 - 0x00007ff9f03c6000 	C:\WINDOWS\system32\USER32.dll
0x00007ff9eff20000 - 0x00007ff9f00a6000 	C:\WINDOWS\system32\GDI32.dll
0x00007ff9ea460000 - 0x00007ff9ea6d4000 	C:\WINDOWS\WinSxS\amd64_microsoft.windows.common-controls_6595b64144ccf1df_6.0.10586.589_none_a2ddb3caa539acce\COMCTL32.dll
0x00007ff9f08f0000 - 0x00007ff9f0b6d000 	C:\WINDOWS\system32\combase.dll
0x00007ff9ed5c0000 - 0x00007ff9ed62a000 	C:\WINDOWS\system32\bcryptPrimitives.dll
0x00007ff9ee400000 - 0x00007ff9ee43b000 	C:\WINDOWS\system32\IMM32.DLL
0x00007ff9ed0e0000 - 0x00007ff9ed111000 	C:\Windows\system32\nvinitx.dll
0x00007ff9ed0d0000 - 0x00007ff9ed0da000 	C:\WINDOWS\SYSTEM32\VERSION.dll
0x0000000065ae0000 - 0x0000000065bb2000 	D:\java\jdk1.8.0_20\jre\bin\msvcr100.dll
0x0000000065280000 - 0x0000000065ad8000 	D:\java\jdk1.8.0_20\jre\bin\server\jvm.dll
0x00007ff9ee950000 - 0x00007ff9ee958000 	C:\WINDOWS\system32\PSAPI.DLL
0x00007ff9e1100000 - 0x00007ff9e1109000 	C:\WINDOWS\SYSTEM32\WSOCK32.dll
0x00007ff9ee4c0000 - 0x00007ff9ee52b000 	C:\WINDOWS\system32\WS2_32.dll
0x00007ff9eb5c0000 - 0x00007ff9eb5e3000 	C:\WINDOWS\SYSTEM32\WINMM.dll
0x00007ff9eb590000 - 0x00007ff9eb5bc000 	C:\WINDOWS\SYSTEM32\WINMMBASE.dll
0x00007ff9edf80000 - 0x00007ff9edfc3000 	C:\WINDOWS\system32\cfgmgr32.dll
0x0000000065270000 - 0x000000006527f000 	D:\java\jdk1.8.0_20\jre\bin\verify.dll
0x0000000065240000 - 0x0000000065268000 	D:\java\jdk1.8.0_20\jre\bin\java.dll
0x0000000065220000 - 0x0000000065236000 	D:\java\jdk1.8.0_20\jre\bin\zip.dll
0x00007ff9ee9c0000 - 0x00007ff9eff1c000 	C:\WINDOWS\system32\SHELL32.dll
0x00007ff9ed6e0000 - 0x00007ff9edd25000 	C:\WINDOWS\system32\windows.storage.dll
0x00007ff9ee960000 - 0x00007ff9ee9b2000 	C:\WINDOWS\system32\shlwapi.dll
0x00007ff9ed270000 - 0x00007ff9ed27f000 	C:\WINDOWS\system32\kernel.appcore.dll
0x00007ff9ed330000 - 0x00007ff9ed3e5000 	C:\WINDOWS\system32\shcore.dll
0x00007ff9ed1f0000 - 0x00007ff9ed23b000 	C:\WINDOWS\system32\powrprof.dll
0x00007ff9ed240000 - 0x00007ff9ed254000 	C:\WINDOWS\system32\profapi.dll
0x0000000065200000 - 0x000000006521a000 	D:\java\jdk1.8.0_20\jre\bin\net.dll
0x00007ff9eca70000 - 0x00007ff9ecacc000 	C:\WINDOWS\system32\mswsock.dll
0x00000000651e0000 - 0x00000000651f1000 	D:\java\jdk1.8.0_20\jre\bin\nio.dll
0x00007ff9e3f60000 - 0x00007ff9e3f72000 	C:\Users\Administrator\.gradle\native\19\windows-amd64\native-platform.dll
0x00007ff9ecb20000 - 0x00007ff9ecb37000 	C:\WINDOWS\SYSTEM32\CRYPTSP.dll
0x00007ff9ec7b0000 - 0x00007ff9ec7e4000 	C:\WINDOWS\system32\rsaenh.dll
0x00007ff9ed120000 - 0x00007ff9ed149000 	C:\WINDOWS\SYSTEM32\bcrypt.dll
0x00007ff9ec900000 - 0x00007ff9ec91f000 	C:\WINDOWS\SYSTEM32\USERENV.dll
0x00007ff9ecc40000 - 0x00007ff9ecc4b000 	C:\WINDOWS\SYSTEM32\CRYPTBASE.dll
0x00007ff9e9f40000 - 0x00007ff9e9f78000 	C:\WINDOWS\SYSTEM32\IPHLPAPI.DLL
0x00007ff9f03d0000 - 0x00007ff9f03d8000 	C:\WINDOWS\system32\NSI.dll
0x00007ff9e6b60000 - 0x00007ff9e6b76000 	C:\WINDOWS\SYSTEM32\dhcpcsvc6.DLL
0x00007ff9e4c00000 - 0x00007ff9e4c1a000 	C:\WINDOWS\SYSTEM32\dhcpcsvc.DLL
0x00000000651d0000 - 0x00000000651dd000 	D:\java\jdk1.8.0_20\jre\bin\management.dll
0x00007ff9dfa00000 - 0x00007ff9dfb8c000 	C:\WINDOWS\SYSTEM32\dbghelp.dll

VM Arguments:
jvm_args: -Xmx1536m -Dfile.encoding=GBK -Duser.country=CN -Duser.language=zh -Duser.variant 
java_command: org.gradle.launcher.daemon.bootstrap.GradleDaemon 2.14.1
java_class_path (initial): C:\Users\Administrator\.gradle\wrapper\dists\gradle-2.14.1-all\8bnwg5hd3w55iofp58khbp6yv\gradle-2.14.1\lib\gradle-launcher-2.14.1.jar
Launcher Type: SUN_STANDARD

Environment Variables:
JAVA_HOME=D:\java\jdk1.8.0_20
CLASSPATH=.;D:\java\jdk1.8.0_20\lib\dt.jar;D:\java\jdk1.8.0_20\lib\tools.jar;D:\apache-tomcat-7.0.65-windows-x64\apache-tomcat-7.0.65\lib\servlet-api.jar;D:\apache-tomcat-7.0.65-windows-x64\apache-tomcat-7.0.65\lib\jsp-api.jar;D:\eclipse_javaEE\lib\Aspectj\install\lib\aspectjrt.jar
PATH=C:\ProgramData\Oracle\Java\javapath;D:\java\jdk1.8.0_20\bin;D:\java\jdk1.8.0_20\jre\binC:\WINDOWS\system32;C:\WINDOWS;C:\WINDOWS\System32\Wbem;C:\WINDOWS\System32\WindowsPowerShell\v1.0\;C:\Program Files\Microsoft SQL Server\110\Tools\Binn\;C:\Program Files (x86)\Microsoft SDKs\TypeScript\1.0\;D:\MATLAB\bin\win32;C:\Windows\System32;C:\Program Files\Intel\WiFi\bin\;C:\Program Files\Common Files\Intel\WirelessCommon\;D:\java\jdk1.8.0_20\bin;D:\;amp\wamp\bin\mysql\mysql5.5.20\bin;D:\python2.7.10\install;D:\wamp\wamp\bin\mysql\mysql5.5.20\bin;D:\python2.7.10\install\Scripts;C:\mongodb\bin;D:\nodejs\nvmw;D:\nodejs\nvmw\v4.2.1;D:\svn\bin;D:\scala\install\bin;D:\sbt\install\\bin;D:\sbt\install\bin;D:\git\Git\bin;D:\ant\apache-ant-1.9.6/bin;D:\curl;D:\wamp\wamp\bin\php\php5.3.10;D:\wamp\wamp\bin\php\php5.5.12;C:\ProgramData\ComposerSetup\bin;C:\Users\Administrator\AppData\Roaming\Composer\Vendor\bin;D:\OCR\install\Tesseract-OCR;C:\WINDOWS\system32;C:\Program Files (x86)\Windows Kits\10\Windows Performance Toolkit\;D:\makeForWin\GnuWin32\bin;D:\eclipse_javaEE\lib\Aspectj\install\bin;D:\maven\apache-maven-3.3.9\bin;D:\php\php-5.6.21-Win32-VC11-x64;D:\php\php-5.6.21-Win32-VC11-x64\ext;D:\mysql\mysql-5.6.24-winx64\bin;D:\nodejs\nvmw\v6.2.0\;D:\jdk\adt-bundle-windows-x86_64-20140702\sdk\tools;D:\jdk\adt-bundle-windows-x86_64-20140702\sdk\platform-tools;D:\openVPN\install\OpenVPN\bin;D:\nmap\nmap-7.31;D:\cocos2d-x\templates;D:\cocos2d-x\tools\cocos2d-console\bin;C:\Program Files\Intel\WiFi\bin\;C:\Program Files\Common Files\Intel\WirelessCommon\;C:\Users\Administrator\AppData\Roaming\npm
USERNAME=Administrator
OS=Windows_NT
PROCESSOR_IDENTIFIER=Intel64 Family 6 Model 58 Stepping 9, GenuineIntel



---------------  S Y S T E M  ---------------

OS: Windows 8.1 , 64 bit Build 9600 

CPU:total 4 (2 cores per cpu, 2 threads per core) family 6 model 58 stepping 9, cmov, cx8, fxsr, mmx, sse, sse2, sse3, ssse3, sse4.1, sse4.2, popcnt, avx, aes, clmul, erms, ht, tsc, tscinvbit, tscinv

Memory: 4k page, physical 6148232k(1788324k free), swap 6675576k(932384k free)

vm_info: Java HotSpot(TM) 64-Bit Server VM (25.20-b23) for windows-amd64 JRE (1.8.0_20-b26), built on Jul 30 2014 13:51:23 by "java_re" with MS VC++ 10.0 (VS2010)

time: Sun Nov 27 02:32:41 2016
elapsed time: 574 seconds (0d 0h 9m 34s)

