#
# There is insufficient memory for the Java Runtime Environment to continue.
# Native memory allocation (malloc) failed to allocate 1511296 bytes for Chunk::new
# Possible reasons:
#   The system is out of physical RAM or swap space
#   In 32 bit mode, the process size limit was hit
# Possible solutions:
#   Reduce memory load on the system
#   Increase physical memory or swap space
#   Check if swap backing store is full
#   Use 64 bit Java on a 64 bit OS
#   Decrease Java heap size (-Xmx/-Xms)
#   Decrease number of Java threads
#   Decrease Java thread stack sizes (-Xss)
#   Set larger code cache with -XX:ReservedCodeCacheSize=
# This output file may be truncated or incomplete.
#
#  Out of Memory Error (allocation.cpp:390), pid=10772, tid=17932
#
# JRE version: Java(TM) SE Runtime Environment (8.0_20-b26) (build 1.8.0_20-b26)
# Java VM: Java HotSpot(TM) 64-Bit Server VM (25.20-b23 mixed mode windows-amd64 compressed oops)
# Failed to write core dump. Minidumps are not enabled by default on client versions of Windows
#

---------------  T H R E A D  ---------------

Current thread (0x0000000016f1c000):  JavaThread "C2 CompilerThread0" daemon [_thread_in_native, id=17932, stack(0x0000000018430000,0x0000000018530000)]

Stack: [0x0000000018430000,0x0000000018530000]
Native frames: (J=compiled Java code, j=interpreted, Vv=VM code, C=native code)
V  [jvm.dll+0x3152fa]
V  [jvm.dll+0x265d03]
V  [jvm.dll+0x266943]
V  [jvm.dll+0x25e265]
V  [jvm.dll+0xbe255]
V  [jvm.dll+0xbe6fc]
V  [jvm.dll+0x45c472]
V  [jvm.dll+0x49d76f]
V  [jvm.dll+0x451911]
V  [jvm.dll+0x452634]
V  [jvm.dll+0x435fc2]
V  [jvm.dll+0x97b62]
V  [jvm.dll+0x98353]
V  [jvm.dll+0x22aac4]
V  [jvm.dll+0x283f5a]
C  [msvcr100.dll+0x21d9f]
C  [msvcr100.dll+0x21e3b]
C  [KERNEL32.DLL+0x18102]
C  [ntdll.dll+0x5c5b4]


Current CompileTask:
C2: 142442 16225       4       com.android.dx.ssa.DeadCodeRemover::run (194 bytes)


---------------  P R O C E S S  ---------------

Java Threads: ( => current thread )
  0x000000001e8bc800 JavaThread "pool-38-thread-4" [_thread_blocked, id=16956, stack(0x000000002e2f0000,0x000000002e3f0000)]
  0x000000001e8b5000 JavaThread "pool-38-thread-3" [_thread_blocked, id=21940, stack(0x000000002e1f0000,0x000000002e2f0000)]
  0x000000001e8b8800 JavaThread "pool-38-thread-2" [_thread_in_Java, id=21900, stack(0x000000002e0f0000,0x000000002e1f0000)]
  0x000000001e8b8000 JavaThread "pool-39-thread-1" [_thread_blocked, id=21860, stack(0x000000002dff0000,0x000000002e0f0000)]
  0x000000001e8b7000 JavaThread "pool-38-thread-1" [_thread_in_Java, id=11176, stack(0x000000002def0000,0x000000002dff0000)]
  0x000000001dbb1800 JavaThread "pool-11-thread-4" [_thread_in_Java, id=20148, stack(0x0000000029df0000,0x0000000029ef0000)]
  0x000000001dba8000 JavaThread "pool-11-thread-3" [_thread_in_Java, id=21568, stack(0x0000000029cf0000,0x0000000029df0000)]
  0x000000001dbae800 JavaThread "pool-11-thread-2" [_thread_in_Java, id=12872, stack(0x0000000029bf0000,0x0000000029cf0000)]
  0x000000001dbae000 JavaThread "pool-11-thread-1" [_thread_in_Java, id=21620, stack(0x0000000029af0000,0x0000000029bf0000)]
  0x000000001dbb2800 JavaThread "pool-5-thread-4" [_thread_blocked, id=516, stack(0x00000000231f0000,0x00000000232f0000)]
  0x000000001dbaf800 JavaThread "pool-5-thread-3" [_thread_blocked, id=20664, stack(0x00000000230f0000,0x00000000231f0000)]
  0x000000001dba5800 JavaThread "pool-5-thread-2" [_thread_blocked, id=17960, stack(0x0000000022ff0000,0x00000000230f0000)]
  0x000000001dbac800 JavaThread "pool-5-thread-1" [_thread_blocked, id=20520, stack(0x0000000022ef0000,0x0000000022ff0000)]
  0x000000001dbab000 JavaThread "Asynchronous log dispatcher for org.gradle.launcher.daemon.server.DefaultDaemonConnection@68dc7b80" [_thread_blocked, id=20196, stack(0x0000000022cf0000,0x0000000022df0000)]
  0x000000001dbab800 JavaThread "Cancel handler" [_thread_blocked, id=10560, stack(0x0000000022bf0000,0x0000000022cf0000)]
  0x000000001dbaa000 JavaThread "Handler for socket connection from /127.0.0.1:53424 to /127.0.0.1:57932" [_thread_in_native, id=15340, stack(0x0000000022af0000,0x0000000022bf0000)]
  0x000000001856d000 JavaThread "pool-2-thread-1" [_thread_blocked, id=9448, stack(0x000000001f0b0000,0x000000001f1b0000)]
  0x000000001bba4800 JavaThread "File lock request listener" [_thread_in_native, id=3232, stack(0x000000001d7d0000,0x000000001d8d0000)]
  0x0000000019144000 JavaThread "Daemon worker" [_thread_blocked, id=21368, stack(0x000000001ad00000,0x000000001ae00000)]
  0x0000000018f70800 JavaThread "Daemon" [_thread_blocked, id=3300, stack(0x000000001aa00000,0x000000001ab00000)]
  0x0000000019d24000 JavaThread "Incoming local TCP Connector on port 53424" [_thread_in_native, id=456, stack(0x000000001a900000,0x000000001aa00000)]
  0x00000000198aa800 JavaThread "pool-1-thread-1" [_thread_blocked, id=3396, stack(0x0000000019530000,0x0000000019630000)]
  0x00000000185ad000 JavaThread "Service Thread" daemon [_thread_blocked, id=7656, stack(0x0000000018b30000,0x0000000018c30000)]
  0x000000001856e800 JavaThread "C1 CompilerThread2" daemon [_thread_blocked, id=2680, stack(0x0000000018a30000,0x0000000018b30000)]
  0x0000000016f1e000 JavaThread "C2 CompilerThread1" daemon [_thread_in_native, id=14704, stack(0x0000000018930000,0x0000000018a30000)]
=>0x0000000016f1c000 JavaThread "C2 CompilerThread0" daemon [_thread_in_native, id=17932, stack(0x0000000018430000,0x0000000018530000)]
  0x0000000016ed0000 JavaThread "Attach Listener" daemon [_thread_blocked, id=11168, stack(0x0000000018330000,0x0000000018430000)]
  0x0000000016ecf000 JavaThread "Signal Dispatcher" daemon [_thread_blocked, id=12280, stack(0x0000000018230000,0x0000000018330000)]
  0x00000000034f0000 JavaThread "Finalizer" daemon [_thread_blocked, id=19724, stack(0x0000000018130000,0x0000000018230000)]
  0x00000000034ec000 JavaThread "Reference Handler" daemon [_thread_blocked, id=7728, stack(0x0000000018030000,0x0000000018130000)]
  0x000000000354d800 JavaThread "main" [_thread_blocked, id=21112, stack(0x0000000001820000,0x0000000001920000)]

Other Threads:
  0x0000000016e85000 VMThread [stack: 0x0000000017f30000,0x0000000018030000] [id=19532]
  0x00000000185b7800 WatcherThread [stack: 0x0000000018c30000,0x0000000018d30000] [id=1056]

VM state:not at safepoint (normal execution)

VM Mutex/Monitor currently owned by a thread: None

Heap:
 PSYoungGen      total 315904K, used 97092K [0x00000000e0000000, 0x00000000f9880000, 0x0000000100000000)
  eden space 257536K, 28% used [0x00000000e0000000,0x00000000e4864530,0x00000000efb80000)
  from space 58368K, 39% used [0x00000000efb80000,0x00000000f11ecdf8,0x00000000f3480000)
  to   space 59392K, 0% used [0x00000000f5e80000,0x00000000f5e80000,0x00000000f9880000)
 ParOldGen       total 146432K, used 146360K [0x00000000a0000000, 0x00000000a8f00000, 0x00000000e0000000)
  object space 146432K, 99% used [0x00000000a0000000,0x00000000a8eee018,0x00000000a8f00000)
 Metaspace       used 71420K, capacity 74038K, committed 74752K, reserved 1114112K
  class space    used 9315K, capacity 9828K, committed 9984K, reserved 1048576K

Card table byte_map: [0x0000000012910000,0x0000000012c20000] byte_map_base: 0x0000000012410000

Marking Bits: (ParMarkBitMap*) 0x000000006637b460
 Begin Bits: [0x0000000013220000, 0x0000000014a20000)
 End Bits:   [0x0000000014a20000, 0x0000000016220000)

Polling page: 0x00000000013c0000

CodeCache: size=245760Kb used=47160Kb max_used=47453Kb free=198599Kb
 bounds [0x0000000003550000, 0x00000000063f0000, 0x0000000012550000]
 total_blobs=13817 nmethods=13067 adapters=661
 compilation: enabled

Compilation events (10 events):
Event: 139.344 Thread 0x0000000016f1c000 nmethod 16294% 0x0000000005684510 code [0x0000000005684920, 0x0000000005686b28]
Event: 139.344 Thread 0x0000000016f1c000 16225       4       com.android.dx.ssa.DeadCodeRemover::run (194 bytes)
Event: 139.360 Thread 0x000000001856e800 16331       2       com.android.dx.dex.file.EncodedArrayItem::hashCode (8 bytes)
Event: 139.360 Thread 0x000000001856e800 nmethod 16331 0x0000000005f9e750 code [0x0000000005f9e8c0, 0x0000000005f9ea48]
Event: 139.360 Thread 0x000000001856e800 16332       2       com.android.dx.rop.cst.Zeroes::zeroFor (122 bytes)
Event: 139.361 Thread 0x000000001856e800 nmethod 16332 0x0000000005f059d0 code [0x0000000005f05ba0, 0x0000000005f06168]
Event: 139.392 Thread 0x000000001856e800 16333 %     3       com.android.dx.dex.file.ClassDataItem::addContents @ 179 (207 bytes)
Event: 139.395 Thread 0x000000001856e800 nmethod 16333% 0x0000000005efecd0 code [0x0000000005eff0e0, 0x0000000005f020b8]
Event: 139.428 Thread 0x000000001856e800 16335       2       com.android.dx.cf.direct.StdAttributeFactory::runtimeVisibleAnnotations (44 bytes)
Event: 139.429 Thread 0x000000001856e800 nmethod 16335 0x000000000566fa10 code [0x000000000566fba0, 0x000000000566fed8]

GC Heap History (10 events):
Event: 135.484 GC heap before
{Heap before GC invocations=34 (full 6):
 PSYoungGen      total 296448K, used 257536K [0x00000000e0000000, 0x00000000f8400000, 0x0000000100000000)
  eden space 257536K, 100% used [0x00000000e0000000,0x00000000efb80000,0x00000000efb80000)
  from space 38912K, 0% used [0x00000000f3480000,0x00000000f3480000,0x00000000f5a80000)
  to   space 58368K, 0% used [0x00000000efb80000,0x00000000efb80000,0x00000000f3480000)
 ParOldGen       total 146432K, used 137034K [0x00000000a0000000, 0x00000000a8f00000, 0x00000000e0000000)
  object space 146432K, 93% used [0x00000000a0000000,0x00000000a85d2b10,0x00000000a8f00000)
 Metaspace       used 71376K, capacity 73974K, committed 74752K, reserved 1114112K
  class space    used 9314K, capacity 9828K, committed 9984K, reserved 1048576K
Event: 135.904 GC heap after
Heap after GC invocations=34 (full 6):
 PSYoungGen      total 296448K, used 0K [0x00000000e0000000, 0x00000000f8400000, 0x0000000100000000)
  eden space 257536K, 0% used [0x00000000e0000000,0x00000000e0000000,0x00000000efb80000)
  from space 38912K, 0% used [0x00000000f3480000,0x00000000f3480000,0x00000000f5a80000)
  to   space 58368K, 0% used [0x00000000efb80000,0x00000000efb80000,0x00000000f3480000)
 ParOldGen       total 146432K, used 77869K [0x00000000a0000000, 0x00000000a8f00000, 0x00000000e0000000)
  object space 146432K, 53% used [0x00000000a0000000,0x00000000a4c0b4a0,0x00000000a8f00000)
 Metaspace       used 71376K, capacity 73974K, committed 74752K, reserved 1114112K
  class space    used 9314K, capacity 9828K, committed 9984K, reserved 1048576K
}
Event: 137.287 GC heap before
{Heap before GC invocations=35 (full 6):
 PSYoungGen      total 296448K, used 257536K [0x00000000e0000000, 0x00000000f8400000, 0x0000000100000000)
  eden space 257536K, 100% used [0x00000000e0000000,0x00000000efb80000,0x00000000efb80000)
  from space 38912K, 0% used [0x00000000f3480000,0x00000000f3480000,0x00000000f5a80000)
  to   space 58368K, 0% used [0x00000000efb80000,0x00000000efb80000,0x00000000f3480000)
 ParOldGen       total 146432K, used 77869K [0x00000000a0000000, 0x00000000a8f00000, 0x00000000e0000000)
  object space 146432K, 53% used [0x00000000a0000000,0x00000000a4c0b6f8,0x00000000a8f00000)
 Metaspace       used 71412K, capacity 74038K, committed 74752K, reserved 1114112K
  class space    used 9315K, capacity 9828K, committed 9984K, reserved 1048576K
Event: 137.391 GC heap after
Heap after GC invocations=35 (full 6):
 PSYoungGen      total 315904K, used 34585K [0x00000000e0000000, 0x00000000f9880000, 0x0000000100000000)
  eden space 257536K, 0% used [0x00000000e0000000,0x00000000e0000000,0x00000000efb80000)
  from space 58368K, 59% used [0x00000000efb80000,0x00000000f1d46528,0x00000000f3480000)
  to   space 59392K, 0% used [0x00000000f5e80000,0x00000000f5e80000,0x00000000f9880000)
 ParOldGen       total 146432K, used 77869K [0x00000000a0000000, 0x00000000a8f00000, 0x00000000e0000000)
  object space 146432K, 53% used [0x00000000a0000000,0x00000000a4c0b6f8,0x00000000a8f00000)
 Metaspace       used 71412K, capacity 74038K, committed 74752K, reserved 1114112K
  class space    used 9315K, capacity 9828K, committed 9984K, reserved 1048576K
}
Event: 138.412 GC heap before
{Heap before GC invocations=36 (full 6):
 PSYoungGen      total 315904K, used 292121K [0x00000000e0000000, 0x00000000f9880000, 0x0000000100000000)
  eden space 257536K, 100% used [0x00000000e0000000,0x00000000efb80000,0x00000000efb80000)
  from space 58368K, 59% used [0x00000000efb80000,0x00000000f1d46528,0x00000000f3480000)
  to   space 59392K, 0% used [0x00000000f5e80000,0x00000000f5e80000,0x00000000f9880000)
 ParOldGen       total 146432K, used 77869K [0x00000000a0000000, 0x00000000a8f00000, 0x00000000e0000000)
  object space 146432K, 53% used [0x00000000a0000000,0x00000000a4c0b6f8,0x00000000a8f00000)
 Metaspace       used 71415K, capacity 74038K, committed 74752K, reserved 1114112K
  class space    used 9315K, capacity 9828K, committed 9984K, reserved 1048576K
Event: 138.622 GC heap after
Heap after GC invocations=36 (full 6):
 PSYoungGen      total 316928K, used 38262K [0x00000000e0000000, 0x00000000f9880000, 0x0000000100000000)
  eden space 257536K, 0% used [0x00000000e0000000,0x00000000e0000000,0x00000000efb80000)
  from space 59392K, 64% used [0x00000000f5e80000,0x00000000f83dd9f8,0x00000000f9880000)
  to   space 58368K, 0% used [0x00000000efb80000,0x00000000efb80000,0x00000000f3480000)
 ParOldGen       total 146432K, used 110686K [0x00000000a0000000, 0x00000000a8f00000, 0x00000000e0000000)
  object space 146432K, 75% used [0x00000000a0000000,0x00000000a6c179d0,0x00000000a8f00000)
 Metaspace       used 71415K, capacity 74038K, committed 74752K, reserved 1114112K
  class space    used 9315K, capacity 9828K, committed 9984K, reserved 1048576K
}
Event: 139.490 GC heap before
{Heap before GC invocations=37 (full 6):
 PSYoungGen      total 316928K, used 295798K [0x00000000e0000000, 0x00000000f9880000, 0x0000000100000000)
  eden space 257536K, 100% used [0x00000000e0000000,0x00000000efb80000,0x00000000efb80000)
  from space 59392K, 64% used [0x00000000f5e80000,0x00000000f83dd9f8,0x00000000f9880000)
  to   space 58368K, 0% used [0x00000000efb80000,0x00000000efb80000,0x00000000f3480000)
 ParOldGen       total 146432K, used 110686K [0x00000000a0000000, 0x00000000a8f00000, 0x00000000e0000000)
  object space 146432K, 75% used [0x00000000a0000000,0x00000000a6c179d0,0x00000000a8f00000)
 Metaspace       used 71419K, capacity 74038K, committed 74752K, reserved 1114112K
  class space    used 9315K, capacity 9828K, committed 9984K, reserved 1048576K
Event: 139.664 GC heap after
Heap after GC invocations=37 (full 6):
 PSYoungGen      total 315904K, used 34420K [0x00000000e0000000, 0x00000000f9880000, 0x0000000100000000)
  eden space 257536K, 0% used [0x00000000e0000000,0x00000000e0000000,0x00000000efb80000)
  from space 58368K, 58% used [0x00000000efb80000,0x00000000f1d1d2b8,0x00000000f3480000)
  to   space 59392K, 0% used [0x00000000f5e80000,0x00000000f5e80000,0x00000000f9880000)
 ParOldGen       total 146432K, used 145887K [0x00000000a0000000, 0x00000000a8f00000, 0x00000000e0000000)
  object space 146432K, 99% used [0x00000000a0000000,0x00000000a8e77d50,0x00000000a8f00000)
 Metaspace       used 71419K, capacity 74038K, committed 74752K, reserved 1114112K
  class space    used 9315K, capacity 9828K, committed 9984K, reserved 1048576K
}
Event: 139.664 GC heap before
{Heap before GC invocations=38 (full 7):
 PSYoungGen      total 315904K, used 34420K [0x00000000e0000000, 0x00000000f9880000, 0x0000000100000000)
  eden space 257536K, 0% used [0x00000000e0000000,0x00000000e0000000,0x00000000efb80000)
  from space 58368K, 58% used [0x00000000efb80000,0x00000000f1d1d2b8,0x00000000f3480000)
  to   space 59392K, 0% used [0x00000000f5e80000,0x00000000f5e80000,0x00000000f9880000)
 ParOldGen       total 146432K, used 145887K [0x00000000a0000000, 0x00000000a8f00000, 0x00000000e0000000)
  object space 146432K, 99% used [0x00000000a0000000,0x00000000a8e77d50,0x00000000a8f00000)
 Metaspace       used 71419K, capacity 74038K, committed 74752K, reserved 1114112K
  class space    used 9315K, capacity 9828K, committed 9984K, reserved 1048576K
Event: 141.994 GC heap after
Heap after GC invocations=38 (full 7):
 PSYoungGen      total 315904K, used 22963K [0x00000000e0000000, 0x00000000f9880000, 0x0000000100000000)
  eden space 257536K, 0% used [0x00000000e0000000,0x00000000e0000000,0x00000000efb80000)
  from space 58368K, 39% used [0x00000000efb80000,0x00000000f11ecdf8,0x00000000f3480000)
  to   space 59392K, 0% used [0x00000000f5e80000,0x00000000f5e80000,0x00000000f9880000)
 ParOldGen       total 146432K, used 146360K [0x00000000a0000000, 0x00000000a8f00000, 0x00000000e0000000)
  object space 146432K, 99% used [0x00000000a0000000,0x00000000a8eee018,0x00000000a8f00000)
 Metaspace       used 71419K, capacity 74038K, committed 74752K, reserved 1114112K
  class space    used 9315K, capacity 9828K, committed 9984K, reserved 1048576K
}

Deoptimization events (10 events):
Event: 136.744 Thread 0x000000001dba8000 Uncommon trap: reason=bimorphic action=maybe_recompile pc=0x0000000006138db8 method=com.android.dx.ssa.LiteralOpUpgrader.tryReplacingWithConstant(Lcom/android/dx/ssa/NormalSsaInsn;)Z @ 62
Event: 136.746 Thread 0x000000001dba8000 Uncommon trap: reason=bimorphic action=maybe_recompile pc=0x0000000006138db8 method=com.android.dx.ssa.LiteralOpUpgrader.tryReplacingWithConstant(Lcom/android/dx/ssa/NormalSsaInsn;)Z @ 62
Event: 137.444 Thread 0x000000001e8bb000 Uncommon trap: reason=bimorphic action=maybe_recompile pc=0x0000000006138db8 method=com.android.dx.ssa.LiteralOpUpgrader.tryReplacingWithConstant(Lcom/android/dx/ssa/NormalSsaInsn;)Z @ 62
Event: 137.459 Thread 0x000000001e8ba000 Uncommon trap: reason=bimorphic action=maybe_recompile pc=0x0000000006138db8 method=com.android.dx.ssa.LiteralOpUpgrader.tryReplacingWithConstant(Lcom/android/dx/ssa/NormalSsaInsn;)Z @ 62
Event: 137.498 Thread 0x000000001dba8000 Uncommon trap: reason=bimorphic action=maybe_recompile pc=0x0000000006283068 method=com.android.dx.cf.code.OneLocalsArray.set(ILcom/android/dx/rop/type/TypeBearer;)V @ 85
Event: 138.004 Thread 0x000000001e8c1000 Uncommon trap: reason=bimorphic action=maybe_recompile pc=0x0000000005fd242c method=com.android.dx.cf.code.BytecodeArray.parseInstruction(ILcom/android/dx/cf/code/BytecodeArray$Visitor;)I @ 1287
Event: 138.004 Thread 0x000000001e8c1000 Uncommon trap: reason=bimorphic action=maybe_recompile pc=0x0000000005fd242c method=com.android.dx.cf.code.BytecodeArray.parseInstruction(ILcom/android/dx/cf/code/BytecodeArray$Visitor;)I @ 1287
Event: 138.085 Thread 0x000000001e8b8800 Uncommon trap: reason=unreached action=reinterpret pc=0x00000000041f166c method=java.util.concurrent.ConcurrentHashMap.transfer([Ljava/util/concurrent/ConcurrentHashMap$Node;[Ljava/util/concurrent/ConcurrentHashMap$Node;)V @ 34
Event: 138.628 Thread 0x000000001dbae000 Uncommon trap: reason=bimorphic action=maybe_recompile pc=0x0000000006283068 method=com.android.dx.cf.code.OneLocalsArray.set(ILcom/android/dx/rop/type/TypeBearer;)V @ 85
Event: 138.772 Thread 0x000000001e8b6800 Uncommon trap: reason=bimorphic action=maybe_recompile pc=0x0000000006283068 method=com.android.dx.cf.code.OneLocalsArray.set(ILcom/android/dx/rop/type/TypeBearer;)V @ 85

Internal exceptions (10 events):
Event: 129.489 Thread 0x000000001dbae800 Exception <a 'java/security/PrivilegedActionException'> (0x00000000e29fe248) thrown at [D:\re\workspace\8-2-build-windows-amd64-cygwin\jdk8u20\1074\hotspot\src\share\vm\prims\jvm.cpp, line 1275]
Event: 129.526 Thread 0x000000001dbae800 Exception <a 'java/security/PrivilegedActionException'> (0x00000000e305ff68) thrown at [D:\re\workspace\8-2-build-windows-amd64-cygwin\jdk8u20\1074\hotspot\src\share\vm\prims\jvm.cpp, line 1275]
Event: 129.527 Thread 0x000000001dbae800 Exception <a 'java/security/PrivilegedActionException'> (0x00000000e30719b8) thrown at [D:\re\workspace\8-2-build-windows-amd64-cygwin\jdk8u20\1074\hotspot\src\share\vm\prims\jvm.cpp, line 1275]
Event: 129.542 Thread 0x000000001e8b8000 Implicit null exception at 0x00000000061799b6 to 0x000000000617a121
Event: 129.706 Thread 0x000000001dbae000 Exception <a 'java/security/PrivilegedActionException'> (0x00000000e4f3afa8) thrown at [D:\re\workspace\8-2-build-windows-amd64-cygwin\jdk8u20\1074\hotspot\src\share\vm\prims\jvm.cpp, line 1275]
Event: 130.212 Thread 0x000000001e8bd000 Implicit null exception at 0x0000000006108c1b to 0x0000000006109a19
Event: 130.468 Thread 0x000000001dbae800 Exception <a 'java/security/PrivilegedActionException'> (0x00000000ece0eb68) thrown at [D:\re\workspace\8-2-build-windows-amd64-cygwin\jdk8u20\1074\hotspot\src\share\vm\prims\jvm.cpp, line 1275]
Event: 131.296 Thread 0x000000001e8bc800 Implicit null exception at 0x00000000060f4ae1 to 0x00000000060f4cb1
Event: 131.297 Thread 0x000000001e8bc800 Implicit null exception at 0x0000000006165901 to 0x0000000006167229
Event: 135.173 Thread 0x000000001e8b3800 Implicit null exception at 0x000000000628be0b to 0x000000000628c735

Events (10 events):
Event: 141.995 Executing VM operation: RevokeBias
Event: 141.996 Executing VM operation: RevokeBias done
Event: 141.996 Executing VM operation: BulkRevokeBias
Event: 141.996 Executing VM operation: BulkRevokeBias done
Event: 142.007 Thread 0x000000001e8bb800 Thread exited: 0x000000001e8bb800
Event: 142.025 Thread 0x000000001e8b5000 DEOPT PACKING pc=0x00000000038a42c1 sp=0x000000002e2ee8b0
Event: 142.025 Thread 0x000000001e8b5000 DEOPT UNPACKING pc=0x00000000035975bf sp=0x000000002e2ee6e0 mode 0
Event: 142.036 Thread 0x000000001e8b5000 DEOPT PACKING pc=0x0000000005fb423b sp=0x000000002e2ee8d0
Event: 142.037 Thread 0x000000001e8b5000 DEOPT UNPACKING pc=0x00000000035975bf sp=0x000000002e2ee650 mode 0
Event: 142.045 Thread 0x000000001e8b5800 Thread exited: 0x000000001e8b5800


Dynamic libraries:
0x00007ff7ddb70000 - 0x00007ff7ddba4000 	D:\java\jdk1.8.0_20\bin\java.exe
0x00007ff9f0bf0000 - 0x00007ff9f0db1000 	C:\WINDOWS\SYSTEM32\ntdll.dll
0x00007ff9f00b0000 - 0x00007ff9f015d000 	C:\WINDOWS\system32\KERNEL32.DLL
0x00007ff9edd30000 - 0x00007ff9edf18000 	C:\WINDOWS\system32\KERNELBASE.dll
0x00007ff9f03e0000 - 0x00007ff9f0487000 	C:\WINDOWS\system32\ADVAPI32.dll
0x00007ff9ee530000 - 0x00007ff9ee5cd000 	C:\WINDOWS\system32\msvcrt.dll
0x00007ff9ee460000 - 0x00007ff9ee4bb000 	C:\WINDOWS\system32\sechost.dll
0x00007ff9f0600000 - 0x00007ff9f071c000 	C:\WINDOWS\system32\RPCRT4.dll
0x00007ff9f0270000 - 0x00007ff9f03c6000 	C:\WINDOWS\system32\USER32.dll
0x00007ff9eff20000 - 0x00007ff9f00a6000 	C:\WINDOWS\system32\GDI32.dll
0x00007ff9ea460000 - 0x00007ff9ea6d4000 	C:\WINDOWS\WinSxS\amd64_microsoft.windows.common-controls_6595b64144ccf1df_6.0.10586.589_none_a2ddb3caa539acce\COMCTL32.dll
0x00007ff9f08f0000 - 0x00007ff9f0b6d000 	C:\WINDOWS\system32\combase.dll
0x00007ff9ed5c0000 - 0x00007ff9ed62a000 	C:\WINDOWS\system32\bcryptPrimitives.dll
0x00007ff9ee400000 - 0x00007ff9ee43b000 	C:\WINDOWS\system32\IMM32.DLL
0x00007ff9ed0e0000 - 0x00007ff9ed111000 	C:\Windows\system32\nvinitx.dll
0x00007ff9ed0d0000 - 0x00007ff9ed0da000 	C:\WINDOWS\SYSTEM32\VERSION.dll
0x00000000664f0000 - 0x00000000665c2000 	D:\java\jdk1.8.0_20\jre\bin\msvcr100.dll
0x0000000065ba0000 - 0x00000000663f8000 	D:\java\jdk1.8.0_20\jre\bin\server\jvm.dll
0x00007ff9ee950000 - 0x00007ff9ee958000 	C:\WINDOWS\system32\PSAPI.DLL
0x00007ff9e1100000 - 0x00007ff9e1109000 	C:\WINDOWS\SYSTEM32\WSOCK32.dll
0x00007ff9ee4c0000 - 0x00007ff9ee52b000 	C:\WINDOWS\system32\WS2_32.dll
0x00007ff9eb5c0000 - 0x00007ff9eb5e3000 	C:\WINDOWS\SYSTEM32\WINMM.dll
0x00007ff9eb590000 - 0x00007ff9eb5bc000 	C:\WINDOWS\SYSTEM32\WINMMBASE.dll
0x00007ff9edf80000 - 0x00007ff9edfc3000 	C:\WINDOWS\system32\cfgmgr32.dll
0x0000000065b90000 - 0x0000000065b9f000 	D:\java\jdk1.8.0_20\jre\bin\verify.dll
0x0000000065b60000 - 0x0000000065b88000 	D:\java\jdk1.8.0_20\jre\bin\java.dll
0x0000000065b40000 - 0x0000000065b56000 	D:\java\jdk1.8.0_20\jre\bin\zip.dll
0x00007ff9ee9c0000 - 0x00007ff9eff1c000 	C:\WINDOWS\system32\SHELL32.dll
0x00007ff9ed6e0000 - 0x00007ff9edd25000 	C:\WINDOWS\system32\windows.storage.dll
0x00007ff9ee960000 - 0x00007ff9ee9b2000 	C:\WINDOWS\system32\shlwapi.dll
0x00007ff9ed270000 - 0x00007ff9ed27f000 	C:\WINDOWS\system32\kernel.appcore.dll
0x00007ff9ed330000 - 0x00007ff9ed3e5000 	C:\WINDOWS\system32\shcore.dll
0x00007ff9ed1f0000 - 0x00007ff9ed23b000 	C:\WINDOWS\system32\powrprof.dll
0x00007ff9ed240000 - 0x00007ff9ed254000 	C:\WINDOWS\system32\profapi.dll
0x0000000065b20000 - 0x0000000065b3a000 	D:\java\jdk1.8.0_20\jre\bin\net.dll
0x00007ff9eca70000 - 0x00007ff9ecacc000 	C:\WINDOWS\system32\mswsock.dll
0x0000000065b00000 - 0x0000000065b11000 	D:\java\jdk1.8.0_20\jre\bin\nio.dll
0x00007ff9e3f20000 - 0x00007ff9e3f32000 	C:\Users\Administrator\.gradle\native\19\windows-amd64\native-platform.dll
0x00007ff9ecb20000 - 0x00007ff9ecb37000 	C:\WINDOWS\SYSTEM32\CRYPTSP.dll
0x00007ff9ec7b0000 - 0x00007ff9ec7e4000 	C:\WINDOWS\system32\rsaenh.dll
0x00007ff9ed120000 - 0x00007ff9ed149000 	C:\WINDOWS\SYSTEM32\bcrypt.dll
0x00007ff9ec900000 - 0x00007ff9ec91f000 	C:\WINDOWS\SYSTEM32\USERENV.dll
0x00007ff9ecc40000 - 0x00007ff9ecc4b000 	C:\WINDOWS\SYSTEM32\CRYPTBASE.dll
0x00007ff9e9f40000 - 0x00007ff9e9f78000 	C:\WINDOWS\SYSTEM32\IPHLPAPI.DLL
0x00007ff9f03d0000 - 0x00007ff9f03d8000 	C:\WINDOWS\system32\NSI.dll
0x00007ff9e6b60000 - 0x00007ff9e6b76000 	C:\WINDOWS\SYSTEM32\dhcpcsvc6.DLL
0x00007ff9e4c00000 - 0x00007ff9e4c1a000 	C:\WINDOWS\SYSTEM32\dhcpcsvc.DLL
0x0000000065900000 - 0x000000006590d000 	D:\java\jdk1.8.0_20\jre\bin\management.dll
0x00007ff9dfa00000 - 0x00007ff9dfb8c000 	C:\WINDOWS\SYSTEM32\dbghelp.dll

VM Arguments:
jvm_args: -Xmx1536m -Dfile.encoding=GBK -Duser.country=CN -Duser.language=zh -Duser.variant 
java_command: org.gradle.launcher.daemon.bootstrap.GradleDaemon 2.14.1
java_class_path (initial): C:\Users\Administrator\.gradle\wrapper\dists\gradle-2.14.1-all\8bnwg5hd3w55iofp58khbp6yv\gradle-2.14.1\lib\gradle-launcher-2.14.1.jar
Launcher Type: SUN_STANDARD

Environment Variables:
JAVA_HOME=D:\java\jdk1.8.0_20
CLASSPATH=.;D:\java\jdk1.8.0_20\lib\dt.jar;D:\java\jdk1.8.0_20\lib\tools.jar;D:\apache-tomcat-7.0.65-windows-x64\apache-tomcat-7.0.65\lib\servlet-api.jar;D:\apache-tomcat-7.0.65-windows-x64\apache-tomcat-7.0.65\lib\jsp-api.jar;D:\eclipse_javaEE\lib\Aspectj\install\lib\aspectjrt.jar
PATH=C:\ProgramData\Oracle\Java\javapath;D:\java\jdk1.8.0_20\bin;D:\java\jdk1.8.0_20\jre\binC:\WINDOWS\system32;C:\WINDOWS;C:\WINDOWS\System32\Wbem;C:\WINDOWS\System32\WindowsPowerShell\v1.0\;C:\Program Files\Microsoft SQL Server\110\Tools\Binn\;C:\Program Files (x86)\Microsoft SDKs\TypeScript\1.0\;D:\MATLAB\bin\win32;C:\Windows\System32;C:\Program Files\Intel\WiFi\bin\;C:\Program Files\Common Files\Intel\WirelessCommon\;D:\java\jdk1.8.0_20\bin;D:\;amp\wamp\bin\mysql\mysql5.5.20\bin;D:\python2.7.10\install;D:\wamp\wamp\bin\mysql\mysql5.5.20\bin;D:\python2.7.10\install\Scripts;C:\mongodb\bin;D:\nodejs\nvmw;D:\nodejs\nvmw\v4.2.1;D:\svn\bin;D:\scala\install\bin;D:\sbt\install\\bin;D:\sbt\install\bin;D:\git\Git\bin;D:\ant\apache-ant-1.9.6/bin;D:\curl;D:\wamp\wamp\bin\php\php5.3.10;D:\wamp\wamp\bin\php\php5.5.12;C:\ProgramData\ComposerSetup\bin;C:\Users\Administrator\AppData\Roaming\Composer\Vendor\bin;D:\OCR\install\Tesseract-OCR;C:\WINDOWS\system32;C:\Program Files (x86)\Windows Kits\10\Windows Performance Toolkit\;D:\makeForWin\GnuWin32\bin;D:\eclipse_javaEE\lib\Aspectj\install\bin;D:\maven\apache-maven-3.3.9\bin;D:\php\php-5.6.21-Win32-VC11-x64;D:\php\php-5.6.21-Win32-VC11-x64\ext;D:\mysql\mysql-5.6.24-winx64\bin;D:\nodejs\nvmw\v6.2.0\;D:\jdk\adt-bundle-windows-x86_64-20140702\sdk\tools;D:\jdk\adt-bundle-windows-x86_64-20140702\sdk\platform-tools;D:\openVPN\install\OpenVPN\bin;D:\nmap\nmap-7.31;D:\cocos2d-x\templates;D:\cocos2d-x\tools\cocos2d-console\bin;C:\Program Files\Intel\WiFi\bin\;C:\Program Files\Common Files\Intel\WirelessCommon\;C:\Users\Administrator\AppData\Roaming\npm
USERNAME=Administrator
OS=Windows_NT
PROCESSOR_IDENTIFIER=Intel64 Family 6 Model 58 Stepping 9, GenuineIntel



---------------  S Y S T E M  ---------------

OS: Windows 8.1 , 64 bit Build 9600 

CPU:total 4 (2 cores per cpu, 2 threads per core) family 6 model 58 stepping 9, cmov, cx8, fxsr, mmx, sse, sse2, sse3, ssse3, sse4.1, sse4.2, popcnt, avx, aes, clmul, erms, ht, tsc, tscinvbit, tscinv

Memory: 4k page, physical 6148232k(713236k free), swap 6675576k(2948k free)

vm_info: Java HotSpot(TM) 64-Bit Server VM (25.20-b23) for windows-amd64 JRE (1.8.0_20-b26), built on Jul 30 2014 13:51:23 by "java_re" with MS VC++ 10.0 (VS2010)

time: Sun Nov 27 02:39:46 2016
elapsed time: 142 seconds (0d 0h 2m 22s)

