#
# There is insufficient memory for the Java Runtime Environment to continue.
# Native memory allocation (malloc) failed to allocate 33554448 bytes for Chunk::new
# Possible reasons:
#   The system is out of physical RAM or swap space
#   In 32 bit mode, the process size limit was hit
# Possible solutions:
#   Reduce memory load on the system
#   Increase physical memory or swap space
#   Check if swap backing store is full
#   Use 64 bit Java on a 64 bit OS
#   Decrease Java heap size (-Xmx/-Xms)
#   Decrease number of Java threads
#   Decrease Java thread stack sizes (-Xss)
#   Set larger code cache with -XX:ReservedCodeCacheSize=
# This output file may be truncated or incomplete.
#
#  Out of Memory Error (allocation.cpp:390), pid=5944, tid=10672
#
# JRE version: Java(TM) SE Runtime Environment (8.0_20-b26) (build 1.8.0_20-b26)
# Java VM: Java HotSpot(TM) 64-Bit Server VM (25.20-b23 mixed mode windows-amd64 compressed oops)
# Failed to write core dump. Minidumps are not enabled by default on client versions of Windows
#

---------------  T H R E A D  ---------------

Current thread (0x0000000016abc000):  JavaThread "C2 CompilerThread0" daemon [_thread_in_native, id=10672, stack(0x0000000017fc0000,0x00000000180c0000)]

Stack: [0x0000000017fc0000,0x00000000180c0000]
Native frames: (J=compiled Java code, j=interpreted, Vv=VM code, C=native code)
V  [jvm.dll+0x3152fa]
V  [jvm.dll+0x265d03]
V  [jvm.dll+0x266943]
V  [jvm.dll+0x25e265]
V  [jvm.dll+0xbe255]
V  [jvm.dll+0xbe6fc]
V  [jvm.dll+0xf3878]
V  [jvm.dll+0x45df30]
V  [jvm.dll+0x45e1ea]
V  [jvm.dll+0x45f0cf]
V  [jvm.dll+0x46147a]
V  [jvm.dll+0x4635c5]
V  [jvm.dll+0x463f4c]
V  [jvm.dll+0x464293]
V  [jvm.dll+0x451093]
V  [jvm.dll+0x452634]
V  [jvm.dll+0x435fc2]
V  [jvm.dll+0x97b62]
V  [jvm.dll+0x98353]
V  [jvm.dll+0x22aac4]
V  [jvm.dll+0x283f5a]
C  [msvcr100.dll+0x21d9f]
C  [msvcr100.dll+0x21e3b]
C  [KERNEL32.DLL+0x18102]
C  [ntdll.dll+0x5c5b4]


Current CompileTask:
C2: 470637 14947   !   4       com.android.dx.cf.code.Ropper::processBlock (1101 bytes)


---------------  P R O C E S S  ---------------

Java Threads: ( => current thread )
  0x0000000020c25800 JavaThread "pool-62-thread-1" [_thread_in_Java, id=9436, stack(0x0000000030b50000,0x0000000030c50000)]
  0x0000000020c2c000 JavaThread "pool-66-thread-4" [_thread_blocked, id=13192, stack(0x0000000030a50000,0x0000000030b50000)]
  0x0000000020c24000 JavaThread "pool-66-thread-3" [_thread_blocked, id=4956, stack(0x0000000030950000,0x0000000030a50000)]
  0x0000000020c2a000 JavaThread "pool-66-thread-2" [_thread_blocked, id=5796, stack(0x0000000030850000,0x0000000030950000)]
  0x0000000020c29800 JavaThread "pool-67-thread-1" [_thread_blocked, id=10676, stack(0x0000000030750000,0x0000000030850000)]
  0x0000000020c27000 JavaThread "pool-66-thread-1" [_thread_blocked, id=9652, stack(0x0000000030650000,0x0000000030750000)]
  0x00000000182b4000 JavaThread "pool-16-thread-1" [_thread_in_Java, id=312, stack(0x0000000030050000,0x0000000030150000)]
  0x00000000182b5800 JavaThread "pool-44-thread-1" [_thread_in_Java, id=11336, stack(0x000000002fe50000,0x000000002ff50000)]
  0x000000001d059000 JavaThread "pool-13-thread-4" [_thread_in_native, id=10972, stack(0x000000002b050000,0x000000002b150000)]
  0x000000001d05f800 JavaThread "pool-13-thread-3" [_thread_blocked, id=7208, stack(0x000000002af50000,0x000000002b050000)]
  0x000000001d05f000 JavaThread "pool-13-thread-2" [_thread_blocked, id=5876, stack(0x000000002ae50000,0x000000002af50000)]
  0x000000001d05e000 JavaThread "pool-13-thread-1" [_thread_blocked, id=10312, stack(0x000000002ad50000,0x000000002ae50000)]
  0x000000001d05c000 JavaThread "pool-7-thread-4" [_thread_blocked, id=6564, stack(0x0000000022650000,0x0000000022750000)]
  0x000000001d05b000 JavaThread "pool-7-thread-3" [_thread_blocked, id=6528, stack(0x0000000022550000,0x0000000022650000)]
  0x000000001d05a800 JavaThread "pool-7-thread-2" [_thread_blocked, id=5056, stack(0x0000000022450000,0x0000000022550000)]
  0x000000001d057800 JavaThread "pool-7-thread-1" [_thread_blocked, id=748, stack(0x0000000022350000,0x0000000022450000)]
  0x000000001d059800 JavaThread "Stdin handler" [_thread_blocked, id=1124, stack(0x0000000022250000,0x0000000022350000)]
  0x000000001d052000 JavaThread "Asynchronous log dispatcher for org.gradle.launcher.daemon.server.DefaultDaemonConnection@4fa9f6d7" [_thread_blocked, id=500, stack(0x0000000022150000,0x0000000022250000)]
  0x000000001d055000 JavaThread "Daemon worker Thread 2" [_thread_blocked, id=3140, stack(0x0000000022050000,0x0000000022150000)]
  0x000000001d053800 JavaThread "Cancel handler" [_thread_blocked, id=12748, stack(0x0000000021f50000,0x0000000022050000)]
  0x000000001d053000 JavaThread "Handler for socket connection from /127.0.0.1:65213 to /127.0.0.1:50238" [_thread_in_native, id=5380, stack(0x0000000021e50000,0x0000000021f50000)]
  0x000000001d058000 JavaThread "Daemon Thread 2" [_thread_blocked, id=4600, stack(0x0000000021d50000,0x0000000021e50000)]
  0x00000000182b7800 JavaThread "pool-2-thread-1" [_thread_blocked, id=12180, stack(0x000000001e5e0000,0x000000001e6e0000)]
  0x00000000182b4800 JavaThread "File lock request listener" [_thread_in_native, id=6524, stack(0x000000001e4e0000,0x000000001e5e0000)]
  0x000000001824e800 JavaThread "Incoming local TCP Connector on port 65213" [_thread_in_native, id=12076, stack(0x000000001a460000,0x000000001a560000)]
  0x0000000019778800 JavaThread "pool-1-thread-1" [_thread_blocked, id=5868, stack(0x00000000190c0000,0x00000000191c0000)]
  0x0000000018139000 JavaThread "Service Thread" daemon [_thread_blocked, id=11876, stack(0x00000000186c0000,0x00000000187c0000)]
  0x00000000180d7000 JavaThread "C1 CompilerThread2" daemon [_thread_blocked, id=2012, stack(0x00000000185c0000,0x00000000186c0000)]
  0x0000000016abe800 JavaThread "C2 CompilerThread1" daemon [_thread_in_native, id=10564, stack(0x00000000184c0000,0x00000000185c0000)]
=>0x0000000016abc000 JavaThread "C2 CompilerThread0" daemon [_thread_in_native, id=10672, stack(0x0000000017fc0000,0x00000000180c0000)]
  0x0000000016a70000 JavaThread "Attach Listener" daemon [_thread_blocked, id=10404, stack(0x0000000017ec0000,0x0000000017fc0000)]
  0x0000000016a6f000 JavaThread "Signal Dispatcher" daemon [_thread_blocked, id=11240, stack(0x0000000017dc0000,0x0000000017ec0000)]
  0x00000000030e6000 JavaThread "Finalizer" daemon [_thread_blocked, id=13248, stack(0x0000000017cc0000,0x0000000017dc0000)]
  0x00000000030dc000 JavaThread "Reference Handler" daemon [_thread_blocked, id=228, stack(0x0000000017bc0000,0x0000000017cc0000)]
  0x00000000013ad800 JavaThread "main" [_thread_blocked, id=7156, stack(0x0000000002ef0000,0x0000000002ff0000)]

Other Threads:
  0x0000000016a25000 VMThread [stack: 0x0000000017ac0000,0x0000000017bc0000] [id=13252]
  0x0000000018143800 WatcherThread [stack: 0x00000000187c0000,0x00000000188c0000] [id=3148]

VM state:not at safepoint (normal execution)

VM Mutex/Monitor currently owned by a thread: None

Heap:
 PSYoungGen      total 331776K, used 109939K [0x00000000e0000000, 0x00000000f7a80000, 0x0000000100000000)
  eden space 298496K, 25% used [0x00000000e0000000,0x00000000e4addb80,0x00000000f2380000)
  from space 33280K, 99% used [0x00000000f5180000,0x00000000f71ff3a0,0x00000000f7200000)
  to   space 44544K, 0% used [0x00000000f2380000,0x00000000f2380000,0x00000000f4f00000)
 ParOldGen       total 157184K, used 97509K [0x00000000a0000000, 0x00000000a9980000, 0x00000000e0000000)
  object space 157184K, 62% used [0x00000000a0000000,0x00000000a5f397a8,0x00000000a9980000)
 Metaspace       used 67537K, capacity 69374K, committed 70016K, reserved 1110016K
  class space    used 8620K, capacity 8975K, committed 9088K, reserved 1048576K

Card table byte_map: [0x00000000124b0000,0x00000000127c0000] byte_map_base: 0x0000000011fb0000

Marking Bits: (ParMarkBitMap*) 0x000000006081b460
 Begin Bits: [0x0000000012dc0000, 0x00000000145c0000)
 End Bits:   [0x00000000145c0000, 0x0000000015dc0000)

Polling page: 0x0000000001350000

CodeCache: size=245760Kb used=42120Kb max_used=42120Kb free=203639Kb
 bounds [0x00000000030f0000, 0x0000000005a50000, 0x00000000120f0000]
 total_blobs=13162 nmethods=12417 adapters=657
 compilation: enabled

Compilation events (10 events):
Event: 470.376 Thread 0x00000000180d7000 15470       2       com.android.dx.dex.code.form.Form21h::isCompatible (121 bytes)
Event: 470.377 Thread 0x00000000180d7000 nmethod 15470 0x0000000005a1bb90 code [0x0000000005a1bd60, 0x0000000005a1c1d8]
Event: 470.378 Thread 0x00000000180d7000 15471       2       com.android.dx.dex.code.DalvInsn::expandedSuffix (40 bytes)
Event: 470.379 Thread 0x00000000180d7000 nmethod 15471 0x0000000005a1c5d0 code [0x0000000005a1c760, 0x0000000005a1ca18]
Event: 470.379 Thread 0x00000000180d7000 15472       2       com.android.dx.dex.code.DalvInsn::expandedVersion (20 bytes)
Event: 470.379 Thread 0x00000000180d7000 nmethod 15472 0x0000000005a1cc50 code [0x0000000005a1cdc0, 0x0000000005a1cf78]
Event: 470.469 Thread 0x00000000180d7000 15476 %     3       com.android.dx.dex.code.OutputFinisher::reserveRegisters @ 54 (119 bytes)
Event: 470.470 Thread 0x00000000180d7000 nmethod 15476% 0x0000000005a24510 code [0x0000000005a24760, 0x0000000005a25818]
Event: 470.474 Thread 0x00000000180d7000 15477       1       com.android.dx.dex.code.form.Form22x::codeSize (2 bytes)
Event: 470.475 Thread 0x00000000180d7000 nmethod 15477 0x0000000005a26190 code [0x0000000005a262e0, 0x0000000005a263f0]

GC Heap History (10 events):
Event: 461.720 GC heap before
{Heap before GC invocations=26 (full 3):
 PSYoungGen      total 200704K, used 191797K [0x00000000e0000000, 0x00000000eec80000, 0x0000000100000000)
  eden space 185344K, 100% used [0x00000000e0000000,0x00000000eb500000,0x00000000eb500000)
  from space 15360K, 42% used [0x00000000ec380000,0x00000000ec9cd468,0x00000000ed280000)
  to   space 14848K, 0% used [0x00000000eb500000,0x00000000eb500000,0x00000000ec380000)
 ParOldGen       total 68096K, used 39386K [0x00000000a0000000, 0x00000000a4280000, 0x00000000e0000000)
  object space 68096K, 57% used [0x00000000a0000000,0x00000000a2676a40,0x00000000a4280000)
 Metaspace       used 64857K, capacity 66746K, committed 66944K, reserved 1107968K
  class space    used 8433K, capacity 8787K, committed 8832K, reserved 1048576K
Event: 461.736 GC heap after
Heap after GC invocations=26 (full 3):
 PSYoungGen      total 200192K, used 3379K [0x00000000e0000000, 0x00000000f0a00000, 0x0000000100000000)
  eden space 185344K, 0% used [0x00000000e0000000,0x00000000e0000000,0x00000000eb500000)
  from space 14848K, 22% used [0x00000000eb500000,0x00000000eb84cfe8,0x00000000ec380000)
  to   space 14336K, 0% used [0x00000000efc00000,0x00000000efc00000,0x00000000f0a00000)
 ParOldGen       total 68096K, used 45348K [0x00000000a0000000, 0x00000000a4280000, 0x00000000e0000000)
  object space 68096K, 66% used [0x00000000a0000000,0x00000000a2c49220,0x00000000a4280000)
 Metaspace       used 64857K, capacity 66746K, committed 66944K, reserved 1107968K
  class space    used 8433K, capacity 8787K, committed 8832K, reserved 1048576K
}
Event: 465.026 GC heap before
{Heap before GC invocations=27 (full 3):
 PSYoungGen      total 200192K, used 188723K [0x00000000e0000000, 0x00000000f0a00000, 0x0000000100000000)
  eden space 185344K, 100% used [0x00000000e0000000,0x00000000eb500000,0x00000000eb500000)
  from space 14848K, 22% used [0x00000000eb500000,0x00000000eb84cfe8,0x00000000ec380000)
  to   space 14336K, 0% used [0x00000000efc00000,0x00000000efc00000,0x00000000f0a00000)
 ParOldGen       total 68096K, used 45348K [0x00000000a0000000, 0x00000000a4280000, 0x00000000e0000000)
  object space 68096K, 66% used [0x00000000a0000000,0x00000000a2c49220,0x00000000a4280000)
 Metaspace       used 67898K, capacity 69784K, committed 70016K, reserved 1110016K
  class space    used 8686K, capacity 9050K, committed 9088K, reserved 1048576K
Event: 465.079 GC heap after
Heap after GC invocations=27 (full 3):
 PSYoungGen      total 252416K, used 14319K [0x00000000e0000000, 0x00000000f1280000, 0x0000000100000000)
  eden space 238080K, 0% used [0x00000000e0000000,0x00000000e0000000,0x00000000ee880000)
  from space 14336K, 99% used [0x00000000efc00000,0x00000000f09fbeb8,0x00000000f0a00000)
  to   space 19968K, 0% used [0x00000000ee880000,0x00000000ee880000,0x00000000efc00000)
 ParOldGen       total 68096K, used 54884K [0x00000000a0000000, 0x00000000a4280000, 0x00000000e0000000)
  object space 68096K, 80% used [0x00000000a0000000,0x00000000a35991e0,0x00000000a4280000)
 Metaspace       used 67898K, capacity 69784K, committed 70016K, reserved 1110016K
  class space    used 8686K, capacity 9050K, committed 9088K, reserved 1048576K
}
Event: 466.761 GC heap before
{Heap before GC invocations=28 (full 3):
 PSYoungGen      total 252416K, used 252399K [0x00000000e0000000, 0x00000000f1280000, 0x0000000100000000)
  eden space 238080K, 100% used [0x00000000e0000000,0x00000000ee880000,0x00000000ee880000)
  from space 14336K, 99% used [0x00000000efc00000,0x00000000f09fbeb8,0x00000000f0a00000)
  to   space 19968K, 0% used [0x00000000ee880000,0x00000000ee880000,0x00000000efc00000)
 ParOldGen       total 68096K, used 54884K [0x00000000a0000000, 0x00000000a4280000, 0x00000000e0000000)
  object space 68096K, 80% used [0x00000000a0000000,0x00000000a35991e0,0x00000000a4280000)
 Metaspace       used 67952K, capacity 69848K, committed 70016K, reserved 1110016K
  class space    used 8687K, capacity 9050K, committed 9088K, reserved 1048576K
Event: 466.869 GC heap after
Heap after GC invocations=28 (full 3):
 PSYoungGen      total 258048K, used 19939K [0x00000000e0000000, 0x00000000f7200000, 0x0000000100000000)
  eden space 238080K, 0% used [0x00000000e0000000,0x00000000e0000000,0x00000000ee880000)
  from space 19968K, 99% used [0x00000000ee880000,0x00000000efbf8f98,0x00000000efc00000)
  to   space 33280K, 0% used [0x00000000f5180000,0x00000000f5180000,0x00000000f7200000)
 ParOldGen       total 82944K, used 82421K [0x00000000a0000000, 0x00000000a5100000, 0x00000000e0000000)
  object space 82944K, 99% used [0x00000000a0000000,0x00000000a507d708,0x00000000a5100000)
 Metaspace       used 67952K, capacity 69848K, committed 70016K, reserved 1110016K
  class space    used 8687K, capacity 9050K, committed 9088K, reserved 1048576K
}
Event: 466.869 GC heap before
{Heap before GC invocations=29 (full 4):
 PSYoungGen      total 258048K, used 19939K [0x00000000e0000000, 0x00000000f7200000, 0x0000000100000000)
  eden space 238080K, 0% used [0x00000000e0000000,0x00000000e0000000,0x00000000ee880000)
  from space 19968K, 99% used [0x00000000ee880000,0x00000000efbf8f98,0x00000000efc00000)
  to   space 33280K, 0% used [0x00000000f5180000,0x00000000f5180000,0x00000000f7200000)
 ParOldGen       total 82944K, used 82421K [0x00000000a0000000, 0x00000000a5100000, 0x00000000e0000000)
  object space 82944K, 99% used [0x00000000a0000000,0x00000000a507d708,0x00000000a5100000)
 Metaspace       used 67952K, capacity 69848K, committed 70016K, reserved 1110016K
  class space    used 8687K, capacity 9050K, committed 9088K, reserved 1048576K
Event: 467.981 GC heap after
Heap after GC invocations=29 (full 4):
 PSYoungGen      total 258048K, used 10652K [0x00000000e0000000, 0x00000000f7200000, 0x0000000100000000)
  eden space 238080K, 0% used [0x00000000e0000000,0x00000000e0000000,0x00000000ee880000)
  from space 19968K, 53% used [0x00000000ee880000,0x00000000ef2e7118,0x00000000efc00000)
  to   space 33280K, 0% used [0x00000000f5180000,0x00000000f5180000,0x00000000f7200000)
 ParOldGen       total 157184K, used 82832K [0x00000000a0000000, 0x00000000a9980000, 0x00000000e0000000)
  object space 157184K, 52% used [0x00000000a0000000,0x00000000a50e40a8,0x00000000a9980000)
 Metaspace       used 67326K, capacity 69182K, committed 70016K, reserved 1110016K
  class space    used 8618K, capacity 8975K, committed 9088K, reserved 1048576K
}
Event: 469.485 GC heap before
{Heap before GC invocations=30 (full 4):
 PSYoungGen      total 258048K, used 248732K [0x00000000e0000000, 0x00000000f7200000, 0x0000000100000000)
  eden space 238080K, 100% used [0x00000000e0000000,0x00000000ee880000,0x00000000ee880000)
  from space 19968K, 53% used [0x00000000ee880000,0x00000000ef2e7118,0x00000000efc00000)
  to   space 33280K, 0% used [0x00000000f5180000,0x00000000f5180000,0x00000000f7200000)
 ParOldGen       total 157184K, used 82832K [0x00000000a0000000, 0x00000000a9980000, 0x00000000e0000000)
  object space 157184K, 52% used [0x00000000a0000000,0x00000000a50e40a8,0x00000000a9980000)
 Metaspace       used 67394K, capacity 69246K, committed 70016K, reserved 1110016K
  class space    used 8620K, capacity 8975K, committed 9088K, reserved 1048576K
Event: 469.669 GC heap after
Heap after GC invocations=30 (full 4):
 PSYoungGen      total 331776K, used 33276K [0x00000000e0000000, 0x00000000f7a80000, 0x0000000100000000)
  eden space 298496K, 0% used [0x00000000e0000000,0x00000000e0000000,0x00000000f2380000)
  from space 33280K, 99% used [0x00000000f5180000,0x00000000f71ff3a0,0x00000000f7200000)
  to   space 44544K, 0% used [0x00000000f2380000,0x00000000f2380000,0x00000000f4f00000)
 ParOldGen       total 157184K, used 97509K [0x00000000a0000000, 0x00000000a9980000, 0x00000000e0000000)
  object space 157184K, 62% used [0x00000000a0000000,0x00000000a5f397a8,0x00000000a9980000)
 Metaspace       used 67394K, capacity 69246K, committed 70016K, reserved 1110016K
  class space    used 8620K, capacity 8975K, committed 9088K, reserved 1048576K
}

Deoptimization events (10 events):
Event: 468.636 Thread 0x0000000020c2b000 Uncommon trap: reason=class_check action=maybe_recompile pc=0x00000000057e0e30 method=com.android.dx.rop.code.RegisterSpec.withSimpleType()Lcom/android/dx/rop/code/RegisterSpec; @ 21
Event: 468.637 Thread 0x0000000020c2b000 Uncommon trap: reason=class_check action=maybe_recompile pc=0x00000000057e0e30 method=com.android.dx.rop.code.RegisterSpec.withSimpleType()Lcom/android/dx/rop/code/RegisterSpec; @ 21
Event: 468.660 Thread 0x0000000020c26800 Uncommon trap: reason=bimorphic action=maybe_recompile pc=0x0000000005955e58 method=com.android.dx.cf.code.BytecodeArray.parseInstruction(ILcom/android/dx/cf/code/BytecodeArray$Visitor;)I @ 2135
Event: 468.660 Thread 0x0000000020c26800 Uncommon trap: reason=bimorphic action=maybe_recompile pc=0x0000000005955e58 method=com.android.dx.cf.code.BytecodeArray.parseInstruction(ILcom/android/dx/cf/code/BytecodeArray$Visitor;)I @ 2135
Event: 468.733 Thread 0x0000000020c2f000 Uncommon trap: reason=unreached action=reinterpret pc=0x00000000058938d4 method=com.android.dx.rop.code.LocalItem.compareHandlesNulls(Lcom/android/dx/rop/cst/CstString;Lcom/android/dx/rop/cst/CstString;)I @ 14
Event: 468.859 Thread 0x0000000020c2a000 Uncommon trap: reason=class_check action=maybe_recompile pc=0x000000000586ade4 method=com.android.dx.cf.code.RopperMachine.run(Lcom/android/dx/cf/code/Frame;II)V @ 1024
Event: 468.898 Thread 0x0000000020c33800 Uncommon trap: reason=unreached action=reinterpret pc=0x00000000059892a8 method=com.android.dx.rop.code.LocalItem.compareHandlesNulls(Lcom/android/dx/rop/cst/CstString;Lcom/android/dx/rop/cst/CstString;)I @ 14
Event: 468.898 Thread 0x0000000020c33800 Uncommon trap: reason=unreached action=reinterpret pc=0x00000000058b9cd0 method=com.android.dx.rop.code.LocalItem.compareHandlesNulls(Lcom/android/dx/rop/cst/CstString;Lcom/android/dx/rop/cst/CstString;)I @ 14
Event: 469.874 Thread 0x0000000020c2c000 Uncommon trap: reason=unreached action=reinterpret pc=0x000000000323f7a8 method=java.util.HashMap.getNode(ILjava/lang/Object;)Ljava/util/HashMap$Node; @ 84
Event: 469.874 Thread 0x0000000020c2c000 Uncommon trap: reason=unreached action=reinterpret pc=0x00000000038f1e4c method=java.util.HashMap.getNode(ILjava/lang/Object;)Ljava/util/HashMap$Node; @ 84

Internal exceptions (10 events):
Event: 464.122 Thread 0x0000000020c27000 Implicit null exception at 0x00000000039b0a4e to 0x00000000039b1699
Event: 464.476 Thread 0x000000001d05e000 Exception <a 'java/security/PrivilegedActionException'> (0x00000000e7170a08) thrown at [D:\re\workspace\8-2-build-windows-amd64-cygwin\jdk8u20\1074\hotspot\src\share\vm\prims\jvm.cpp, line 1275]
Event: 464.477 Thread 0x000000001d05e000 Exception <a 'java/security/PrivilegedActionException'> (0x00000000e7175170) thrown at [D:\re\workspace\8-2-build-windows-amd64-cygwin\jdk8u20\1074\hotspot\src\share\vm\prims\jvm.cpp, line 1275]
Event: 464.529 Thread 0x0000000020c25800 Exception <a 'java/security/PrivilegedActionException'> (0x00000000e7571300) thrown at [D:\re\workspace\8-2-build-windows-amd64-cygwin\jdk8u20\1074\hotspot\src\share\vm\prims\jvm.cpp, line 1275]
Event: 464.682 Thread 0x000000001d05f800 Exception <a 'java/security/PrivilegedActionException'> (0x00000000e868cfa0) thrown at [D:\re\workspace\8-2-build-windows-amd64-cygwin\jdk8u20\1074\hotspot\src\share\vm\prims\jvm.cpp, line 1275]
Event: 465.530 Thread 0x000000001d05e000 Exception <a 'java/security/PrivilegedActionException'> (0x00000000e43f1290) thrown at [D:\re\workspace\8-2-build-windows-amd64-cygwin\jdk8u20\1074\hotspot\src\share\vm\prims\jvm.cpp, line 1275]
Event: 465.555 Thread 0x000000001d05e000 Exception <a 'java/security/PrivilegedActionException'> (0x00000000e44510a8) thrown at [D:\re\workspace\8-2-build-windows-amd64-cygwin\jdk8u20\1074\hotspot\src\share\vm\prims\jvm.cpp, line 1275]
Event: 468.733 Thread 0x0000000020c2f000 Implicit null exception at 0x0000000005892ac6 to 0x00000000058938ad
Event: 468.898 Thread 0x0000000020c33800 Implicit null exception at 0x0000000005986fc0 to 0x000000000598929d
Event: 468.898 Thread 0x0000000020c33800 Implicit null exception at 0x00000000058b835a to 0x00000000058b9cc5

Events (10 events):
Event: 470.231 Executing VM operation: RevokeBias done
Event: 470.242 Thread 0x00000000182ba800 Thread exited: 0x00000000182ba800
Event: 470.247 Executing VM operation: RevokeBias
Event: 470.247 Executing VM operation: RevokeBias done
Event: 470.247 Executing VM operation: RevokeBias
Event: 470.247 Executing VM operation: RevokeBias done
Event: 470.336 Thread 0x0000000020c28800 DEOPT PACKING pc=0x00000000058fa23f sp=0x000000003044ea30
Event: 470.336 Thread 0x0000000020c28800 DEOPT UNPACKING pc=0x00000000031375bf sp=0x000000003044e860 mode 0
Event: 470.410 Executing VM operation: RevokeBias
Event: 470.463 Executing VM operation: RevokeBias done


Dynamic libraries:
0x00007ff6f4760000 - 0x00007ff6f4794000 	D:\java\jdk1.8.0_20\bin\java.exe
0x00007ffff34c0000 - 0x00007ffff3681000 	C:\WINDOWS\SYSTEM32\ntdll.dll
0x00007ffff2330000 - 0x00007ffff23dd000 	C:\WINDOWS\system32\KERNEL32.DLL
0x00007ffff0640000 - 0x00007ffff0828000 	C:\WINDOWS\system32\KERNELBASE.dll
0x00007ffff30c0000 - 0x00007ffff3167000 	C:\WINDOWS\system32\ADVAPI32.dll
0x00007ffff2220000 - 0x00007ffff22bd000 	C:\WINDOWS\system32\msvcrt.dll
0x00007ffff2090000 - 0x00007ffff20eb000 	C:\WINDOWS\system32\sechost.dll
0x00007ffff2410000 - 0x00007ffff252c000 	C:\WINDOWS\system32\RPCRT4.dll
0x00007ffff1f30000 - 0x00007ffff2086000 	C:\WINDOWS\system32\USER32.dll
0x00007ffff26f0000 - 0x00007ffff2876000 	C:\WINDOWS\system32\GDI32.dll
0x00007fffec7f0000 - 0x00007fffeca64000 	C:\WINDOWS\WinSxS\amd64_microsoft.windows.common-controls_6595b64144ccf1df_6.0.10586.589_none_a2ddb3caa539acce\COMCTL32.dll
0x00007ffff3170000 - 0x00007ffff33ed000 	C:\WINDOWS\system32\combase.dll
0x00007ffff0830000 - 0x00007ffff089a000 	C:\WINDOWS\system32\bcryptPrimitives.dll
0x00007ffff2cb0000 - 0x00007ffff2ceb000 	C:\WINDOWS\system32\IMM32.DLL
0x00007fffef9b0000 - 0x00007fffef9e1000 	C:\Windows\system32\nvinitx.dll
0x00007fffef9a0000 - 0x00007fffef9aa000 	C:\WINDOWS\SYSTEM32\VERSION.dll
0x00000000608a0000 - 0x0000000060972000 	D:\java\jdk1.8.0_20\jre\bin\msvcr100.dll
0x0000000060040000 - 0x0000000060898000 	D:\java\jdk1.8.0_20\jre\bin\server\jvm.dll
0x00007ffff23e0000 - 0x00007ffff23e8000 	C:\WINDOWS\system32\PSAPI.DLL
0x00007fffe3a90000 - 0x00007fffe3a99000 	C:\WINDOWS\SYSTEM32\WSOCK32.dll
0x00007fffecf40000 - 0x00007fffecf63000 	C:\WINDOWS\SYSTEM32\WINMM.dll
0x00007ffff3050000 - 0x00007ffff30bb000 	C:\WINDOWS\system32\WS2_32.dll
0x00000000013e0000 - 0x000000000140c000 	C:\WINDOWS\SYSTEM32\WINMMBASE.dll
0x00007fffefbe0000 - 0x00007fffefc23000 	C:\WINDOWS\system32\cfgmgr32.dll
0x00000000613b0000 - 0x00000000613bf000 	D:\java\jdk1.8.0_20\jre\bin\verify.dll
0x0000000060010000 - 0x0000000060038000 	D:\java\jdk1.8.0_20\jre\bin\java.dll
0x0000000061390000 - 0x00000000613a6000 	D:\java\jdk1.8.0_20\jre\bin\zip.dll
0x00007ffff08a0000 - 0x00007ffff1dfc000 	C:\WINDOWS\system32\SHELL32.dll
0x00007fffefda0000 - 0x00007ffff03e5000 	C:\WINDOWS\system32\windows.storage.dll
0x00007ffff2690000 - 0x00007ffff26e2000 	C:\WINDOWS\system32\shlwapi.dll
0x00007fffefac0000 - 0x00007fffefacf000 	C:\WINDOWS\system32\kernel.appcore.dll
0x00007fffefc30000 - 0x00007fffefce5000 	C:\WINDOWS\system32\shcore.dll
0x00007fffefb00000 - 0x00007fffefb4b000 	C:\WINDOWS\system32\powrprof.dll
0x00007fffefae0000 - 0x00007fffefaf4000 	C:\WINDOWS\system32\profapi.dll
0x000000005fff0000 - 0x000000006000a000 	D:\java\jdk1.8.0_20\jre\bin\net.dll
0x00007fffef340000 - 0x00007fffef39c000 	C:\WINDOWS\system32\mswsock.dll
0x000000005ffd0000 - 0x000000005ffe1000 	D:\java\jdk1.8.0_20\jre\bin\nio.dll
0x00007fffe90f0000 - 0x00007fffe9102000 	C:\Users\Administrator\.gradle\native\19\windows-amd64\native-platform.dll
0x00007fffef3f0000 - 0x00007fffef407000 	C:\WINDOWS\SYSTEM32\CRYPTSP.dll
0x00007fffef080000 - 0x00007fffef0b4000 	C:\WINDOWS\system32\rsaenh.dll
0x00007fffef9f0000 - 0x00007fffefa19000 	C:\WINDOWS\SYSTEM32\bcrypt.dll
0x00007fffef1d0000 - 0x00007fffef1ef000 	C:\WINDOWS\SYSTEM32\USERENV.dll
0x00007fffef510000 - 0x00007fffef51b000 	C:\WINDOWS\SYSTEM32\CRYPTBASE.dll
0x00007fffed3c0000 - 0x00007fffed3f8000 	C:\WINDOWS\SYSTEM32\IPHLPAPI.DLL
0x00007ffff2100000 - 0x00007ffff2108000 	C:\WINDOWS\system32\NSI.dll
0x00007fffe80b0000 - 0x00007fffe80c6000 	C:\WINDOWS\SYSTEM32\dhcpcsvc6.DLL
0x00007fffe8090000 - 0x00007fffe80aa000 	C:\WINDOWS\SYSTEM32\dhcpcsvc.DLL
0x000000005ffc0000 - 0x000000005ffcd000 	D:\java\jdk1.8.0_20\jre\bin\management.dll
0x00007fffe1ef0000 - 0x00007fffe207c000 	C:\WINDOWS\SYSTEM32\dbghelp.dll

VM Arguments:
jvm_args: -Xmx1536m -Dfile.encoding=GBK -Duser.country=CN -Duser.language=zh -Duser.variant 
java_command: org.gradle.launcher.daemon.bootstrap.GradleDaemon 2.14.1
java_class_path (initial): C:\Users\Administrator\.gradle\wrapper\dists\gradle-2.14.1-all\8bnwg5hd3w55iofp58khbp6yv\gradle-2.14.1\lib\gradle-launcher-2.14.1.jar
Launcher Type: SUN_STANDARD

Environment Variables:
JAVA_HOME=D:\java\jdk1.8.0_20
CLASSPATH=.;D:\java\jdk1.8.0_20\lib\dt.jar;D:\java\jdk1.8.0_20\lib\tools.jar;D:\apache-tomcat-7.0.65-windows-x64\apache-tomcat-7.0.65\lib\servlet-api.jar;D:\apache-tomcat-7.0.65-windows-x64\apache-tomcat-7.0.65\lib\jsp-api.jar;D:\eclipse_javaEE\lib\Aspectj\install\lib\aspectjrt.jar
PATH=C:\ProgramData\Oracle\Java\javapath;D:\java\jdk1.8.0_20\bin;D:\java\jdk1.8.0_20\jre\binC:\WINDOWS\system32;C:\WINDOWS;C:\WINDOWS\System32\Wbem;C:\WINDOWS\System32\WindowsPowerShell\v1.0\;C:\Program Files\Microsoft SQL Server\110\Tools\Binn\;C:\Program Files (x86)\Microsoft SDKs\TypeScript\1.0\;D:\MATLAB\bin\win32;C:\Windows\System32;C:\Program Files\Intel\WiFi\bin\;C:\Program Files\Common Files\Intel\WirelessCommon\;D:\java\jdk1.8.0_20\bin;D:\;amp\wamp\bin\mysql\mysql5.5.20\bin;D:\python2.7.10\install;D:\wamp\wamp\bin\mysql\mysql5.5.20\bin;D:\python2.7.10\install\Scripts;C:\mongodb\bin;D:\nodejs\nvmw;D:\nodejs\nvmw\v4.2.1;D:\svn\bin;D:\scala\install\bin;D:\sbt\install\\bin;D:\sbt\install\bin;D:\git\Git\bin;D:\ant\apache-ant-1.9.6/bin;D:\curl;D:\wamp\wamp\bin\php\php5.3.10;D:\wamp\wamp\bin\php\php5.5.12;C:\ProgramData\ComposerSetup\bin;C:\Users\Administrator\AppData\Roaming\Composer\Vendor\bin;D:\OCR\install\Tesseract-OCR;C:\WINDOWS\system32;C:\Program Files (x86)\Windows Kits\10\Windows Performance Toolkit\;D:\makeForWin\GnuWin32\bin;D:\eclipse_javaEE\lib\Aspectj\install\bin;D:\maven\apache-maven-3.3.9\bin;D:\php\php-5.6.21-Win32-VC11-x64;D:\php\php-5.6.21-Win32-VC11-x64\ext;D:\mysql\mysql-5.6.24-winx64\bin;D:\nodejs\nvmw\v6.2.0\;D:\jdk\adt-bundle-windows-x86_64-20140702\sdk\tools;D:\jdk\adt-bundle-windows-x86_64-20140702\sdk\platform-tools;D:\openVPN\install\OpenVPN\bin;D:\nmap\nmap-7.31;D:\cocos2d-x\templates;D:\cocos2d-x\tools\cocos2d-console\bin;C:\Program Files\Intel\WiFi\bin\;C:\Program Files\Common Files\Intel\WirelessCommon\;C:\Users\Administrator\AppData\Roaming\npm
USERNAME=Administrator
OS=Windows_NT
PROCESSOR_IDENTIFIER=Intel64 Family 6 Model 58 Stepping 9, GenuineIntel



---------------  S Y S T E M  ---------------

OS: Windows 8.1 , 64 bit Build 9600 

CPU:total 4 (2 cores per cpu, 2 threads per core) family 6 model 58 stepping 9, cmov, cx8, fxsr, mmx, sse, sse2, sse3, ssse3, sse4.1, sse4.2, popcnt, avx, aes, clmul, erms, ht, tsc, tscinvbit, tscinv

Memory: 4k page, physical 6148232k(1275908k free), swap 6763548k(7076k free)

vm_info: Java HotSpot(TM) 64-Bit Server VM (25.20-b23) for windows-amd64 JRE (1.8.0_20-b26), built on Jul 30 2014 13:51:23 by "java_re" with MS VC++ 10.0 (VS2010)

time: Sat Nov 26 16:50:01 2016
elapsed time: 470 seconds (0d 0h 7m 50s)

