#
# There is insufficient memory for the Java Runtime Environment to continue.
# Native memory allocation (malloc) failed to allocate 986176 bytes for Chunk::new
# Possible reasons:
#   The system is out of physical RAM or swap space
#   In 32 bit mode, the process size limit was hit
# Possible solutions:
#   Reduce memory load on the system
#   Increase physical memory or swap space
#   Check if swap backing store is full
#   Use 64 bit Java on a 64 bit OS
#   Decrease Java heap size (-Xmx/-Xms)
#   Decrease number of Java threads
#   Decrease Java thread stack sizes (-Xss)
#   Set larger code cache with -XX:ReservedCodeCacheSize=
# This output file may be truncated or incomplete.
#
#  Out of Memory Error (allocation.cpp:390), pid=19376, tid=21972
#
# JRE version: Java(TM) SE Runtime Environment (8.0_20-b26) (build 1.8.0_20-b26)
# Java VM: Java HotSpot(TM) 64-Bit Server VM (25.20-b23 mixed mode windows-amd64 compressed oops)
# Failed to write core dump. Minidumps are not enabled by default on client versions of Windows
#

---------------  T H R E A D  ---------------

Current thread (0x0000000016d4d000):  JavaThread "C2 CompilerThread0" daemon [_thread_in_native, id=21972, stack(0x0000000018240000,0x0000000018340000)]

Stack: [0x0000000018240000,0x0000000018340000]
Native frames: (J=compiled Java code, j=interpreted, Vv=VM code, C=native code)
V  [jvm.dll+0x3152fa]
V  [jvm.dll+0x265d03]
V  [jvm.dll+0x266943]
V  [jvm.dll+0x25e265]
V  [jvm.dll+0xbe255]
V  [jvm.dll+0xbe6fc]
V  [jvm.dll+0x45c472]
V  [jvm.dll+0x49d76f]
V  [jvm.dll+0x4512bf]
V  [jvm.dll+0x452634]
V  [jvm.dll+0x435fc2]
V  [jvm.dll+0x97b62]
V  [jvm.dll+0x98353]
V  [jvm.dll+0x22aac4]
V  [jvm.dll+0x283f5a]
C  [msvcr100.dll+0x21d9f]
C  [msvcr100.dll+0x21e3b]
C  [KERNEL32.DLL+0x18102]
C  [ntdll.dll+0x5c5b4]


Current CompileTask:
C2:  85088 15091       4       com.android.dx.dex.file.CodeItem::writeTo0 (489 bytes)


---------------  P R O C E S S  ---------------

Java Threads: ( => current thread )
  0x000000001e2af800 JavaThread "pool-66-thread-4" [_thread_in_Java, id=11188, stack(0x0000000039890000,0x0000000039990000)]
  0x000000001e2b2800 JavaThread "pool-66-thread-3" [_thread_blocked, id=8864, stack(0x0000000039790000,0x0000000039890000)]
  0x000000001e2b0000 JavaThread "pool-66-thread-2" [_thread_in_Java, id=21780, stack(0x0000000039690000,0x0000000039790000)]
  0x000000001e2b1000 JavaThread "pool-67-thread-1" [_thread_blocked, id=3220, stack(0x0000000039590000,0x0000000039690000)]
  0x000000001e2ae000 JavaThread "pool-66-thread-1" [_thread_blocked, id=12104, stack(0x0000000039490000,0x0000000039590000)]
  0x0000000019d4e800 JavaThread "pool-9-thread-3" [_thread_in_native, id=21820, stack(0x0000000030e90000,0x0000000030f90000)]
  0x0000000019d4b000 JavaThread "pool-9-thread-4" [_thread_in_Java, id=6592, stack(0x0000000030d90000,0x0000000030e90000)]
  0x0000000019d51800 JavaThread "pool-9-thread-1" [_thread_blocked, id=11248, stack(0x0000000030c90000,0x0000000030d90000)]
  0x0000000019d4a000 JavaThread "pool-9-thread-2" [_thread_blocked, id=9388, stack(0x0000000030b90000,0x0000000030c90000)]
  0x0000000019d51000 JavaThread "pool-3-thread-4" [_thread_blocked, id=21628, stack(0x0000000020aa0000,0x0000000020ba0000)]
  0x0000000019d50000 JavaThread "pool-3-thread-3" [_thread_blocked, id=6036, stack(0x00000000209a0000,0x0000000020aa0000)]
  0x0000000019d4f800 JavaThread "pool-3-thread-2" [_thread_blocked, id=22508, stack(0x00000000208a0000,0x00000000209a0000)]
  0x0000000019d4c800 JavaThread "pool-3-thread-1" [_thread_blocked, id=22412, stack(0x00000000207a0000,0x00000000208a0000)]
  0x000000001bd21000 JavaThread "pool-2-thread-1" [_thread_blocked, id=21528, stack(0x000000001efb0000,0x000000001f0b0000)]
  0x000000001bd1f800 JavaThread "File lock request listener" [_thread_in_native, id=3396, stack(0x000000001e830000,0x000000001e930000)]
  0x00000000199d3800 JavaThread "Asynchronous log dispatcher for org.gradle.launcher.daemon.server.DefaultDaemonConnection@7555b767" [_thread_blocked, id=21412, stack(0x000000001ad90000,0x000000001ae90000)]
  0x0000000019afa800 JavaThread "Daemon worker" [_thread_blocked, id=21616, stack(0x000000001aa90000,0x000000001ab90000)]
  0x0000000019af8800 JavaThread "Cancel handler" [_thread_blocked, id=3336, stack(0x000000001a990000,0x000000001aa90000)]
  0x0000000018403800 JavaThread "Handler for socket connection from /127.0.0.1:62614 to /127.0.0.1:56553" [_thread_in_native, id=20948, stack(0x000000001a890000,0x000000001a990000)]
  0x0000000018403000 JavaThread "Daemon" [_thread_blocked, id=22436, stack(0x000000001a790000,0x000000001a890000)]
  0x00000000199ea000 JavaThread "Incoming local TCP Connector on port 62614" [_thread_in_native, id=22380, stack(0x000000001a690000,0x000000001a790000)]
  0x00000000196e5000 JavaThread "pool-1-thread-1" [_thread_blocked, id=21548, stack(0x0000000019340000,0x0000000019440000)]
  0x00000000183b2800 JavaThread "Service Thread" daemon [_thread_blocked, id=21928, stack(0x0000000018940000,0x0000000018a40000)]
  0x0000000018347000 JavaThread "C1 CompilerThread2" daemon [_thread_blocked, id=21576, stack(0x0000000018840000,0x0000000018940000)]
  0x0000000018340800 JavaThread "C2 CompilerThread1" daemon [_thread_in_native, id=18856, stack(0x0000000018740000,0x0000000018840000)]
=>0x0000000016d4d000 JavaThread "C2 CompilerThread0" daemon [_thread_in_native, id=21972, stack(0x0000000018240000,0x0000000018340000)]
  0x0000000016d01000 JavaThread "Attach Listener" daemon [_thread_blocked, id=11028, stack(0x0000000018140000,0x0000000018240000)]
  0x0000000016d00000 JavaThread "Signal Dispatcher" daemon [_thread_blocked, id=10772, stack(0x0000000018040000,0x0000000018140000)]
  0x0000000003377800 JavaThread "Finalizer" daemon [_thread_blocked, id=22488, stack(0x0000000017f40000,0x0000000018040000)]
  0x000000000336d800 JavaThread "Reference Handler" daemon [_thread_blocked, id=21724, stack(0x0000000017e40000,0x0000000017f40000)]
  0x000000000119d800 JavaThread "main" [_thread_blocked, id=12236, stack(0x0000000002da0000,0x0000000002ea0000)]

Other Threads:
  0x0000000016cb4800 VMThread [stack: 0x0000000017d40000,0x0000000017e40000] [id=15340]
  0x00000000183c4800 WatcherThread [stack: 0x0000000018a40000,0x0000000018b40000] [id=19664]

VM state:not at safepoint (normal execution)

VM Mutex/Monitor currently owned by a thread: None

Heap:
 PSYoungGen      total 314880K, used 75080K [0x00000000e0000000, 0x00000000f5580000, 0x0000000100000000)
  eden space 290816K, 25% used [0x00000000e0000000,0x00000000e4952178,0x00000000f1c00000)
  from space 24064K, 0% used [0x00000000f3800000,0x00000000f3800000,0x00000000f4f80000)
  to   space 28672K, 0% used [0x00000000f1c00000,0x00000000f1c00000,0x00000000f3800000)
 ParOldGen       total 146944K, used 101349K [0x00000000a0000000, 0x00000000a8f80000, 0x00000000e0000000)
  object space 146944K, 68% used [0x00000000a0000000,0x00000000a62f9510,0x00000000a8f80000)
 Metaspace       used 65501K, capacity 67174K, committed 67672K, reserved 1107968K
  class space    used 8435K, capacity 8751K, committed 8832K, reserved 1048576K

Card table byte_map: [0x0000000012740000,0x0000000012a50000] byte_map_base: 0x0000000012240000

Marking Bits: (ParMarkBitMap*) 0x000000006637b460
 Begin Bits: [0x0000000013050000, 0x0000000014850000)
 End Bits:   [0x0000000014850000, 0x0000000016050000)

Polling page: 0x0000000001180000

CodeCache: size=245760Kb used=41965Kb max_used=41965Kb free=203794Kb
 bounds [0x0000000003380000, 0x0000000005cb0000, 0x0000000012380000]
 total_blobs=12851 nmethods=12106 adapters=657
 compilation: enabled

Compilation events (10 events):
Event: 85.048 Thread 0x0000000018347000 15110       3       com.android.dx.ssa.Optimizer::optimize (67 bytes)
Event: 85.049 Thread 0x0000000018347000 nmethod 15110 0x0000000005ca6510 code [0x0000000005ca6720, 0x0000000005ca7038]
Event: 85.049 Thread 0x0000000018347000 15107       3       com.android.dx.dex.code.RopTranslator::calculateParamsAreInOrder (37 bytes)
Event: 85.050 Thread 0x0000000018347000 nmethod 15107 0x0000000005ca7550 code [0x0000000005ca7700, 0x0000000005ca7f98]
Event: 85.050 Thread 0x0000000018347000 15111       3       com.android.dx.rop.code.LocalVariableExtractor::<init> (59 bytes)
Event: 85.050 Thread 0x0000000018347000 nmethod 15111 0x0000000005ca8310 code [0x0000000005ca84c0, 0x0000000005ca8aa8]
Event: 85.051 Thread 0x0000000018347000 15112       3       com.android.dx.cf.iface.StdMember::getName (8 bytes)
Event: 85.051 Thread 0x0000000018347000 nmethod 15112 0x000000000505ae10 code [0x000000000505af60, 0x000000000505b150]
Event: 85.056 Thread 0x0000000018347000 15113       3       com.android.dx.rop.code.LocalVariableInfo::<init> (82 bytes)
Event: 85.057 Thread 0x0000000018347000 nmethod 15113 0x0000000005ca8cd0 code [0x0000000005ca8f00, 0x0000000005ca9c68]

GC Heap History (10 events):
Event: 76.912 GC heap before
{Heap before GC invocations=29 (full 7):
 PSYoungGen      total 314880K, used 290816K [0x00000000e0000000, 0x00000000f5580000, 0x0000000100000000)
  eden space 290816K, 100% used [0x00000000e0000000,0x00000000f1c00000,0x00000000f1c00000)
  from space 24064K, 0% used [0x00000000f3800000,0x00000000f3800000,0x00000000f4f80000)
  to   space 28672K, 0% used [0x00000000f1c00000,0x00000000f1c00000,0x00000000f3800000)
 ParOldGen       total 139264K, used 116360K [0x00000000a0000000, 0x00000000a8800000, 0x00000000e0000000)
  object space 139264K, 83% used [0x00000000a0000000,0x00000000a71a20a8,0x00000000a8800000)
 Metaspace       used 65455K, capacity 67110K, committed 67672K, reserved 1107968K
  class space    used 8435K, capacity 8751K, committed 8832K, reserved 1048576K
Event: 78.264 GC heap after
Heap after GC invocations=29 (full 7):
 PSYoungGen      total 314880K, used 14772K [0x00000000e0000000, 0x00000000f5580000, 0x0000000100000000)
  eden space 290816K, 5% used [0x00000000e0000000,0x00000000e0e6d168,0x00000000f1c00000)
  from space 24064K, 0% used [0x00000000f3800000,0x00000000f3800000,0x00000000f4f80000)
  to   space 28672K, 0% used [0x00000000f1c00000,0x00000000f1c00000,0x00000000f3800000)
 ParOldGen       total 139264K, used 139150K [0x00000000a0000000, 0x00000000a8800000, 0x00000000e0000000)
  object space 139264K, 99% used [0x00000000a0000000,0x00000000a87e3850,0x00000000a8800000)
 Metaspace       used 65455K, capacity 67110K, committed 67672K, reserved 1107968K
  class space    used 8435K, capacity 8751K, committed 8832K, reserved 1048576K
}
Event: 79.806 GC heap before
{Heap before GC invocations=30 (full 8):
 PSYoungGen      total 314880K, used 290816K [0x00000000e0000000, 0x00000000f5580000, 0x0000000100000000)
  eden space 290816K, 100% used [0x00000000e0000000,0x00000000f1c00000,0x00000000f1c00000)
  from space 24064K, 0% used [0x00000000f3800000,0x00000000f3800000,0x00000000f4f80000)
  to   space 28672K, 0% used [0x00000000f1c00000,0x00000000f1c00000,0x00000000f3800000)
 ParOldGen       total 146944K, used 146510K [0x00000000a0000000, 0x00000000a8f80000, 0x00000000e0000000)
  object space 146944K, 99% used [0x00000000a0000000,0x00000000a8f13b08,0x00000000a8f80000)
 Metaspace       used 65481K, capacity 67174K, committed 67672K, reserved 1107968K
  class space    used 8435K, capacity 8751K, committed 8832K, reserved 1048576K
Event: 80.349 GC heap after
Heap after GC invocations=30 (full 8):
 PSYoungGen      total 314880K, used 0K [0x00000000e0000000, 0x00000000f5580000, 0x0000000100000000)
  eden space 290816K, 0% used [0x00000000e0000000,0x00000000e0000000,0x00000000f1c00000)
  from space 24064K, 0% used [0x00000000f3800000,0x00000000f3800000,0x00000000f4f80000)
  to   space 28672K, 0% used [0x00000000f1c00000,0x00000000f1c00000,0x00000000f3800000)
 ParOldGen       total 146944K, used 84257K [0x00000000a0000000, 0x00000000a8f80000, 0x00000000e0000000)
  object space 146944K, 57% used [0x00000000a0000000,0x00000000a52487d8,0x00000000a8f80000)
 Metaspace       used 65481K, capacity 67174K, committed 67672K, reserved 1107968K
  class space    used 8435K, capacity 8751K, committed 8832K, reserved 1048576K
}
Event: 81.347 GC heap before
{Heap before GC invocations=31 (full 8):
 PSYoungGen      total 314880K, used 290816K [0x00000000e0000000, 0x00000000f5580000, 0x0000000100000000)
  eden space 290816K, 100% used [0x00000000e0000000,0x00000000f1c00000,0x00000000f1c00000)
  from space 24064K, 0% used [0x00000000f3800000,0x00000000f3800000,0x00000000f4f80000)
  to   space 28672K, 0% used [0x00000000f1c00000,0x00000000f1c00000,0x00000000f3800000)
 ParOldGen       total 146944K, used 84259K [0x00000000a0000000, 0x00000000a8f80000, 0x00000000e0000000)
  object space 146944K, 57% used [0x00000000a0000000,0x00000000a5248f90,0x00000000a8f80000)
 Metaspace       used 65492K, capacity 67174K, committed 67672K, reserved 1107968K
  class space    used 8435K, capacity 8751K, committed 8832K, reserved 1048576K
Event: 81.386 GC heap after
Heap after GC invocations=31 (full 8):
 PSYoungGen      total 319488K, used 28664K [0x00000000e0000000, 0x00000000f5580000, 0x0000000100000000)
  eden space 290816K, 0% used [0x00000000e0000000,0x00000000e0000000,0x00000000f1c00000)
  from space 28672K, 99% used [0x00000000f1c00000,0x00000000f37fe150,0x00000000f3800000)
  to   space 24064K, 0% used [0x00000000f3800000,0x00000000f3800000,0x00000000f4f80000)
 ParOldGen       total 146944K, used 85514K [0x00000000a0000000, 0x00000000a8f80000, 0x00000000e0000000)
  object space 146944K, 58% used [0x00000000a0000000,0x00000000a5382980,0x00000000a8f80000)
 Metaspace       used 65492K, capacity 67174K, committed 67672K, reserved 1107968K
  class space    used 8435K, capacity 8751K, committed 8832K, reserved 1048576K
}
Event: 82.778 GC heap before
{Heap before GC invocations=32 (full 8):
 PSYoungGen      total 319488K, used 319480K [0x00000000e0000000, 0x00000000f5580000, 0x0000000100000000)
  eden space 290816K, 100% used [0x00000000e0000000,0x00000000f1c00000,0x00000000f1c00000)
  from space 28672K, 99% used [0x00000000f1c00000,0x00000000f37fe150,0x00000000f3800000)
  to   space 24064K, 0% used [0x00000000f3800000,0x00000000f3800000,0x00000000f4f80000)
 ParOldGen       total 146944K, used 85514K [0x00000000a0000000, 0x00000000a8f80000, 0x00000000e0000000)
  object space 146944K, 58% used [0x00000000a0000000,0x00000000a5382980,0x00000000a8f80000)
 Metaspace       used 65494K, capacity 67174K, committed 67672K, reserved 1107968K
  class space    used 8435K, capacity 8751K, committed 8832K, reserved 1048576K
Event: 82.835 GC heap after
Heap after GC invocations=32 (full 8):
 PSYoungGen      total 314880K, used 24052K [0x00000000e0000000, 0x00000000f5580000, 0x0000000100000000)
  eden space 290816K, 0% used [0x00000000e0000000,0x00000000e0000000,0x00000000f1c00000)
  from space 24064K, 99% used [0x00000000f3800000,0x00000000f4f7d340,0x00000000f4f80000)
  to   space 28672K, 0% used [0x00000000f1c00000,0x00000000f1c00000,0x00000000f3800000)
 ParOldGen       total 146944K, used 110597K [0x00000000a0000000, 0x00000000a8f80000, 0x00000000e0000000)
  object space 146944K, 75% used [0x00000000a0000000,0x00000000a6c01450,0x00000000a8f80000)
 Metaspace       used 65494K, capacity 67174K, committed 67672K, reserved 1107968K
  class space    used 8435K, capacity 8751K, committed 8832K, reserved 1048576K
}
Event: 82.835 GC heap before
{Heap before GC invocations=33 (full 9):
 PSYoungGen      total 314880K, used 24052K [0x00000000e0000000, 0x00000000f5580000, 0x0000000100000000)
  eden space 290816K, 0% used [0x00000000e0000000,0x00000000e0000000,0x00000000f1c00000)
  from space 24064K, 99% used [0x00000000f3800000,0x00000000f4f7d340,0x00000000f4f80000)
  to   space 28672K, 0% used [0x00000000f1c00000,0x00000000f1c00000,0x00000000f3800000)
 ParOldGen       total 146944K, used 110597K [0x00000000a0000000, 0x00000000a8f80000, 0x00000000e0000000)
  object space 146944K, 75% used [0x00000000a0000000,0x00000000a6c01450,0x00000000a8f80000)
 Metaspace       used 65494K, capacity 67174K, committed 67672K, reserved 1107968K
  class space    used 8435K, capacity 8751K, committed 8832K, reserved 1048576K
Event: 83.687 GC heap after
Heap after GC invocations=33 (full 9):
 PSYoungGen      total 314880K, used 0K [0x00000000e0000000, 0x00000000f5580000, 0x0000000100000000)
  eden space 290816K, 0% used [0x00000000e0000000,0x00000000e0000000,0x00000000f1c00000)
  from space 24064K, 0% used [0x00000000f3800000,0x00000000f3800000,0x00000000f4f80000)
  to   space 28672K, 0% used [0x00000000f1c00000,0x00000000f1c00000,0x00000000f3800000)
 ParOldGen       total 146944K, used 101349K [0x00000000a0000000, 0x00000000a8f80000, 0x00000000e0000000)
  object space 146944K, 68% used [0x00000000a0000000,0x00000000a62f9510,0x00000000a8f80000)
 Metaspace       used 65494K, capacity 67174K, committed 67672K, reserved 1107968K
  class space    used 8435K, capacity 8751K, committed 8832K, reserved 1048576K
}

Deoptimization events (10 events):
Event: 80.458 Thread 0x0000000019d4d000 Uncommon trap: reason=unreached action=reinterpret pc=0x00000000044bed00 method=com.android.dx.rop.code.LocalItem.compareHandlesNulls(Lcom/android/dx/rop/cst/CstString;Lcom/android/dx/rop/cst/CstString;)I @ 8
Event: 80.967 Thread 0x000000001e2bb000 Uncommon trap: reason=class_check action=maybe_recompile pc=0x0000000005aa6920 method=com.android.dx.cf.code.BaseMachine.addResult(Lcom/android/dx/rop/type/TypeBearer;)V @ 23
Event: 81.401 Thread 0x000000001e2b2800 Uncommon trap: reason=class_check action=maybe_recompile pc=0x0000000005aa6920 method=com.android.dx.cf.code.BaseMachine.addResult(Lcom/android/dx/rop/type/TypeBearer;)V @ 23
Event: 81.670 Thread 0x0000000019d51800 Uncommon trap: reason=class_check action=maybe_recompile pc=0x0000000005aa6920 method=com.android.dx.cf.code.BaseMachine.addResult(Lcom/android/dx/rop/type/TypeBearer;)V @ 23
Event: 81.696 Thread 0x0000000019d4e800 Uncommon trap: reason=bimorphic action=maybe_recompile pc=0x0000000005800a38 method=com.android.dx.cf.code.BytecodeArray.parseInstruction(ILcom/android/dx/cf/code/BytecodeArray$Visitor;)I @ 1612
Event: 81.696 Thread 0x0000000019d4e800 Uncommon trap: reason=bimorphic action=maybe_recompile pc=0x0000000005800a38 method=com.android.dx.cf.code.BytecodeArray.parseInstruction(ILcom/android/dx/cf/code/BytecodeArray$Visitor;)I @ 1612
Event: 81.914 Thread 0x0000000019d4b000 Uncommon trap: reason=null_assert action=make_not_entrant pc=0x0000000003f4f94c method=java.util.concurrent.ConcurrentHashMap.transfer([Ljava/util/concurrent/ConcurrentHashMap$Node;[Ljava/util/concurrent/ConcurrentHashMap$Node;)V @ 557
Event: 82.510 Thread 0x000000001e2b8800 Uncommon trap: reason=class_check action=maybe_recompile pc=0x0000000005a0a67c method=com.android.dx.ssa.SCCP.replaceConstants()V @ 182
Event: 82.618 Thread 0x000000001e2b6000 Uncommon trap: reason=unreached action=reinterpret pc=0x000000000571a594 method=com.android.dx.ssa.back.SsaToRop.convertBasicBlocks()Lcom/android/dx/rop/code/BasicBlockList; @ 33
Event: 82.618 Thread 0x000000001e2b6000 Uncommon trap: reason=unreached action=reinterpret pc=0x0000000004ebb7ec method=com.android.dx.ssa.back.SsaToRop.convertBasicBlock(Lcom/android/dx/ssa/SsaBasicBlock;)Lcom/android/dx/rop/code/BasicBlock; @ 21

Internal exceptions (10 events):
Event: 70.045 Thread 0x00000000196e5000 Exception <a 'java/security/PrivilegedActionException'> (0x00000000e1d05b20) thrown at [D:\re\workspace\8-2-build-windows-amd64-cygwin\jdk8u20\1074\hotspot\src\share\vm\prims\jvm.cpp, line 1275]
Event: 70.045 Thread 0x00000000196e5000 Exception <a 'java/security/PrivilegedActionException'> (0x00000000e1d063d0) thrown at [D:\re\workspace\8-2-build-windows-amd64-cygwin\jdk8u20\1074\hotspot\src\share\vm\prims\jvm.cpp, line 1275]
Event: 70.045 Thread 0x00000000196e5000 Exception <a 'java/security/PrivilegedActionException'> (0x00000000e1d09b20) thrown at [D:\re\workspace\8-2-build-windows-amd64-cygwin\jdk8u20\1074\hotspot\src\share\vm\prims\jvm.cpp, line 1275]
Event: 70.046 Thread 0x00000000196e5000 Exception <a 'java/security/PrivilegedActionException'> (0x00000000e1d0a320) thrown at [D:\re\workspace\8-2-build-windows-amd64-cygwin\jdk8u20\1074\hotspot\src\share\vm\prims\jvm.cpp, line 1275]
Event: 71.746 Thread 0x0000000019d4e800 Exception <a 'java/security/PrivilegedActionException'> (0x00000000e98dd718) thrown at [D:\re\workspace\8-2-build-windows-amd64-cygwin\jdk8u20\1074\hotspot\src\share\vm\prims\jvm.cpp, line 1275]
Event: 72.944 Thread 0x0000000019d4b000 Implicit null exception at 0x0000000005aa5858 to 0x0000000005aa627d
Event: 72.959 Thread 0x0000000019d4b000 Implicit null exception at 0x0000000005a66ecc to 0x0000000005a6774d
Event: 80.458 Thread 0x0000000019d4d000 Implicit null exception at 0x00000000044be24d to 0x00000000044beced
Event: 81.273 Thread 0x0000000019d51800 Exception <a 'java/security/PrivilegedActionException'> (0x00000000f1543d08) thrown at [D:\re\workspace\8-2-build-windows-amd64-cygwin\jdk8u20\1074\hotspot\src\share\vm\prims\jvm.cpp, line 1275]
Event: 82.618 Thread 0x000000001e2b6000 Implicit null exception at 0x000000000571773a to 0x000000000571a585

Events (10 events):
Event: 82.748 Thread 0x0000000019d4b000 DEOPT PACKING pc=0x0000000005c14dad sp=0x0000000030e8dba0
Event: 82.748 Thread 0x0000000019d4b000 DEOPT UNPACKING pc=0x00000000033c75bf sp=0x0000000030e8d908 mode 0
Event: 82.749 Thread 0x000000001e2af800 DEOPT PACKING pc=0x0000000005c14dad sp=0x000000003998e550
Event: 82.749 Thread 0x000000001e2af800 DEOPT UNPACKING pc=0x00000000033c75bf sp=0x000000003998e2b8 mode 0
Event: 82.777 Executing VM operation: ParallelGCFailedAllocation
Event: 83.687 Executing VM operation: ParallelGCFailedAllocation done
Event: 83.700 Thread 0x000000001e2bb800 Thread exited: 0x000000001e2bb800
Event: 83.940 Thread 0x000000001e2ae800 Thread exited: 0x000000001e2ae800
Event: 84.261 Thread 0x0000000019d4e800 DEOPT PACKING pc=0x00000000051614d5 sp=0x0000000030f8f020
Event: 84.261 Thread 0x0000000019d4e800 DEOPT UNPACKING pc=0x00000000033c75bf sp=0x0000000030f8ed50 mode 0


Dynamic libraries:
0x00007ff7ddb70000 - 0x00007ff7ddba4000 	D:\java\jdk1.8.0_20\bin\java.exe
0x00007ff9f0bf0000 - 0x00007ff9f0db1000 	C:\WINDOWS\SYSTEM32\ntdll.dll
0x00007ff9f00b0000 - 0x00007ff9f015d000 	C:\WINDOWS\system32\KERNEL32.DLL
0x00007ff9edd30000 - 0x00007ff9edf18000 	C:\WINDOWS\system32\KERNELBASE.dll
0x00007ff9f03e0000 - 0x00007ff9f0487000 	C:\WINDOWS\system32\ADVAPI32.dll
0x00007ff9ee530000 - 0x00007ff9ee5cd000 	C:\WINDOWS\system32\msvcrt.dll
0x00007ff9ee460000 - 0x00007ff9ee4bb000 	C:\WINDOWS\system32\sechost.dll
0x00007ff9f0600000 - 0x00007ff9f071c000 	C:\WINDOWS\system32\RPCRT4.dll
0x00007ff9f0270000 - 0x00007ff9f03c6000 	C:\WINDOWS\system32\USER32.dll
0x00007ff9eff20000 - 0x00007ff9f00a6000 	C:\WINDOWS\system32\GDI32.dll
0x00007ff9ea460000 - 0x00007ff9ea6d4000 	C:\WINDOWS\WinSxS\amd64_microsoft.windows.common-controls_6595b64144ccf1df_6.0.10586.589_none_a2ddb3caa539acce\COMCTL32.dll
0x00007ff9f08f0000 - 0x00007ff9f0b6d000 	C:\WINDOWS\system32\combase.dll
0x00007ff9ed5c0000 - 0x00007ff9ed62a000 	C:\WINDOWS\system32\bcryptPrimitives.dll
0x00007ff9ee400000 - 0x00007ff9ee43b000 	C:\WINDOWS\system32\IMM32.DLL
0x00007ff9ed0e0000 - 0x00007ff9ed111000 	C:\Windows\system32\nvinitx.dll
0x00007ff9ed0d0000 - 0x00007ff9ed0da000 	C:\WINDOWS\SYSTEM32\VERSION.dll
0x00000000669e0000 - 0x0000000066ab2000 	D:\java\jdk1.8.0_20\jre\bin\msvcr100.dll
0x0000000065ba0000 - 0x00000000663f8000 	D:\java\jdk1.8.0_20\jre\bin\server\jvm.dll
0x00007ff9ee950000 - 0x00007ff9ee958000 	C:\WINDOWS\system32\PSAPI.DLL
0x00007ff9e1100000 - 0x00007ff9e1109000 	C:\WINDOWS\SYSTEM32\WSOCK32.dll
0x00007ff9eb5c0000 - 0x00007ff9eb5e3000 	C:\WINDOWS\SYSTEM32\WINMM.dll
0x00007ff9ee4c0000 - 0x00007ff9ee52b000 	C:\WINDOWS\system32\WS2_32.dll
0x0000000001150000 - 0x000000000117c000 	C:\WINDOWS\SYSTEM32\WINMMBASE.dll
0x00007ff9edf80000 - 0x00007ff9edfc3000 	C:\WINDOWS\system32\cfgmgr32.dll
0x0000000065b90000 - 0x0000000065b9f000 	D:\java\jdk1.8.0_20\jre\bin\verify.dll
0x0000000065b60000 - 0x0000000065b88000 	D:\java\jdk1.8.0_20\jre\bin\java.dll
0x0000000065b40000 - 0x0000000065b56000 	D:\java\jdk1.8.0_20\jre\bin\zip.dll
0x00007ff9ee9c0000 - 0x00007ff9eff1c000 	C:\WINDOWS\system32\SHELL32.dll
0x00007ff9ed6e0000 - 0x00007ff9edd25000 	C:\WINDOWS\system32\windows.storage.dll
0x00007ff9ee960000 - 0x00007ff9ee9b2000 	C:\WINDOWS\system32\shlwapi.dll
0x00007ff9ed270000 - 0x00007ff9ed27f000 	C:\WINDOWS\system32\kernel.appcore.dll
0x00007ff9ed330000 - 0x00007ff9ed3e5000 	C:\WINDOWS\system32\shcore.dll
0x00007ff9ed1f0000 - 0x00007ff9ed23b000 	C:\WINDOWS\system32\powrprof.dll
0x00007ff9ed240000 - 0x00007ff9ed254000 	C:\WINDOWS\system32\profapi.dll
0x0000000065b20000 - 0x0000000065b3a000 	D:\java\jdk1.8.0_20\jre\bin\net.dll
0x00007ff9eca70000 - 0x00007ff9ecacc000 	C:\WINDOWS\system32\mswsock.dll
0x0000000065b00000 - 0x0000000065b11000 	D:\java\jdk1.8.0_20\jre\bin\nio.dll
0x00007ff9e3f20000 - 0x00007ff9e3f32000 	C:\Users\Administrator\.gradle\native\19\windows-amd64\native-platform.dll
0x00007ff9ecb20000 - 0x00007ff9ecb37000 	C:\WINDOWS\SYSTEM32\CRYPTSP.dll
0x00007ff9ec7b0000 - 0x00007ff9ec7e4000 	C:\WINDOWS\system32\rsaenh.dll
0x00007ff9ed120000 - 0x00007ff9ed149000 	C:\WINDOWS\SYSTEM32\bcrypt.dll
0x00007ff9ec900000 - 0x00007ff9ec91f000 	C:\WINDOWS\SYSTEM32\USERENV.dll
0x00007ff9ecc40000 - 0x00007ff9ecc4b000 	C:\WINDOWS\SYSTEM32\CRYPTBASE.dll
0x00007ff9e9f40000 - 0x00007ff9e9f78000 	C:\WINDOWS\SYSTEM32\IPHLPAPI.DLL
0x00007ff9f03d0000 - 0x00007ff9f03d8000 	C:\WINDOWS\system32\NSI.dll
0x00007ff9e6b60000 - 0x00007ff9e6b76000 	C:\WINDOWS\SYSTEM32\dhcpcsvc6.DLL
0x00007ff9e4c00000 - 0x00007ff9e4c1a000 	C:\WINDOWS\SYSTEM32\dhcpcsvc.DLL
0x0000000065900000 - 0x000000006590d000 	D:\java\jdk1.8.0_20\jre\bin\management.dll
0x00007ff9dfa00000 - 0x00007ff9dfb8c000 	C:\WINDOWS\SYSTEM32\dbghelp.dll

VM Arguments:
jvm_args: -Xmx1536m -Dfile.encoding=GBK -Duser.country=CN -Duser.language=zh -Duser.variant 
java_command: org.gradle.launcher.daemon.bootstrap.GradleDaemon 2.14.1
java_class_path (initial): C:\Users\Administrator\.gradle\wrapper\dists\gradle-2.14.1-all\8bnwg5hd3w55iofp58khbp6yv\gradle-2.14.1\lib\gradle-launcher-2.14.1.jar
Launcher Type: SUN_STANDARD

Environment Variables:
JAVA_HOME=D:\java\jdk1.8.0_20
CLASSPATH=.;D:\java\jdk1.8.0_20\lib\dt.jar;D:\java\jdk1.8.0_20\lib\tools.jar;D:\apache-tomcat-7.0.65-windows-x64\apache-tomcat-7.0.65\lib\servlet-api.jar;D:\apache-tomcat-7.0.65-windows-x64\apache-tomcat-7.0.65\lib\jsp-api.jar;D:\eclipse_javaEE\lib\Aspectj\install\lib\aspectjrt.jar
PATH=C:\ProgramData\Oracle\Java\javapath;D:\java\jdk1.8.0_20\bin;D:\java\jdk1.8.0_20\jre\binC:\WINDOWS\system32;C:\WINDOWS;C:\WINDOWS\System32\Wbem;C:\WINDOWS\System32\WindowsPowerShell\v1.0\;C:\Program Files\Microsoft SQL Server\110\Tools\Binn\;C:\Program Files (x86)\Microsoft SDKs\TypeScript\1.0\;D:\MATLAB\bin\win32;C:\Windows\System32;C:\Program Files\Intel\WiFi\bin\;C:\Program Files\Common Files\Intel\WirelessCommon\;D:\java\jdk1.8.0_20\bin;D:\;amp\wamp\bin\mysql\mysql5.5.20\bin;D:\python2.7.10\install;D:\wamp\wamp\bin\mysql\mysql5.5.20\bin;D:\python2.7.10\install\Scripts;C:\mongodb\bin;D:\nodejs\nvmw;D:\nodejs\nvmw\v4.2.1;D:\svn\bin;D:\scala\install\bin;D:\sbt\install\\bin;D:\sbt\install\bin;D:\git\Git\bin;D:\ant\apache-ant-1.9.6/bin;D:\curl;D:\wamp\wamp\bin\php\php5.3.10;D:\wamp\wamp\bin\php\php5.5.12;C:\ProgramData\ComposerSetup\bin;C:\Users\Administrator\AppData\Roaming\Composer\Vendor\bin;D:\OCR\install\Tesseract-OCR;C:\WINDOWS\system32;C:\Program Files (x86)\Windows Kits\10\Windows Performance Toolkit\;D:\makeForWin\GnuWin32\bin;D:\eclipse_javaEE\lib\Aspectj\install\bin;D:\maven\apache-maven-3.3.9\bin;D:\php\php-5.6.21-Win32-VC11-x64;D:\php\php-5.6.21-Win32-VC11-x64\ext;D:\mysql\mysql-5.6.24-winx64\bin;D:\nodejs\nvmw\v6.2.0\;D:\jdk\adt-bundle-windows-x86_64-20140702\sdk\tools;D:\jdk\adt-bundle-windows-x86_64-20140702\sdk\platform-tools;D:\openVPN\install\OpenVPN\bin;D:\nmap\nmap-7.31;D:\cocos2d-x\templates;D:\cocos2d-x\tools\cocos2d-console\bin;C:\Program Files\Intel\WiFi\bin\;C:\Program Files\Common Files\Intel\WirelessCommon\;C:\Users\Administrator\AppData\Roaming\npm
USERNAME=Administrator
OS=Windows_NT
PROCESSOR_IDENTIFIER=Intel64 Family 6 Model 58 Stepping 9, GenuineIntel



---------------  S Y S T E M  ---------------

OS: Windows 8.1 , 64 bit Build 9600 

CPU:total 4 (2 cores per cpu, 2 threads per core) family 6 model 58 stepping 9, cmov, cx8, fxsr, mmx, sse, sse2, sse3, ssse3, sse4.1, sse4.2, popcnt, avx, aes, clmul, erms, ht, tsc, tscinvbit, tscinv

Memory: 4k page, physical 6148232k(947704k free), swap 6675576k(5744k free)

vm_info: Java HotSpot(TM) 64-Bit Server VM (25.20-b23) for windows-amd64 JRE (1.8.0_20-b26), built on Jul 30 2014 13:51:23 by "java_re" with MS VC++ 10.0 (VS2010)

time: Sun Nov 27 02:44:13 2016
elapsed time: 85 seconds (0d 0h 1m 25s)

