#
# There is insufficient memory for the Java Runtime Environment to continue.
# Native memory allocation (malloc) failed to allocate 33554448 bytes for Chunk::new
# Possible reasons:
#   The system is out of physical RAM or swap space
#   In 32 bit mode, the process size limit was hit
# Possible solutions:
#   Reduce memory load on the system
#   Increase physical memory or swap space
#   Check if swap backing store is full
#   Use 64 bit Java on a 64 bit OS
#   Decrease Java heap size (-Xmx/-Xms)
#   Decrease number of Java threads
#   Decrease Java thread stack sizes (-Xss)
#   Set larger code cache with -XX:ReservedCodeCacheSize=
# This output file may be truncated or incomplete.
#
#  Out of Memory Error (allocation.cpp:390), pid=12200, tid=12608
#
# JRE version: Java(TM) SE Runtime Environment (8.0_20-b26) (build 1.8.0_20-b26)
# Java VM: Java HotSpot(TM) 64-Bit Server VM (25.20-b23 mixed mode windows-amd64 compressed oops)
# Failed to write core dump. Minidumps are not enabled by default on client versions of Windows
#

---------------  T H R E A D  ---------------

Current thread (0x000000001637e800):  JavaThread "C2 CompilerThread1" daemon [_thread_in_native, id=12608, stack(0x0000000017d70000,0x0000000017e70000)]

Stack: [0x0000000017d70000,0x0000000017e70000]
Native frames: (J=compiled Java code, j=interpreted, Vv=VM code, C=native code)
V  [jvm.dll+0x3152fa]
V  [jvm.dll+0x265d03]
V  [jvm.dll+0x266943]
V  [jvm.dll+0x25e265]
V  [jvm.dll+0xbe255]
V  [jvm.dll+0xbe6fc]
V  [jvm.dll+0xf3878]
V  [jvm.dll+0x45df30]
V  [jvm.dll+0x45e1ea]
V  [jvm.dll+0x45f0cf]
V  [jvm.dll+0x46147a]
V  [jvm.dll+0x4635c5]
V  [jvm.dll+0x463f4c]
V  [jvm.dll+0x464293]
V  [jvm.dll+0x451093]
V  [jvm.dll+0x452634]
V  [jvm.dll+0x435fc2]
V  [jvm.dll+0x97b62]
V  [jvm.dll+0x98353]
V  [jvm.dll+0x22aac4]
V  [jvm.dll+0x283f5a]
C  [msvcr100.dll+0x21d9f]
C  [msvcr100.dll+0x21e3b]
C  [KERNEL32.DLL+0x18102]
C  [ntdll.dll+0x5c5b4]


Current CompileTask:
C2:  58461 14448   !   4       com.android.dx.cf.code.Ropper::processBlock (1101 bytes)


---------------  P R O C E S S  ---------------

Java Threads: ( => current thread )
  0x000000001bf0d800 
[error occurred during error reporting (printing all threads), id 0xc0000005]

VM state:at safepoint (normal execution)

VM Mutex/Monitor currently owned by a thread:  ([mutex/lock_event])
[0x00000000028ac8a0] Threads_lock - owner thread: 0x00000000162e6000
[0x00000000028acd20] Heap_lock - owner thread: 0x000000001bf16800

Heap:
 PSYoungGen      total 301056K, used 267264K [0x00000000e0000000, 0x00000000fa480000, 0x0000000100000000)
  eden space 267264K, 100% used [0x00000000e0000000,0x00000000f0500000,0x00000000f0500000)
  from space 33792K, 0% used [0x00000000f0500000,0x00000000f0500000,0x00000000f2600000)
  to   space 51712K, 0% used [0x00000000f7200000,0x00000000f7200000,0x00000000fa480000)
 ParOldGen       total 125440K, used 101890K [0x00000000a0000000, 0x00000000a7a80000, 0x00000000e0000000)
  object space 125440K, 81% used [0x00000000a0000000,0x00000000a63808a8,0x00000000a7a80000)
 Metaspace       used 65669K, capacity 67426K, committed 68352K, reserved 1107968K
  class space    used 8453K, capacity 8777K, committed 8960K, reserved 1048576K

Card table byte_map: [0x0000000011d70000,0x0000000012080000] byte_map_base: 0x0000000011870000

Marking Bits: (ParMarkBitMap*) 0x00000000579eb460
 Begin Bits: [0x0000000012680000, 0x0000000013e80000)
 End Bits:   [0x0000000013e80000, 0x0000000015680000)

Polling page: 0x0000000000b90000

CodeCache: size=245760Kb used=39079Kb max_used=39846Kb free=206680Kb
 bounds [0x00000000029b0000, 0x00000000050e0000, 0x00000000119b0000]
 total_blobs=12453 nmethods=11708 adapters=657
 compilation: enabled

Compilation events (10 events):
Event: 57.755 Thread 0x00000000179b2800 14472       2       com.android.dx.cf.code.BasicBlocker::visitNewarray (15 bytes)
Event: 57.755 Thread 0x00000000179b2800 nmethod 14472 0x000000000497de90 code [0x000000000497e000, 0x000000000497e218]
Event: 57.755 Thread 0x00000000179b2800 14477       1       com.android.dx.rop.code.FillArrayDataInsn::getConstant (5 bytes)
Event: 57.755 Thread 0x00000000179b2800 nmethod 14477 0x0000000003908e10 code [0x0000000003908f60, 0x0000000003909070]
Event: 57.755 Thread 0x00000000179b2800 14478       1       com.android.dx.rop.code.FillArrayDataInsn::getInitValues (5 bytes)
Event: 57.755 Thread 0x00000000179b2800 nmethod 14478 0x00000000050adc10 code [0x00000000050add60, 0x00000000050ade70]
Event: 57.765 Thread 0x000000001637d000 nmethod 14441 0x0000000004c0ba50 code [0x0000000004c0bc80, 0x0000000004c0c840]
Event: 57.765 Thread 0x000000001637d000 14475       4       com.android.dex.Leb128::writeUnsignedLeb128 (46 bytes)
Event: 57.777 Thread 0x000000001637d000 nmethod 14475 0x000000000411d110 code [0x000000000411d2a0, 0x000000000411da18]
Event: 57.777 Thread 0x000000001637d000 14476       4       com.android.dx.ssa.SsaMethod::makeExitBlock (134 bytes)

GC Heap History (10 events):
Event: 50.857 GC heap after
Heap after GC invocations=25 (full 3):
 PSYoungGen      total 236032K, used 16744K [0x00000000e0000000, 0x00000000f0200000, 0x0000000100000000)
  eden space 211968K, 0% used [0x00000000e0000000,0x00000000e0000000,0x00000000ecf00000)
  from space 24064K, 69% used [0x00000000eea80000,0x00000000efada218,0x00000000f0200000)
  to   space 26112K, 0% used [0x00000000ecf00000,0x00000000ecf00000,0x00000000ee880000)
 ParOldGen       total 121856K, used 73609K [0x00000000a0000000, 0x00000000a7700000, 0x00000000e0000000)
  object space 121856K, 60% used [0x00000000a0000000,0x00000000a47e27c8,0x00000000a7700000)
 Metaspace       used 65542K, capacity 67312K, committed 67456K, reserved 1107968K
  class space    used 8505K, capacity 8824K, committed 8832K, reserved 1048576K
}
Event: 52.719 GC heap before
{Heap before GC invocations=26 (full 3):
 PSYoungGen      total 236032K, used 228712K [0x00000000e0000000, 0x00000000f0200000, 0x0000000100000000)
  eden space 211968K, 100% used [0x00000000e0000000,0x00000000ecf00000,0x00000000ecf00000)
  from space 24064K, 69% used [0x00000000eea80000,0x00000000efada218,0x00000000f0200000)
  to   space 26112K, 0% used [0x00000000ecf00000,0x00000000ecf00000,0x00000000ee880000)
 ParOldGen       total 121856K, used 73609K [0x00000000a0000000, 0x00000000a7700000, 0x00000000e0000000)
  object space 121856K, 60% used [0x00000000a0000000,0x00000000a47e27c8,0x00000000a7700000)
 Metaspace       used 65988K, capacity 67760K, committed 67968K, reserved 1107968K
  class space    used 8521K, capacity 8824K, committed 8832K, reserved 1048576K
Event: 52.795 GC heap after
Heap after GC invocations=26 (full 3):
 PSYoungGen      total 238080K, used 23994K [0x00000000e0000000, 0x00000000f4300000, 0x0000000100000000)
  eden space 211968K, 0% used [0x00000000e0000000,0x00000000e0000000,0x00000000ecf00000)
  from space 26112K, 91% used [0x00000000ecf00000,0x00000000ee66eb88,0x00000000ee880000)
  to   space 29696K, 0% used [0x00000000f2600000,0x00000000f2600000,0x00000000f4300000)
 ParOldGen       total 121856K, used 82144K [0x00000000a0000000, 0x00000000a7700000, 0x00000000e0000000)
  object space 121856K, 67% used [0x00000000a0000000,0x00000000a5038220,0x00000000a7700000)
 Metaspace       used 65988K, capacity 67760K, committed 67968K, reserved 1107968K
  class space    used 8521K, capacity 8824K, committed 8832K, reserved 1048576K
}
Event: 54.386 GC heap before
{Heap before GC invocations=27 (full 3):
 PSYoungGen      total 238080K, used 235962K [0x00000000e0000000, 0x00000000f4300000, 0x0000000100000000)
  eden space 211968K, 100% used [0x00000000e0000000,0x00000000ecf00000,0x00000000ecf00000)
  from space 26112K, 91% used [0x00000000ecf00000,0x00000000ee66eb88,0x00000000ee880000)
  to   space 29696K, 0% used [0x00000000f2600000,0x00000000f2600000,0x00000000f4300000)
 ParOldGen       total 121856K, used 82144K [0x00000000a0000000, 0x00000000a7700000, 0x00000000e0000000)
  object space 121856K, 67% used [0x00000000a0000000,0x00000000a5038220,0x00000000a7700000)
 Metaspace       used 66247K, capacity 67984K, committed 68352K, reserved 1107968K
  class space    used 8524K, capacity 8856K, committed 8960K, reserved 1048576K
Event: 54.459 GC heap after
Heap after GC invocations=27 (full 3):
 PSYoungGen      total 296960K, used 25376K [0x00000000e0000000, 0x00000000f4b80000, 0x0000000100000000)
  eden space 267264K, 0% used [0x00000000e0000000,0x00000000e0000000,0x00000000f0500000)
  from space 29696K, 85% used [0x00000000f2600000,0x00000000f3ec8180,0x00000000f4300000)
  to   space 33792K, 0% used [0x00000000f0500000,0x00000000f0500000,0x00000000f2600000)
 ParOldGen       total 121856K, used 92782K [0x00000000a0000000, 0x00000000a7700000, 0x00000000e0000000)
  object space 121856K, 76% used [0x00000000a0000000,0x00000000a5a9bbc0,0x00000000a7700000)
 Metaspace       used 66247K, capacity 67984K, committed 68352K, reserved 1107968K
  class space    used 8524K, capacity 8856K, committed 8960K, reserved 1048576K
}
Event: 55.839 GC heap before
{Heap before GC invocations=28 (full 3):
 PSYoungGen      total 296960K, used 292640K [0x00000000e0000000, 0x00000000f4b80000, 0x0000000100000000)
  eden space 267264K, 100% used [0x00000000e0000000,0x00000000f0500000,0x00000000f0500000)
  from space 29696K, 85% used [0x00000000f2600000,0x00000000f3ec8180,0x00000000f4300000)
  to   space 33792K, 0% used [0x00000000f0500000,0x00000000f0500000,0x00000000f2600000)
 ParOldGen       total 121856K, used 92782K [0x00000000a0000000, 0x00000000a7700000, 0x00000000e0000000)
  object space 121856K, 76% used [0x00000000a0000000,0x00000000a5a9bbc0,0x00000000a7700000)
 Metaspace       used 66295K, capacity 68112K, committed 68352K, reserved 1107968K
  class space    used 8525K, capacity 8856K, committed 8960K, reserved 1048576K
Event: 55.952 GC heap after
Heap after GC invocations=28 (full 3):
 PSYoungGen      total 301056K, used 33769K [0x00000000e0000000, 0x00000000fa480000, 0x0000000100000000)
  eden space 267264K, 0% used [0x00000000e0000000,0x00000000e0000000,0x00000000f0500000)
  from space 33792K, 99% used [0x00000000f0500000,0x00000000f25fa778,0x00000000f2600000)
  to   space 51712K, 0% used [0x00000000f7200000,0x00000000f7200000,0x00000000fa480000)
 ParOldGen       total 125440K, used 125171K [0x00000000a0000000, 0x00000000a7a80000, 0x00000000e0000000)
  object space 125440K, 99% used [0x00000000a0000000,0x00000000a7a3cf40,0x00000000a7a80000)
 Metaspace       used 66295K, capacity 68112K, committed 68352K, reserved 1107968K
  class space    used 8525K, capacity 8856K, committed 8960K, reserved 1048576K
}
Event: 55.953 GC heap before
{Heap before GC invocations=29 (full 4):
 PSYoungGen      total 301056K, used 33769K [0x00000000e0000000, 0x00000000fa480000, 0x0000000100000000)
  eden space 267264K, 0% used [0x00000000e0000000,0x00000000e0000000,0x00000000f0500000)
  from space 33792K, 99% used [0x00000000f0500000,0x00000000f25fa778,0x00000000f2600000)
  to   space 51712K, 0% used [0x00000000f7200000,0x00000000f7200000,0x00000000fa480000)
 ParOldGen       total 125440K, used 125171K [0x00000000a0000000, 0x00000000a7a80000, 0x00000000e0000000)
  object space 125440K, 99% used [0x00000000a0000000,0x00000000a7a3cf40,0x00000000a7a80000)
 Metaspace       used 66295K, capacity 68112K, committed 68352K, reserved 1107968K
  class space    used 8525K, capacity 8856K, committed 8960K, reserved 1048576K
Event: 56.689 GC heap after
Heap after GC invocations=29 (full 4):
 PSYoungGen      total 301056K, used 0K [0x00000000e0000000, 0x00000000fa480000, 0x0000000100000000)
  eden space 267264K, 0% used [0x00000000e0000000,0x00000000e0000000,0x00000000f0500000)
  from space 33792K, 0% used [0x00000000f0500000,0x00000000f0500000,0x00000000f2600000)
  to   space 51712K, 0% used [0x00000000f7200000,0x00000000f7200000,0x00000000fa480000)
 ParOldGen       total 125440K, used 101890K [0x00000000a0000000, 0x00000000a7a80000, 0x00000000e0000000)
  object space 125440K, 81% used [0x00000000a0000000,0x00000000a63808a8,0x00000000a7a80000)
 Metaspace       used 65660K, capacity 67426K, committed 68352K, reserved 1107968K
  class space    used 8453K, capacity 8777K, committed 8960K, reserved 1048576K
}
Event: 57.798 GC heap before
{Heap before GC invocations=30 (full 5):
 PSYoungGen      total 301056K, used 267264K [0x00000000e0000000, 0x00000000fa480000, 0x0000000100000000)
  eden space 267264K, 100% used [0x00000000e0000000,0x00000000f0500000,0x00000000f0500000)
  from space 33792K, 0% used [0x00000000f0500000,0x00000000f0500000,0x00000000f2600000)
  to   space 51712K, 0% used [0x00000000f7200000,0x00000000f7200000,0x00000000fa480000)
 ParOldGen       total 125440K, used 101890K [0x00000000a0000000, 0x00000000a7a80000, 0x00000000e0000000)
  object space 125440K, 81% used [0x00000000a0000000,0x00000000a63808a8,0x00000000a7a80000)
 Metaspace       used 65669K, capacity 67426K, committed 68352K, reserved 1107968K
  class space    used 8453K, capacity 8777K, committed 8960K, reserved 1048576K

Deoptimization events (10 events):
Event: 54.247 Thread 0x000000001bf16800 Uncommon trap: reason=class_check action=maybe_recompile pc=0x0000000004e10090 method=com.android.dx.cf.code.BaseMachine.storeResults(Lcom/android/dx/cf/code/Frame;)V @ 41
Event: 54.247 Thread 0x000000001bf16800 Uncommon trap: reason=class_check action=maybe_recompile pc=0x0000000004e10090 method=com.android.dx.cf.code.BaseMachine.storeResults(Lcom/android/dx/cf/code/Frame;)V @ 41
Event: 54.697 Thread 0x000000001bf08800 Uncommon trap: reason=bimorphic action=maybe_recompile pc=0x0000000004eae604 method=com.android.dx.cf.code.BytecodeArray.parseInstruction(ILcom/android/dx/cf/code/BytecodeArray$Visitor;)I @ 1597
Event: 54.697 Thread 0x000000001bf08800 Uncommon trap: reason=bimorphic action=maybe_recompile pc=0x0000000004eae4d4 method=com.android.dx.cf.code.BytecodeArray.parseInstruction(ILcom/android/dx/cf/code/BytecodeArray$Visitor;)I @ 1549
Event: 54.697 Thread 0x000000001bf08800 Uncommon trap: reason=bimorphic action=maybe_recompile pc=0x0000000004eae604 method=com.android.dx.cf.code.BytecodeArray.parseInstruction(ILcom/android/dx/cf/code/BytecodeArray$Visitor;)I @ 1597
Event: 54.915 Thread 0x000000001bf08000 Uncommon trap: reason=uninitialized action=reinterpret pc=0x0000000004fdc4e4 method=com.android.dx.cf.code.Ropper.processBlock(Lcom/android/dx/cf/code/ByteBlock;Lcom/android/dx/cf/code/Frame;[I)V @ 114
Event: 55.461 Thread 0x000000001bebc800 Uncommon trap: reason=unreached action=reinterpret pc=0x0000000004de862c method=com.android.dx.rop.code.LocalItem.compareHandlesNulls(Lcom/android/dx/rop/cst/CstString;Lcom/android/dx/rop/cst/CstString;)I @ 14
Event: 56.845 Thread 0x000000001bf15800 Uncommon trap: reason=unreached action=reinterpret pc=0x00000000050791f0 method=com.android.dx.util.IntList.equals(Ljava/lang/Object;)Z @ 2
Event: 56.871 Thread 0x000000001bf07000 Uncommon trap: reason=bimorphic action=maybe_recompile pc=0x00000000050437d0 method=com.android.dx.cf.code.BytecodeArray.parseInstruction(ILcom/android/dx/cf/code/BytecodeArray$Visitor;)I @ 1891
Event: 56.874 Thread 0x000000001bf07000 Uncommon trap: reason=bimorphic action=maybe_recompile pc=0x00000000050437d0 method=com.android.dx.cf.code.BytecodeArray.parseInstruction(ILcom/android/dx/cf/code/BytecodeArray$Visitor;)I @ 1891

Internal exceptions (10 events):
Event: 52.937 Thread 0x000000001bebc800 Exception <a 'java/security/PrivilegedActionException'> (0x00000000e02e46b0) thrown at [D:\re\workspace\8-2-build-windows-amd64-cygwin\jdk8u20\1074\hotspot\src\share\vm\prims\jvm.cpp, line 1275]
Event: 52.993 Thread 0x000000001bf07000 Implicit null exception at 0x0000000004d91b8d to 0x0000000004d9257d
Event: 54.021 Thread 0x000000001bf16800 Exception <a 'java/security/PrivilegedActionException'> (0x00000000e9c8d220) thrown at [D:\re\workspace\8-2-build-windows-amd64-cygwin\jdk8u20\1074\hotspot\src\share\vm\prims\jvm.cpp, line 1275]
Event: 54.024 Thread 0x000000001bf16800 Exception <a 'java/security/PrivilegedActionException'> (0x00000000e9c92010) thrown at [D:\re\workspace\8-2-build-windows-amd64-cygwin\jdk8u20\1074\hotspot\src\share\vm\prims\jvm.cpp, line 1275]
Event: 54.025 Thread 0x000000001bf16800 Exception <a 'java/security/PrivilegedActionException'> (0x00000000e9c95258) thrown at [D:\re\workspace\8-2-build-windows-amd64-cygwin\jdk8u20\1074\hotspot\src\share\vm\prims\jvm.cpp, line 1275]
Event: 54.026 Thread 0x000000001bf16800 Exception <a 'java/security/PrivilegedActionException'> (0x00000000e9c9bb90) thrown at [D:\re\workspace\8-2-build-windows-amd64-cygwin\jdk8u20\1074\hotspot\src\share\vm\prims\jvm.cpp, line 1275]
Event: 54.085 Thread 0x0000000020a22800 Exception <a 'java/security/PrivilegedActionException'> (0x00000000ea506500) thrown at [D:\re\workspace\8-2-build-windows-amd64-cygwin\jdk8u20\1074\hotspot\src\share\vm\prims\jvm.cpp, line 1275]
Event: 54.087 Thread 0x0000000020a22800 Exception <a 'java/security/PrivilegedActionException'> (0x00000000ea517f68) thrown at [D:\re\workspace\8-2-build-windows-amd64-cygwin\jdk8u20\1074\hotspot\src\share\vm\prims\jvm.cpp, line 1275]
Event: 55.073 Thread 0x0000000020a22800 Exception <a 'java/security/PrivilegedActionException'> (0x00000000e7611b60) thrown at [D:\re\workspace\8-2-build-windows-amd64-cygwin\jdk8u20\1074\hotspot\src\share\vm\prims\jvm.cpp, line 1275]
Event: 55.461 Thread 0x000000001bebc800 Implicit null exception at 0x0000000004de6985 to 0x0000000004de8621

Events (10 events):
Event: 57.751 Thread 0x00000000179b2800 flushing nmethod 0x0000000004ec2210
Event: 57.751 Thread 0x00000000179b2800 flushing nmethod 0x0000000004ec72d0
Event: 57.751 Thread 0x00000000179b2800 flushing nmethod 0x0000000004ee7c50
Event: 57.752 Thread 0x00000000179b2800 flushing nmethod 0x0000000004efbb50
Event: 57.752 Thread 0x00000000179b2800 flushing nmethod 0x0000000004f0ee90
Event: 57.757 Thread 0x0000000020a22800 DEOPT PACKING pc=0x0000000003878777 sp=0x00000000256ed890
Event: 57.757 Thread 0x0000000020a22800 DEOPT UNPACKING pc=0x00000000029f75bf sp=0x00000000256ed600 mode 0
Event: 57.760 Thread 0x000000001bf15000 Thread exited: 0x000000001bf15000
Event: 57.782 Thread 0x000000001bf14000 Thread exited: 0x000000001bf14000
Event: 57.790 Executing VM operation: ParallelGCFailedAllocation


Dynamic libraries:
0x00007ff640cd0000 - 0x00007ff640d04000 	D:\java\jdk1.8.0_20\bin\java.exe
0x00007ffd8fcf0000 - 0x00007ffd8feb1000 	C:\WINDOWS\SYSTEM32\ntdll.dll
0x00007ffd8d510000 - 0x00007ffd8d5bd000 	C:\WINDOWS\system32\KERNEL32.DLL
0x00007ffd8c5d0000 - 0x00007ffd8c7b8000 	C:\WINDOWS\system32\KERNELBASE.dll
0x00007ffd8d960000 - 0x00007ffd8da07000 	C:\WINDOWS\system32\ADVAPI32.dll
0x00007ffd8d8c0000 - 0x00007ffd8d95d000 	C:\WINDOWS\system32\msvcrt.dll
0x00007ffd8d360000 - 0x00007ffd8d3bb000 	C:\WINDOWS\system32\sechost.dll
0x00007ffd8e670000 - 0x00007ffd8e78c000 	C:\WINDOWS\system32\RPCRT4.dll
0x00007ffd8e360000 - 0x00007ffd8e4b6000 	C:\WINDOWS\system32\USER32.dll
0x00007ffd8d190000 - 0x00007ffd8d316000 	C:\WINDOWS\system32\GDI32.dll
0x00007ffd88440000 - 0x00007ffd886b4000 	C:\WINDOWS\WinSxS\amd64_microsoft.windows.common-controls_6595b64144ccf1df_6.0.10586.672_none_a2d6b3cea53ff843\COMCTL32.dll
0x00007ffd8d5c0000 - 0x00007ffd8d83d000 	C:\WINDOWS\system32\combase.dll
0x00007ffd8c4a0000 - 0x00007ffd8c50a000 	C:\WINDOWS\system32\bcryptPrimitives.dll
0x00007ffd8d320000 - 0x00007ffd8d35b000 	C:\WINDOWS\system32\IMM32.DLL
0x00007ffd8c1e0000 - 0x00007ffd8c211000 	C:\Windows\system32\nvinitx.dll
0x00007ffd8c1d0000 - 0x00007ffd8c1da000 	C:\WINDOWS\SYSTEM32\VERSION.dll
0x00000000582e0000 - 0x00000000583b2000 	D:\java\jdk1.8.0_20\jre\bin\msvcr100.dll
0x0000000057210000 - 0x0000000057a68000 	D:\java\jdk1.8.0_20\jre\bin\server\jvm.dll
0x00007ffd8d0d0000 - 0x00007ffd8d0d8000 	C:\WINDOWS\system32\PSAPI.DLL
0x00007ffd7fdd0000 - 0x00007ffd7fdd9000 	C:\WINDOWS\SYSTEM32\WSOCK32.dll
0x00007ffd8a5b0000 - 0x00007ffd8a5d3000 	C:\WINDOWS\SYSTEM32\WINMM.dll
0x00007ffd8e2f0000 - 0x00007ffd8e35b000 	C:\WINDOWS\system32\WS2_32.dll
0x00007ffd8a550000 - 0x00007ffd8a57c000 	C:\WINDOWS\SYSTEM32\WINMMBASE.dll
0x00007ffd8c430000 - 0x00007ffd8c473000 	C:\WINDOWS\system32\cfgmgr32.dll
0x0000000058ba0000 - 0x0000000058baf000 	D:\java\jdk1.8.0_20\jre\bin\verify.dll
0x0000000058b30000 - 0x0000000058b58000 	D:\java\jdk1.8.0_20\jre\bin\java.dll
0x0000000058b80000 - 0x0000000058b96000 	D:\java\jdk1.8.0_20\jre\bin\zip.dll
0x00007ffd8e790000 - 0x00007ffd8fcec000 	C:\WINDOWS\system32\SHELL32.dll
0x00007ffd8c990000 - 0x00007ffd8cfd5000 	C:\WINDOWS\system32\windows.storage.dll
0x00007ffd8dba0000 - 0x00007ffd8dbf2000 	C:\WINDOWS\system32\shlwapi.dll
0x00007ffd8c360000 - 0x00007ffd8c36f000 	C:\WINDOWS\system32\kernel.appcore.dll
0x00007ffd8c510000 - 0x00007ffd8c5c5000 	C:\WINDOWS\system32\shcore.dll
0x00007ffd8c310000 - 0x00007ffd8c35b000 	C:\WINDOWS\system32\powrprof.dll
0x00007ffd8c2f0000 - 0x00007ffd8c304000 	C:\WINDOWS\system32\profapi.dll
0x0000000058b10000 - 0x0000000058b2a000 	D:\java\jdk1.8.0_20\jre\bin\net.dll
0x00007ffd8bb70000 - 0x00007ffd8bbcc000 	C:\WINDOWS\system32\mswsock.dll
0x00000000571f0000 - 0x0000000057201000 	D:\java\jdk1.8.0_20\jre\bin\nio.dll
0x00007ffd80f00000 - 0x00007ffd80f12000 	C:\Users\Administrator\.gradle\native\19\windows-amd64\native-platform.dll
0x00007ffd8bc20000 - 0x00007ffd8bc37000 	C:\WINDOWS\SYSTEM32\CRYPTSP.dll
0x00007ffd8b8b0000 - 0x00007ffd8b8e4000 	C:\WINDOWS\system32\rsaenh.dll
0x00007ffd8c220000 - 0x00007ffd8c249000 	C:\WINDOWS\SYSTEM32\bcrypt.dll
0x00007ffd8ba00000 - 0x00007ffd8ba1f000 	C:\WINDOWS\SYSTEM32\USERENV.dll
0x00007ffd8bd40000 - 0x00007ffd8bd4b000 	C:\WINDOWS\SYSTEM32\CRYPTBASE.dll
0x00007ffd88ee0000 - 0x00007ffd88f18000 	C:\WINDOWS\SYSTEM32\IPHLPAPI.DLL
0x00007ffd8da30000 - 0x00007ffd8da38000 	C:\WINDOWS\system32\NSI.dll
0x00007ffd84a30000 - 0x00007ffd84a46000 	C:\WINDOWS\SYSTEM32\dhcpcsvc6.DLL
0x00007ffd84a10000 - 0x00007ffd84a2a000 	C:\WINDOWS\SYSTEM32\dhcpcsvc.DLL
0x00000000582d0000 - 0x00000000582dd000 	D:\java\jdk1.8.0_20\jre\bin\management.dll
0x00007ffd8b790000 - 0x00007ffd8b7c1000 	C:\WINDOWS\SYSTEM32\ntmarta.dll
0x00007ffd7d780000 - 0x00007ffd7d81c000 	C:\WINDOWS\SYSTEM32\efswrt.dll
0x00007ffd8e1a0000 - 0x00007ffd8e266000 	C:\WINDOWS\system32\OLEAUT32.dll
0x00007ffd86630000 - 0x00007ffd86766000 	C:\WINDOWS\SYSTEM32\wintypes.dll
0x00007ffd7c840000 - 0x00007ffd7c890000 	C:\WINDOWS\SYSTEM32\edputil.dll
0x00007ffd7f0c0000 - 0x00007ffd7f24c000 	C:\WINDOWS\SYSTEM32\dbghelp.dll

VM Arguments:
jvm_args: -Xmx1536m -Dfile.encoding=GBK -Duser.country=CN -Duser.language=zh -Duser.variant 
java_command: org.gradle.launcher.daemon.bootstrap.GradleDaemon 2.14.1
java_class_path (initial): C:\Users\Administrator\.gradle\wrapper\dists\gradle-2.14.1-all\8bnwg5hd3w55iofp58khbp6yv\gradle-2.14.1\lib\gradle-launcher-2.14.1.jar
Launcher Type: SUN_STANDARD

Environment Variables:
JAVA_HOME=D:\java\jdk1.8.0_20
CLASSPATH=.;D:\java\jdk1.8.0_20\lib\dt.jar;D:\java\jdk1.8.0_20\lib\tools.jar;D:\apache-tomcat-7.0.65-windows-x64\apache-tomcat-7.0.65\lib\servlet-api.jar;D:\apache-tomcat-7.0.65-windows-x64\apache-tomcat-7.0.65\lib\jsp-api.jar;D:\eclipse_javaEE\lib\Aspectj\install\lib\aspectjrt.jar
PATH=C:\ProgramData\Oracle\Java\javapath;D:\java\jdk1.8.0_20\bin;D:\java\jdk1.8.0_20\jre\binC:\WINDOWS\system32;C:\WINDOWS;C:\WINDOWS\System32\Wbem;C:\WINDOWS\System32\WindowsPowerShell\v1.0\;C:\Program Files\Microsoft SQL Server\110\Tools\Binn\;C:\Program Files (x86)\Microsoft SDKs\TypeScript\1.0\;D:\MATLAB\bin\win32;C:\Windows\System32;C:\Program Files\Intel\WiFi\bin\;C:\Program Files\Common Files\Intel\WirelessCommon\;D:\java\jdk1.8.0_20\bin;D:\;amp\wamp\bin\mysql\mysql5.5.20\bin;D:\python2.7.10\install;D:\wamp\wamp\bin\mysql\mysql5.5.20\bin;D:\python2.7.10\install\Scripts;C:\mongodb\bin;D:\nodejs\nvmw;D:\nodejs\nvmw\v4.2.1;D:\svn\bin;D:\scala\install\bin;D:\sbt\install\\bin;D:\sbt\install\bin;D:\git\Git\bin;D:\ant\apache-ant-1.9.6/bin;D:\curl;D:\wamp\wamp\bin\php\php5.3.10;D:\wamp\wamp\bin\php\php5.5.12;C:\ProgramData\ComposerSetup\bin;C:\Users\Administrator\AppData\Roaming\Composer\Vendor\bin;D:\OCR\install\Tesseract-OCR;C:\WINDOWS\system32;C:\Program Files (x86)\Windows Kits\10\Windows Performance Toolkit\;D:\makeForWin\GnuWin32\bin;D:\eclipse_javaEE\lib\Aspectj\install\bin;D:\maven\apache-maven-3.3.9\bin;D:\php\php-5.6.21-Win32-VC11-x64;D:\php\php-5.6.21-Win32-VC11-x64\ext;D:\mysql\mysql-5.6.24-winx64\bin;D:\nodejs\nvmw\v6.2.0\;D:\jdk\adt-bundle-windows-x86_64-20140702\sdk\tools;D:\jdk\adt-bundle-windows-x86_64-20140702\sdk\platform-tools;D:\openVPN\install\OpenVPN\bin;D:\nmap\nmap-7.31;D:\cocos2d-x\templates;D:\cocos2d-x\tools\cocos2d-console\bin;C:\Program Files\Intel\WiFi\bin\;C:\Program Files\Common Files\Intel\WirelessCommon\;C:\Users\Administrator\AppData\Roaming\npm
USERNAME=Administrator
OS=Windows_NT
PROCESSOR_IDENTIFIER=Intel64 Family 6 Model 58 Stepping 9, GenuineIntel



---------------  S Y S T E M  ---------------

OS: Windows 8.1 , 64 bit Build 9600 

CPU:total 4 (2 cores per cpu, 2 threads per core) family 6 model 58 stepping 9, cmov, cx8, fxsr, mmx, sse, sse2, sse3, ssse3, sse4.1, sse4.2, popcnt, avx, aes, clmul, erms, ht, tsc, tscinvbit, tscinv

Memory: 4k page, physical 6148232k(816240k free), swap 7587904k(26812k free)

vm_info: Java HotSpot(TM) 64-Bit Server VM (25.20-b23) for windows-amd64 JRE (1.8.0_20-b26), built on Jul 30 2014 13:51:23 by "java_re" with MS VC++ 10.0 (VS2010)

time: Fri Dec 02 03:23:48 2016
elapsed time: 58 seconds (0d 0h 0m 58s)

