#
# There is insufficient memory for the Java Runtime Environment to continue.
# Native memory allocation (malloc) failed to allocate 1993136 bytes for Chunk::new
# Possible reasons:
#   The system is out of physical RAM or swap space
#   In 32 bit mode, the process size limit was hit
# Possible solutions:
#   Reduce memory load on the system
#   Increase physical memory or swap space
#   Check if swap backing store is full
#   Use 64 bit Java on a 64 bit OS
#   Decrease Java heap size (-Xmx/-Xms)
#   Decrease number of Java threads
#   Decrease Java thread stack sizes (-Xss)
#   Set larger code cache with -XX:ReservedCodeCacheSize=
# This output file may be truncated or incomplete.
#
#  Out of Memory Error (allocation.cpp:390), pid=10692, tid=12740
#
# JRE version: Java(TM) SE Runtime Environment (8.0_20-b26) (build 1.8.0_20-b26)
# Java VM: Java HotSpot(TM) 64-Bit Server VM (25.20-b23 mixed mode windows-amd64 compressed oops)
# Failed to write core dump. Minidumps are not enabled by default on client versions of Windows
#

---------------  T H R E A D  ---------------

Current thread (0x000000001701d000):  JavaThread "C2 CompilerThread0" daemon [_thread_in_native, id=12740, stack(0x0000000018520000,0x0000000018620000)]

Stack: [0x0000000018520000,0x0000000018620000]
Native frames: (J=compiled Java code, j=interpreted, Vv=VM code, C=native code)
V  [jvm.dll+0x3152fa]
V  [jvm.dll+0x265d03]
V  [jvm.dll+0x266943]
V  [jvm.dll+0x25e265]
V  [jvm.dll+0xbe255]
V  [jvm.dll+0xbe6fc]
V  [jvm.dll+0x45c472]
V  [jvm.dll+0x49d76f]
V  [jvm.dll+0x451911]
V  [jvm.dll+0x452634]
V  [jvm.dll+0x435fc2]
V  [jvm.dll+0x97b62]
V  [jvm.dll+0x98353]
V  [jvm.dll+0x22aac4]
V  [jvm.dll+0x283f5a]
C  [msvcr100.dll+0x21d9f]
C  [msvcr100.dll+0x21e3b]
C  [KERNEL32.DLL+0x18102]
C  [ntdll.dll+0x5c5b4]


Current CompileTask:
C2: 677255 21278       4       com.android.dx.dex.cf.CfTranslator::translate0 (265 bytes)


---------------  P R O C E S S  ---------------

Java Threads: ( => current thread )
  0x0000000019ef1000 JavaThread "pool-145-thread-4" [_thread_blocked, id=10932, stack(0x00000000384f0000,0x00000000385f0000)]
  0x0000000019ef0000 JavaThread "pool-145-thread-3" [_thread_blocked, id=5808, stack(0x00000000383f0000,0x00000000384f0000)]
  0x0000000019eee800 JavaThread "pool-145-thread-2" [_thread_blocked, id=7464, stack(0x00000000382f0000,0x00000000383f0000)]
  0x0000000019eec800 JavaThread "pool-146-thread-1" [_thread_blocked, id=11300, stack(0x00000000381f0000,0x00000000382f0000)]
  0x0000000019eeb800 JavaThread "pool-145-thread-1" [_thread_blocked, id=12856, stack(0x00000000380f0000,0x00000000381f0000)]
  0x0000000019ef1800 JavaThread "pool-126-thread-1" [_thread_in_Java, id=10564, stack(0x0000000037ef0000,0x0000000037ff0000)]
  0x0000000019eee000 JavaThread "pool-142-thread-4" [_thread_in_Java, id=6800, stack(0x0000000037df0000,0x0000000037ef0000)]
  0x000000001cd31000 JavaThread "pool-143-thread-1" [_thread_blocked, id=7260, stack(0x0000000037af0000,0x0000000037bf0000)]
  0x000000001cd2c800 JavaThread "pool-142-thread-1" [_thread_in_Java, id=1904, stack(0x00000000379f0000,0x0000000037af0000)]
  0x000000001cd31800 JavaThread "pool-139-thread-4" [_thread_blocked, id=11912, stack(0x00000000378f0000,0x00000000379f0000)]
  0x000000001cd2f800 JavaThread "pool-139-thread-3" [_thread_blocked, id=8372, stack(0x00000000377f0000,0x00000000378f0000)]
  0x000000001cd27800 JavaThread "pool-139-thread-2" [_thread_in_Java, id=7780, stack(0x00000000376f0000,0x00000000377f0000)]
  0x000000001cd2e800 JavaThread "pool-140-thread-1" [_thread_blocked, id=13148, stack(0x00000000375f0000,0x00000000376f0000)]
  0x000000001cd27000 JavaThread "pool-139-thread-1" [_thread_blocked, id=12036, stack(0x00000000374f0000,0x00000000375f0000)]
  0x000000001907b000 JavaThread "pool-27-thread-4" [_thread_blocked, id=7784, stack(0x0000000026ff0000,0x00000000270f0000)]
  0x0000000019073800 JavaThread "pool-27-thread-3" [_thread_blocked, id=708, stack(0x0000000026ef0000,0x0000000026ff0000)]
  0x0000000019072800 JavaThread "pool-27-thread-2" [_thread_blocked, id=4592, stack(0x0000000026df0000,0x0000000026ef0000)]
  0x0000000019079800 JavaThread "pool-27-thread-1" [_thread_blocked, id=5728, stack(0x0000000026cf0000,0x0000000026df0000)]
  0x0000000019070800 JavaThread "Stdin handler" [_thread_blocked, id=6324, stack(0x0000000026bf0000,0x0000000026cf0000)]
  0x0000000019077000 JavaThread "Asynchronous log dispatcher for org.gradle.launcher.daemon.server.DefaultDaemonConnection@554387" [_thread_blocked, id=9476, stack(0x0000000026af0000,0x0000000026bf0000)]
  0x000000001906d800 JavaThread "Daemon worker Thread 4" [_thread_blocked, id=11756, stack(0x00000000269f0000,0x0000000026af0000)]
  0x0000000019074000 JavaThread "Cancel handler" [_thread_blocked, id=5796, stack(0x00000000268f0000,0x00000000269f0000)]
  0x00000000187b9000 JavaThread "Handler for socket connection from /127.0.0.1:65119 to /127.0.0.1:51832" [_thread_in_native, id=8840, stack(0x00000000267f0000,0x00000000268f0000)]
  0x00000000187b9800 JavaThread "Daemon Thread 4" [_thread_blocked, id=9568, stack(0x00000000266f0000,0x00000000267f0000)]
  0x000000001907a000 JavaThread "pool-12-thread-4" [_thread_blocked, id=4128, stack(0x00000000259f0000,0x0000000025af0000)]
  0x0000000019075000 JavaThread "pool-12-thread-3" [_thread_blocked, id=6496, stack(0x00000000258f0000,0x00000000259f0000)]
  0x0000000019078000 JavaThread "pool-12-thread-1" [_thread_in_Java, id=9684, stack(0x00000000245f0000,0x00000000246f0000)]
  0x0000000019075800 JavaThread "pool-12-thread-2" [_thread_blocked, id=11588, stack(0x00000000244f0000,0x00000000245f0000)]
  0x00000000187bb000 JavaThread "pool-2-thread-1" [_thread_blocked, id=13260, stack(0x000000001f260000,0x000000001f360000)]
  0x0000000019166800 JavaThread "File lock request listener" [_thread_in_native, id=11544, stack(0x000000001c5c0000,0x000000001c6c0000)]
  0x0000000018898000 JavaThread "Incoming local TCP Connector on port 65119" [_thread_in_native, id=7616, stack(0x000000001a8f0000,0x000000001a9f0000)]
  0x00000000197e3800 JavaThread "pool-1-thread-1" [_thread_blocked, id=7760, stack(0x000000001a5f0000,0x000000001a6f0000)]
  0x0000000018697000 JavaThread "Service Thread" daemon [_thread_blocked, id=7712, stack(0x0000000018c20000,0x0000000018d20000)]
  0x0000000018631800 JavaThread "C1 CompilerThread2" daemon [_thread_blocked, id=1160, stack(0x0000000018b20000,0x0000000018c20000)]
  0x0000000018623000 JavaThread "C2 CompilerThread1" daemon [_thread_in_native, id=6728, stack(0x0000000018a20000,0x0000000018b20000)]
=>0x000000001701d000 JavaThread "C2 CompilerThread0" daemon [_thread_in_native, id=12740, stack(0x0000000018520000,0x0000000018620000)]
  0x0000000016fd0800 JavaThread "Attach Listener" daemon [_thread_blocked, id=5320, stack(0x0000000018420000,0x0000000018520000)]
  0x0000000016fb9800 JavaThread "Signal Dispatcher" daemon [_thread_blocked, id=8124, stack(0x0000000018320000,0x0000000018420000)]
  0x0000000003646000 JavaThread "Finalizer" daemon [_thread_blocked, id=2792, stack(0x0000000018220000,0x0000000018320000)]
  0x0000000016f88000 JavaThread "Reference Handler" daemon [_thread_blocked, id=5260, stack(0x0000000018120000,0x0000000018220000)]
  0x000000000344d800 JavaThread "main" [_thread_blocked, id=11804, stack(0x0000000003450000,0x0000000003550000)]

Other Threads:
  0x0000000016f86000 VMThread [stack: 0x0000000018020000,0x0000000018120000] [id=9784]
  0x00000000186b9000 WatcherThread [stack: 0x0000000018d20000,0x0000000018e20000] [id=4228]

VM state:not at safepoint (normal execution)

VM Mutex/Monitor currently owned by a thread: None

Heap:
 PSYoungGen      total 393216K, used 229617K [0x00000000e0000000, 0x0000000100000000, 0x0000000100000000)
  eden space 262144K, 87% used [0x00000000e0000000,0x00000000ee03c4b8,0x00000000f0000000)
  from space 131072K, 0% used [0x00000000f0000000,0x00000000f0000000,0x00000000f8000000)
  to   space 126976K, 0% used [0x00000000f8400000,0x00000000f8400000,0x0000000100000000)
 ParOldGen       total 275968K, used 147309K [0x00000000a0000000, 0x00000000b0d80000, 0x00000000e0000000)
  object space 275968K, 53% used [0x00000000a0000000,0x00000000a8fdb778,0x00000000b0d80000)
 Metaspace       used 74764K, capacity 77952K, committed 79104K, reserved 1118208K
  class space    used 9662K, capacity 10265K, committed 10496K, reserved 1048576K

Card table byte_map: [0x0000000012a10000,0x0000000012d20000] byte_map_base: 0x0000000012510000

Marking Bits: (ParMarkBitMap*) 0x000000005fb8b460
 Begin Bits: [0x0000000013320000, 0x0000000014b20000)
 End Bits:   [0x0000000014b20000, 0x0000000016320000)

Polling page: 0x0000000002fa0000

CodeCache: size=245760Kb used=59988Kb max_used=59988Kb free=185771Kb
 bounds [0x0000000003650000, 0x0000000007140000, 0x0000000012650000]
 total_blobs=16756 nmethods=16005 adapters=662
 compilation: enabled

Compilation events (10 events):
Event: 675.362 Thread 0x0000000018631800 21284       3       com.android.dx.cf.direct.MemberListParser::<init> (74 bytes)
Event: 675.362 Thread 0x0000000018631800 nmethod 21284 0x00000000070df910 code [0x00000000070dfac0, 0x00000000070dff48]
Event: 676.563 Thread 0x0000000018623000 nmethod 21255 0x0000000007101510 code [0x0000000007102ba0, 0x000000000710a8d0]
Event: 676.563 Thread 0x0000000018623000 21287 % !   4       java.util.concurrent.ConcurrentHashMap::transfer @ 99 (832 bytes)
Event: 676.650 Thread 0x0000000018623000 nmethod 21287% 0x00000000070fca50 code [0x00000000070fcca0, 0x00000000070ff330]
Event: 676.650 Thread 0x0000000018623000 21290   !   4       com.android.dx.cf.code.BytecodeArray::parseInstruction (2764 bytes)
Event: 676.667 Thread 0x0000000018631800 21292       3       com.android.dx.dex.code.form.Form51l::isCompatible (53 bytes)
Event: 676.668 Thread 0x0000000018631800 nmethod 21292 0x00000000070fbb50 code [0x00000000070fbd00, 0x00000000070fc7c8]
Event: 677.022 Thread 0x0000000018631800 21295       3       com.android.dx.dex.code.DalvCode::getCatches (9 bytes)
Event: 677.022 Thread 0x0000000018631800 nmethod 21295 0x00000000070df550 code [0x00000000070df6c0, 0x00000000070df868]

GC Heap History (10 events):
Event: 672.063 GC heap before
{Heap before GC invocations=43 (full 7):
 PSYoungGen      total 445440K, used 445422K [0x00000000e0000000, 0x0000000100000000, 0x0000000100000000)
  eden space 366592K, 100% used [0x00000000e0000000,0x00000000f6600000,0x00000000f6600000)
  from space 78848K, 99% used [0x00000000f6600000,0x00000000fb2fb880,0x00000000fb300000)
  to   space 78848K, 0% used [0x00000000fb300000,0x00000000fb300000,0x0000000100000000)
 ParOldGen       total 216576K, used 101473K [0x00000000a0000000, 0x00000000ad380000, 0x00000000e0000000)
  object space 216576K, 46% used [0x00000000a0000000,0x00000000a63187b0,0x00000000ad380000)
 Metaspace       used 75489K, capacity 78770K, committed 79104K, reserved 1118208K
  class space    used 9748K, capacity 10370K, committed 10496K, reserved 1048576K
Event: 672.165 GC heap after
Heap after GC invocations=43 (full 7):
 PSYoungGen      total 381952K, used 75020K [0x00000000e0000000, 0x0000000100000000, 0x0000000100000000)
  eden space 303104K, 0% used [0x00000000e0000000,0x00000000e0000000,0x00000000f2800000)
  from space 78848K, 95% used [0x00000000fb300000,0x00000000ffc43140,0x0000000100000000)
  to   space 110592K, 0% used [0x00000000f2800000,0x00000000f2800000,0x00000000f9400000)
 ParOldGen       total 216576K, used 103356K [0x00000000a0000000, 0x00000000ad380000, 0x00000000e0000000)
  object space 216576K, 47% used [0x00000000a0000000,0x00000000a64ef1b0,0x00000000ad380000)
 Metaspace       used 75489K, capacity 78770K, committed 79104K, reserved 1118208K
  class space    used 9748K, capacity 10370K, committed 10496K, reserved 1048576K
}
Event: 672.962 GC heap before
{Heap before GC invocations=44 (full 7):
 PSYoungGen      total 381952K, used 378124K [0x00000000e0000000, 0x0000000100000000, 0x0000000100000000)
  eden space 303104K, 100% used [0x00000000e0000000,0x00000000f2800000,0x00000000f2800000)
  from space 78848K, 95% used [0x00000000fb300000,0x00000000ffc43140,0x0000000100000000)
  to   space 110592K, 0% used [0x00000000f2800000,0x00000000f2800000,0x00000000f9400000)
 ParOldGen       total 216576K, used 103356K [0x00000000a0000000, 0x00000000ad380000, 0x00000000e0000000)
  object space 216576K, 47% used [0x00000000a0000000,0x00000000a64ef1b0,0x00000000ad380000)
 Metaspace       used 75494K, capacity 78772K, committed 79104K, reserved 1118208K
  class space    used 9749K, capacity 10371K, committed 10496K, reserved 1048576K
Event: 673.109 GC heap after
Heap after GC invocations=44 (full 7):
 PSYoungGen      total 395776K, used 92174K [0x00000000e0000000, 0x0000000100000000, 0x0000000100000000)
  eden space 303104K, 0% used [0x00000000e0000000,0x00000000e0000000,0x00000000f2800000)
  from space 92672K, 99% used [0x00000000f2800000,0x00000000f8203b30,0x00000000f8280000)
  to   space 122880K, 0% used [0x00000000f8800000,0x00000000f8800000,0x0000000100000000)
 ParOldGen       total 216576K, used 113188K [0x00000000a0000000, 0x00000000ad380000, 0x00000000e0000000)
  object space 216576K, 52% used [0x00000000a0000000,0x00000000a6e89018,0x00000000ad380000)
 Metaspace       used 75494K, capacity 78772K, committed 79104K, reserved 1118208K
  class space    used 9749K, capacity 10371K, committed 10496K, reserved 1048576K
}
Event: 674.488 GC heap before
{Heap before GC invocations=45 (full 7):
 PSYoungGen      total 395776K, used 395278K [0x00000000e0000000, 0x0000000100000000, 0x0000000100000000)
  eden space 303104K, 100% used [0x00000000e0000000,0x00000000f2800000,0x00000000f2800000)
  from space 92672K, 99% used [0x00000000f2800000,0x00000000f8203b30,0x00000000f8280000)
  to   space 122880K, 0% used [0x00000000f8800000,0x00000000f8800000,0x0000000100000000)
 ParOldGen       total 216576K, used 113188K [0x00000000a0000000, 0x00000000ad380000, 0x00000000e0000000)
  object space 216576K, 52% used [0x00000000a0000000,0x00000000a6e89018,0x00000000ad380000)
 Metaspace       used 75535K, capacity 78772K, committed 79104K, reserved 1118208K
  class space    used 9751K, capacity 10371K, committed 10496K, reserved 1048576K
Event: 674.663 GC heap after
Heap after GC invocations=45 (full 7):
 PSYoungGen      total 385024K, used 88353K [0x00000000e0000000, 0x0000000100000000, 0x0000000100000000)
  eden space 262144K, 0% used [0x00000000e0000000,0x00000000e0000000,0x00000000f0000000)
  from space 122880K, 71% used [0x00000000f8800000,0x00000000fde48548,0x0000000100000000)
  to   space 131072K, 0% used [0x00000000f0000000,0x00000000f0000000,0x00000000f8000000)
 ParOldGen       total 216576K, used 139866K [0x00000000a0000000, 0x00000000ad380000, 0x00000000e0000000)
  object space 216576K, 64% used [0x00000000a0000000,0x00000000a8896a58,0x00000000ad380000)
 Metaspace       used 75535K, capacity 78772K, committed 79104K, reserved 1118208K
  class space    used 9751K, capacity 10371K, committed 10496K, reserved 1048576K
}
Event: 675.450 GC heap before
{Heap before GC invocations=46 (full 7):
 PSYoungGen      total 385024K, used 350497K [0x00000000e0000000, 0x0000000100000000, 0x0000000100000000)
  eden space 262144K, 100% used [0x00000000e0000000,0x00000000f0000000,0x00000000f0000000)
  from space 122880K, 71% used [0x00000000f8800000,0x00000000fde48548,0x0000000100000000)
  to   space 131072K, 0% used [0x00000000f0000000,0x00000000f0000000,0x00000000f8000000)
 ParOldGen       total 216576K, used 139866K [0x00000000a0000000, 0x00000000ad380000, 0x00000000e0000000)
  object space 216576K, 64% used [0x00000000a0000000,0x00000000a8896a58,0x00000000ad380000)
 Metaspace       used 75546K, capacity 78772K, committed 79104K, reserved 1118208K
  class space    used 9751K, capacity 10371K, committed 10496K, reserved 1048576K
Event: 675.577 GC heap after
Heap after GC invocations=46 (full 7):
 PSYoungGen      total 393216K, used 59995K [0x00000000e0000000, 0x0000000100000000, 0x0000000100000000)
  eden space 262144K, 0% used [0x00000000e0000000,0x00000000e0000000,0x00000000f0000000)
  from space 131072K, 45% used [0x00000000f0000000,0x00000000f3a96f30,0x00000000f8000000)
  to   space 126976K, 0% used [0x00000000f8400000,0x00000000f8400000,0x0000000100000000)
 ParOldGen       total 216576K, used 176517K [0x00000000a0000000, 0x00000000ad380000, 0x00000000e0000000)
  object space 216576K, 81% used [0x00000000a0000000,0x00000000aac61420,0x00000000ad380000)
 Metaspace       used 75546K, capacity 78772K, committed 79104K, reserved 1118208K
  class space    used 9751K, capacity 10371K, committed 10496K, reserved 1048576K
}
Event: 675.577 GC heap before
{Heap before GC invocations=47 (full 8):
 PSYoungGen      total 393216K, used 59995K [0x00000000e0000000, 0x0000000100000000, 0x0000000100000000)
  eden space 262144K, 0% used [0x00000000e0000000,0x00000000e0000000,0x00000000f0000000)
  from space 131072K, 45% used [0x00000000f0000000,0x00000000f3a96f30,0x00000000f8000000)
  to   space 126976K, 0% used [0x00000000f8400000,0x00000000f8400000,0x0000000100000000)
 ParOldGen       total 216576K, used 176517K [0x00000000a0000000, 0x00000000ad380000, 0x00000000e0000000)
  object space 216576K, 81% used [0x00000000a0000000,0x00000000aac61420,0x00000000ad380000)
 Metaspace       used 75546K, capacity 78772K, committed 79104K, reserved 1118208K
  class space    used 9751K, capacity 10371K, committed 10496K, reserved 1048576K
Event: 676.538 GC heap after
Heap after GC invocations=47 (full 8):
 PSYoungGen      total 393216K, used 0K [0x00000000e0000000, 0x0000000100000000, 0x0000000100000000)
  eden space 262144K, 0% used [0x00000000e0000000,0x00000000e0000000,0x00000000f0000000)
  from space 131072K, 0% used [0x00000000f0000000,0x00000000f0000000,0x00000000f8000000)
  to   space 126976K, 0% used [0x00000000f8400000,0x00000000f8400000,0x0000000100000000)
 ParOldGen       total 275968K, used 147309K [0x00000000a0000000, 0x00000000b0d80000, 0x00000000e0000000)
  object space 275968K, 53% used [0x00000000a0000000,0x00000000a8fdb778,0x00000000b0d80000)
 Metaspace       used 74763K, capacity 77952K, committed 79104K, reserved 1118208K
  class space    used 9662K, capacity 10265K, committed 10496K, reserved 1048576K
}

Deoptimization events (10 events):
Event: 674.931 Thread 0x0000000019075800 Uncommon trap: reason=null_assert action=make_not_entrant pc=0x00000000041a320c method=java.util.concurrent.ConcurrentHashMap.transfer([Ljava/util/concurrent/ConcurrentHashMap$Node;[Ljava/util/concurrent/ConcurrentHashMap$Node;)V @ 557
Event: 674.977 Thread 0x000000001cd32800 Uncommon trap: reason=unreached action=reinterpret pc=0x0000000005cd0430 method=java.util.concurrent.ConcurrentHashMap.putVal(Ljava/lang/Object;Ljava/lang/Object;Z)Ljava/lang/Object; @ 147
Event: 675.008 Thread 0x000000001cd28800 Uncommon trap: reason=bimorphic action=maybe_recompile pc=0x000000000705ed08 method=com.android.dx.cf.code.BytecodeArray.parseInstruction(ILcom/android/dx/cf/code/BytecodeArray$Visitor;)I @ 1387
Event: 675.009 Thread 0x000000001cd28800 Uncommon trap: reason=bimorphic action=maybe_recompile pc=0x000000000705ed08 method=com.android.dx.cf.code.BytecodeArray.parseInstruction(ILcom/android/dx/cf/code/BytecodeArray$Visitor;)I @ 1387
Event: 675.093 Thread 0x0000000019078000 Uncommon trap: reason=bimorphic action=maybe_recompile pc=0x0000000005e21820 method=com.android.dx.ssa.SCCP.setLatticeValueTo(IILcom/android/dx/rop/cst/Constant;)Z @ 43
Event: 675.094 Thread 0x0000000019078000 Uncommon trap: reason=bimorphic action=maybe_recompile pc=0x0000000005e21820 method=com.android.dx.ssa.SCCP.setLatticeValueTo(IILcom/android/dx/rop/cst/Constant;)Z @ 43
Event: 675.094 Thread 0x0000000019078000 Uncommon trap: reason=bimorphic action=maybe_recompile pc=0x00000000060b3de8 method=com.android.dx.rop.code.RegisterSpec.withSimpleType()Lcom/android/dx/rop/code/RegisterSpec; @ 21
Event: 675.356 Thread 0x000000001907a000 Uncommon trap: reason=unreached action=reinterpret pc=0x0000000006f504c4 method=com.android.dx.cf.direct.StdAttributeFactory.parse0(Lcom/android/dx/cf/direct/DirectClassFile;ILjava/lang/String;IILcom/android/dx/cf/iface/ParseObserver;)Lcom/android/dx/cf/if¬³.‘$…@
Event: 676.571 Thread 0x0000000019075000 Uncommon trap: reason=class_check action=maybe_recompile pc=0x00000000071054c0 method=com.android.dx.cf.code.BytecodeArray.parseInstruction(ILcom/android/dx/cf/code/BytecodeArray$Visitor;)I @ 2032
Event: 676.571 Thread 0x0000000019075000 Uncommon trap: reason=class_check action=maybe_recompile pc=0x00000000071054c0 method=com.android.dx.cf.code.BytecodeArray.parseInstruction(ILcom/android/dx/cf/code/BytecodeArray$Visitor;)I @ 2032

Internal exceptions (10 events):
Event: 670.231 Thread 0x0000000019075000 Exception <a 'java/security/PrivilegedActionException'> (0x00000000e4ef0250) thrown at [D:\re\workspace\8-2-build-windows-amd64-cygwin\jdk8u20\1074\hotspot\src\share\vm\prims\jvm.cpp, line 1275]
Event: 671.462 Thread 0x000000001cd31800 Exception <a 'java/security/PrivilegedActionException'> (0x00000000ee55f158) thrown at [D:\re\workspace\8-2-build-windows-amd64-cygwin\jdk8u20\1074\hotspot\src\share\vm\prims\jvm.cpp, line 1275]
Event: 672.635 Thread 0x000000001cd30000 Exception <a 'java/security/PrivilegedActionException'> (0x00000000e9a56d08) thrown at [D:\re\workspace\8-2-build-windows-amd64-cygwin\jdk8u20\1074\hotspot\src\share\vm\prims\jvm.cpp, line 1275]
Event: 672.839 Thread 0x000000001cd27800 Implicit null exception at 0x0000000006e0cfd1 to 0x0000000006e0e39c
Event: 673.146 Thread 0x0000000019075800 Implicit null exception at 0x0000000005acd44c to 0x0000000005acd542
Event: 673.222 Thread 0x000000001cd35800 Exception <a 'java/security/PrivilegedActionException'> (0x00000000e301f800) thrown at [D:\re\workspace\8-2-build-windows-amd64-cygwin\jdk8u20\1074\hotspot\src\share\vm\prims\jvm.cpp, line 1275]
Event: 673.237 Thread 0x000000001cd35800 Exception <a 'java/security/PrivilegedActionException'> (0x00000000e30c3ed0) thrown at [D:\re\workspace\8-2-build-windows-amd64-cygwin\jdk8u20\1074\hotspot\src\share\vm\prims\jvm.cpp, line 1275]
Event: 673.238 Thread 0x000000001cd35800 Exception <a 'java/security/PrivilegedActionException'> (0x00000000e30c7110) thrown at [D:\re\workspace\8-2-build-windows-amd64-cygwin\jdk8u20\1074\hotspot\src\share\vm\prims\jvm.cpp, line 1275]
Event: 673.239 Thread 0x000000001cd35800 Exception <a 'java/security/PrivilegedActionException'> (0x00000000e30cda20) thrown at [D:\re\workspace\8-2-build-windows-amd64-cygwin\jdk8u20\1074\hotspot\src\share\vm\prims\jvm.cpp, line 1275]
Event: 677.013 Thread 0x00000000187bb000 Exception <a 'sun/nio/fs/WindowsException'> (0x00000000e9285978) thrown at [D:\re\workspace\8-2-build-windows-amd64-cygwin\jdk8u20\1074\hotspot\src\share\vm\prims\jni.cpp, line 716]

Events (10 events):
Event: 676.816 Thread 0x0000000019ef1800 DEOPT PACKING pc=0x0000000006ec2155 sp=0x0000000037fee9a0
Event: 676.816 Thread 0x0000000019ef1800 DEOPT UNPACKING pc=0x00000000036975bf sp=0x0000000037fee6d0 mode 0
Event: 676.889 Thread 0x000000001cd34000 DEOPT PACKING pc=0x0000000006e715ee sp=0x0000000037ceec60
Event: 676.889 Thread 0x000000001cd34000 DEOPT UNPACKING pc=0x00000000036975bf sp=0x0000000037ceea48 mode 0
Event: 676.986 Executing VM operation: RevokeBias
Event: 677.013 Executing VM operation: RevokeBias done
Event: 677.074 Thread 0x000000001cd27800 DEOPT PACKING pc=0x0000000007098aad sp=0x00000000377ee670
Event: 677.074 Thread 0x000000001cd27800 DEOPT UNPACKING pc=0x00000000036975bf sp=0x00000000377ee3d8 mode 0
Event: 677.075 Thread 0x000000001cd34000 DEOPT PACKING pc=0x0000000006e715ee sp=0x0000000037ceec60
Event: 677.075 Thread 0x000000001cd34000 DEOPT UNPACKING pc=0x00000000036975bf sp=0x0000000037ceea48 mode 0


Dynamic libraries:
0x00007ff6229e0000 - 0x00007ff622a14000 	D:\java\jdk1.8.0_20\bin\java.exe
0x00007ffdf9ed0000 - 0x00007ffdfa091000 	C:\WINDOWS\SYSTEM32\ntdll.dll
0x00007ffdf87a0000 - 0x00007ffdf884d000 	C:\WINDOWS\system32\KERNEL32.DLL
0x00007ffdf6830000 - 0x00007ffdf6a18000 	C:\WINDOWS\system32\KERNELBASE.dll
0x00007ffdf86f0000 - 0x00007ffdf8797000 	C:\WINDOWS\system32\ADVAPI32.dll
0x00007ffdf7b30000 - 0x00007ffdf7bcd000 	C:\WINDOWS\system32\msvcrt.dll
0x00007ffdf7830000 - 0x00007ffdf788b000 	C:\WINDOWS\system32\sechost.dll
0x00007ffdf85d0000 - 0x00007ffdf86ec000 	C:\WINDOWS\system32\RPCRT4.dll
0x00007ffdf7d00000 - 0x00007ffdf7e56000 	C:\WINDOWS\system32\USER32.dll
0x00007ffdf7e60000 - 0x00007ffdf7fe6000 	C:\WINDOWS\system32\GDI32.dll
0x00007ffdf0b30000 - 0x00007ffdf0da4000 	C:\WINDOWS\WinSxS\amd64_microsoft.windows.common-controls_6595b64144ccf1df_6.0.10586.672_none_a2d6b3cea53ff843\COMCTL32.dll
0x00007ffdf78b0000 - 0x00007ffdf7b2d000 	C:\WINDOWS\system32\combase.dll
0x00007ffdf65c0000 - 0x00007ffdf662a000 	C:\WINDOWS\system32\bcryptPrimitives.dll
0x00007ffdf77f0000 - 0x00007ffdf782b000 	C:\WINDOWS\system32\IMM32.DLL
0x00007ffdf63c0000 - 0x00007ffdf63f1000 	C:\Windows\system32\nvinitx.dll
0x00007ffdf63b0000 - 0x00007ffdf63ba000 	C:\WINDOWS\SYSTEM32\VERSION.dll
0x000000005fc10000 - 0x000000005fce2000 	D:\java\jdk1.8.0_20\jre\bin\msvcr100.dll
0x000000005f3b0000 - 0x000000005fc08000 	D:\java\jdk1.8.0_20\jre\bin\server\jvm.dll
0x00007ffdf78a0000 - 0x00007ffdf78a8000 	C:\WINDOWS\system32\PSAPI.DLL
0x00007ffdf4700000 - 0x00007ffdf4723000 	C:\WINDOWS\SYSTEM32\WINMM.dll
0x00007ffdea420000 - 0x00007ffdea429000 	C:\WINDOWS\SYSTEM32\WSOCK32.dll
0x00007ffdf7c30000 - 0x00007ffdf7c9b000 	C:\WINDOWS\system32\WS2_32.dll
0x0000000002f70000 - 0x0000000002f9c000 	C:\WINDOWS\SYSTEM32\WINMMBASE.dll
0x00007ffdf6bf0000 - 0x00007ffdf6c33000 	C:\WINDOWS\system32\cfgmgr32.dll
0x000000005f3a0000 - 0x000000005f3af000 	D:\java\jdk1.8.0_20\jre\bin\verify.dll
0x000000005f370000 - 0x000000005f398000 	D:\java\jdk1.8.0_20\jre\bin\java.dll
0x000000005f350000 - 0x000000005f366000 	D:\java\jdk1.8.0_20\jre\bin\zip.dll
0x00007ffdf8970000 - 0x00007ffdf9ecc000 	C:\WINDOWS\system32\SHELL32.dll
0x00007ffdf6c60000 - 0x00007ffdf72a5000 	C:\WINDOWS\system32\windows.storage.dll
0x00007ffdf7ca0000 - 0x00007ffdf7cf2000 	C:\WINDOWS\system32\shlwapi.dll
0x00007ffdf64e0000 - 0x00007ffdf64ef000 	C:\WINDOWS\system32\kernel.appcore.dll
0x00007ffdf6770000 - 0x00007ffdf6825000 	C:\WINDOWS\system32\shcore.dll
0x00007ffdf64f0000 - 0x00007ffdf653b000 	C:\WINDOWS\system32\powrprof.dll
0x00007ffdf6540000 - 0x00007ffdf6554000 	C:\WINDOWS\system32\profapi.dll
0x000000005f330000 - 0x000000005f34a000 	D:\java\jdk1.8.0_20\jre\bin\net.dll
0x00007ffdf5d50000 - 0x00007ffdf5dac000 	C:\WINDOWS\system32\mswsock.dll
0x000000005f310000 - 0x000000005f321000 	D:\java\jdk1.8.0_20\jre\bin\nio.dll
0x00007ffde7ef0000 - 0x00007ffde7f02000 	C:\Users\Administrator\.gradle\native\19\windows-amd64\native-platform.dll
0x00007ffdf5e00000 - 0x00007ffdf5e17000 	C:\WINDOWS\SYSTEM32\CRYPTSP.dll
0x00007ffdf5a90000 - 0x00007ffdf5ac4000 	C:\WINDOWS\system32\rsaenh.dll
0x00007ffdf6400000 - 0x00007ffdf6429000 	C:\WINDOWS\SYSTEM32\bcrypt.dll
0x00007ffdf5be0000 - 0x00007ffdf5bff000 	C:\WINDOWS\SYSTEM32\USERENV.dll
0x00007ffdf5f20000 - 0x00007ffdf5f2b000 	C:\WINDOWS\SYSTEM32\CRYPTBASE.dll
0x00007ffdf3110000 - 0x00007ffdf3148000 	C:\WINDOWS\SYSTEM32\IPHLPAPI.DLL
0x00007ffdf83a0000 - 0x00007ffdf83a8000 	C:\WINDOWS\system32\NSI.dll
0x00007ffdee690000 - 0x00007ffdee6a6000 	C:\WINDOWS\SYSTEM32\dhcpcsvc6.DLL
0x00007ffdee670000 - 0x00007ffdee68a000 	C:\WINDOWS\SYSTEM32\dhcpcsvc.DLL
0x000000005f300000 - 0x000000005f30d000 	D:\java\jdk1.8.0_20\jre\bin\management.dll
0x00007ffdf5970000 - 0x00007ffdf59a1000 	C:\WINDOWS\SYSTEM32\ntmarta.dll
0x00007ffde5b90000 - 0x00007ffde5c2c000 	C:\WINDOWS\SYSTEM32\efswrt.dll
0x00007ffdf83b0000 - 0x00007ffdf8476000 	C:\WINDOWS\system32\OLEAUT32.dll
0x00007ffdf28a0000 - 0x00007ffdf29d6000 	C:\WINDOWS\SYSTEM32\wintypes.dll
0x00007ffde5b40000 - 0x00007ffde5b90000 	C:\WINDOWS\SYSTEM32\edputil.dll
0x00007ffde7a90000 - 0x00007ffde7c1c000 	C:\WINDOWS\SYSTEM32\dbghelp.dll

VM Arguments:
jvm_args: -Xmx1536m -Dfile.encoding=GBK -Duser.country=CN -Duser.language=zh -Duser.variant 
java_command: org.gradle.launcher.daemon.bootstrap.GradleDaemon 2.14.1
java_class_path (initial): D:\andriodStduio\install\gradle\gradle-2.14.1\lib\gradle-launcher-2.14.1.jar
Launcher Type: SUN_STANDARD

Environment Variables:
JAVA_HOME=D:\java\jdk1.8.0_20
CLASSPATH=.;D:\java\jdk1.8.0_20\lib\dt.jar;D:\java\jdk1.8.0_20\lib\tools.jar;D:\apache-tomcat-7.0.65-windows-x64\apache-tomcat-7.0.65\lib\servlet-api.jar;D:\apache-tomcat-7.0.65-windows-x64\apache-tomcat-7.0.65\lib\jsp-api.jar;D:\eclipse_javaEE\lib\Aspectj\install\lib\aspectjrt.jar
PATH=C:\ProgramData\Oracle\Java\javapath;D:\java\jdk1.8.0_20\bin;D:\java\jdk1.8.0_20\jre\binC:\WINDOWS\system32;C:\WINDOWS;C:\WINDOWS\System32\Wbem;C:\WINDOWS\System32\WindowsPowerShell\v1.0\;C:\Program Files\Microsoft SQL Server\110\Tools\Binn\;C:\Program Files (x86)\Microsoft SDKs\TypeScript\1.0\;D:\MATLAB\bin\win32;C:\Windows\System32;C:\Program Files\Intel\WiFi\bin\;C:\Program Files\Common Files\Intel\WirelessCommon\;D:\java\jdk1.8.0_20\bin;D:\;amp\wamp\bin\mysql\mysql5.5.20\bin;D:\python2.7.10\install;D:\wamp\wamp\bin\mysql\mysql5.5.20\bin;D:\python2.7.10\install\Scripts;C:\mongodb\bin;D:\nodejs\nvmw;D:\nodejs\nvmw\v4.2.1;D:\svn\bin;D:\scala\install\bin;D:\sbt\install\\bin;D:\sbt\install\bin;D:\git\Git\bin;D:\ant\apache-ant-1.9.6/bin;D:\curl;D:\wamp\wamp\bin\php\php5.3.10;D:\wamp\wamp\bin\php\php5.5.12;C:\ProgramData\ComposerSetup\bin;C:\Users\Administrator\AppData\Roaming\Composer\Vendor\bin;D:\OCR\install\Tesseract-OCR;C:\WINDOWS\system32;C:\Program Files (x86)\Windows Kits\10\Windows Performance Toolkit\;D:\makeForWin\GnuWin32\bin;D:\eclipse_javaEE\lib\Aspectj\install\bin;D:\maven\apache-maven-3.3.9\bin;D:\php\php-5.6.21-Win32-VC11-x64;D:\php\php-5.6.21-Win32-VC11-x64\ext;D:\mysql\mysql-5.6.24-winx64\bin;D:\nodejs\nvmw\v6.2.0\;D:\andriodStduio\sdk\tools;D:\andriodStduio\sdk\platform-tools;D:\openVPN\install\OpenVPN\bin;D:\nmap\nmap-7.31;D:\cocos2d-x\templates;D:\cocos2d-x\tools\cocos2d-console\bin;C:\Program Files\Intel\WiFi\bin\;C:\Program Files\Common Files\Intel\WirelessCommon\;C:\Users\Administrator\AppData\Roaming\npm
USERNAME=Administrator
OS=Windows_NT
PROCESSOR_IDENTIFIER=Intel64 Family 6 Model 58 Stepping 9, GenuineIntel



---------------  S Y S T E M  ---------------

OS: Windows 8.1 , 64 bit Build 9600 

CPU:total 4 (2 cores per cpu, 2 threads per core) family 6 model 58 stepping 9, cmov, cx8, fxsr, mmx, sse, sse2, sse3, ssse3, sse4.1, sse4.2, popcnt, avx, aes, clmul, erms, ht, tsc, tscinvbit, tscinv

Memory: 4k page, physical 6148232k(1355224k free), swap 6538920k(9180k free)

vm_info: Java HotSpot(TM) 64-Bit Server VM (25.20-b23) for windows-amd64 JRE (1.8.0_20-b26), built on Jul 30 2014 13:51:23 by "java_re" with MS VC++ 10.0 (VS2010)

time: Fri Dec 09 22:25:42 2016
elapsed time: 677 seconds (0d 0h 11m 17s)

