#
# There is insufficient memory for the Java Runtime Environment to continue.
# Native memory allocation (malloc) failed to allocate 1268864 bytes for Chunk::new
# Possible reasons:
#   The system is out of physical RAM or swap space
#   In 32 bit mode, the process size limit was hit
# Possible solutions:
#   Reduce memory load on the system
#   Increase physical memory or swap space
#   Check if swap backing store is full
#   Use 64 bit Java on a 64 bit OS
#   Decrease Java heap size (-Xmx/-Xms)
#   Decrease number of Java threads
#   Decrease Java thread stack sizes (-Xss)
#   Set larger code cache with -XX:ReservedCodeCacheSize=
# This output file may be truncated or incomplete.
#
#  Out of Memory Error (allocation.cpp:390), pid=776, tid=13108
#
# JRE version: Java(TM) SE Runtime Environment (8.0_20-b26) (build 1.8.0_20-b26)
# Java VM: Java HotSpot(TM) 64-Bit Server VM (25.20-b23 mixed mode windows-amd64 compressed oops)
# Failed to write core dump. Minidumps are not enabled by default on client versions of Windows
#

---------------  T H R E A D  ---------------

Current thread (0x0000000017841000):  JavaThread "C2 CompilerThread1" daemon [_thread_in_native, id=13108, stack(0x0000000017c40000,0x0000000017d40000)]

Stack: [0x0000000017c40000,0x0000000017d40000]
Native frames: (J=compiled Java code, j=interpreted, Vv=VM code, C=native code)
V  [jvm.dll+0x3152fa]
V  [jvm.dll+0x265d03]
V  [jvm.dll+0x266943]
V  [jvm.dll+0x25e265]
V  [jvm.dll+0xbe255]
V  [jvm.dll+0xbe6fc]
V  [jvm.dll+0x477e87]
V  [jvm.dll+0x444fab]
V  [jvm.dll+0x4500de]
V  [jvm.dll+0x4526c8]
V  [jvm.dll+0x435fc2]
V  [jvm.dll+0x97b62]
V  [jvm.dll+0x98353]
V  [jvm.dll+0x22aac4]
V  [jvm.dll+0x283f5a]
C  [msvcr100.dll+0x21d9f]
C  [msvcr100.dll+0x21e3b]
C  [KERNEL32.DLL+0x18102]
C  [ntdll.dll+0x5c5b4]


Current CompileTask:
C2: 808177 18976       4       com.android.dx.dex.cf.CfTranslator::translate0 (265 bytes)


---------------  P R O C E S S  ---------------

Java Threads: ( => current thread )
  0x0000000020c52800 JavaThread "pool-64-thread-4" [_thread_blocked, id=12040, stack(0x0000000040ed0000,0x0000000040fd0000)]
  0x0000000020c56000 JavaThread "pool-64-thread-3" [_thread_blocked, id=5476, stack(0x0000000040dd0000,0x0000000040ed0000)]
  0x0000000020c55800 JavaThread "pool-64-thread-2" [_thread_blocked, id=12192, stack(0x0000000040cd0000,0x0000000040dd0000)]
  0x00000000184a6000 JavaThread "pool-65-thread-1" [_thread_blocked, id=11548, stack(0x0000000040bd0000,0x0000000040cd0000)]
  0x00000000184a4800 JavaThread "pool-64-thread-1" [_thread_blocked, id=13020, stack(0x0000000040ad0000,0x0000000040bd0000)]
  0x000000001c424000 JavaThread "pool-66-thread-4" [_thread_blocked, id=12060, stack(0x00000000409d0000,0x0000000040ad0000)]
  0x000000001c423800 JavaThread "pool-66-thread-3" [_thread_in_Java, id=12512, stack(0x00000000408d0000,0x00000000409d0000)]
  0x000000001c421000 JavaThread "pool-66-thread-2" [_thread_in_Java, id=13256, stack(0x00000000407d0000,0x00000000408d0000)]
  0x000000001c422800 JavaThread "pool-67-thread-1" [_thread_in_Java, id=12816, stack(0x00000000406d0000,0x00000000407d0000)]
  0x000000001c425000 JavaThread "pool-66-thread-1" [_thread_blocked, id=6048, stack(0x00000000405d0000,0x00000000406d0000)]
  0x000000001c427000 JavaThread "pool-62-thread-4" [_thread_blocked, id=12856, stack(0x00000000404d0000,0x00000000405d0000)]
  0x000000001c426800 JavaThread "pool-62-thread-3" [_thread_blocked, id=4012, stack(0x00000000403d0000,0x00000000404d0000)]
  0x000000001c422000 JavaThread "pool-62-thread-2" [_thread_in_native_trans, id=7852, stack(0x00000000402d0000,0x00000000403d0000)]
  0x000000001c41b000 JavaThread "pool-63-thread-1" [_thread_blocked, id=11576, stack(0x00000000401d0000,0x00000000402d0000)]
  0x000000001c419800 JavaThread "pool-62-thread-1" [_thread_in_Java, id=11612, stack(0x00000000400d0000,0x00000000401d0000)]
  0x000000001c420800 JavaThread "pool-11-thread-4" [_thread_blocked, id=10996, stack(0x00000000389d0000,0x0000000038ad0000)]
  0x000000001c41c800 JavaThread "pool-11-thread-1" [_thread_blocked, id=11808, stack(0x00000000388d0000,0x00000000389d0000)]
  0x000000001c41f800 JavaThread "pool-11-thread-2" [_thread_in_Java, id=11852, stack(0x00000000387d0000,0x00000000388d0000)]
  0x000000001c41a800 JavaThread "pool-11-thread-3" [_thread_in_Java, id=5480, stack(0x00000000386d0000,0x00000000387d0000)]
  0x000000001c41f000 JavaThread "pool-5-thread-4" [_thread_blocked, id=12584, stack(0x00000000239d0000,0x0000000023ad0000)]
  0x000000001c418000 JavaThread "pool-5-thread-3" [_thread_blocked, id=10640, stack(0x00000000238d0000,0x00000000239d0000)]
  0x000000001c41e000 JavaThread "pool-5-thread-2" [_thread_blocked, id=12492, stack(0x00000000237d0000,0x00000000238d0000)]
  0x000000001c41d800 JavaThread "pool-5-thread-1" [_thread_blocked, id=11312, stack(0x00000000236d0000,0x00000000237d0000)]
  0x00000000184a1800 JavaThread "Asynchronous log dispatcher for org.gradle.launcher.daemon.server.DefaultDaemonConnection@747707a8" [_thread_blocked, id=3116, stack(0x00000000234d0000,0x00000000235d0000)]
  0x00000000184a3000 JavaThread "Daemon worker Thread 3" [_thread_blocked, id=12068, stack(0x00000000233d0000,0x00000000234d0000)]
  0x00000000184a4000 JavaThread "Cancel handler" [_thread_blocked, id=3492, stack(0x00000000232d0000,0x00000000233d0000)]
  0x00000000184a7000 JavaThread "Handler for socket connection from /127.0.0.1:57457 to /127.0.0.1:52546" [_thread_in_native, id=11836, stack(0x00000000231d0000,0x00000000232d0000)]
  0x00000000184a5800 JavaThread "Daemon Thread 3" [_thread_blocked, id=10260, stack(0x00000000230d0000,0x00000000231d0000)]
  0x00000000184a1000 JavaThread "pool-2-thread-1" [_thread_blocked, id=11308, stack(0x000000001cb60000,0x000000001cc60000)]
  0x0000000019186000 JavaThread "File lock request listener" [_thread_in_native, id=13100, stack(0x000000001a8c0000,0x000000001a9c0000)]
  0x000000001848f000 JavaThread "Incoming local TCP Connector on port 57457" [_thread_in_native, id=12868, stack(0x0000000019b60000,0x0000000019c60000)]
  0x00000000183cf800 JavaThread "pool-1-thread-1" [_thread_blocked, id=4556, stack(0x0000000018860000,0x0000000018960000)]
  0x00000000178a2800 JavaThread "Service Thread" daemon [_thread_blocked, id=11864, stack(0x0000000017e40000,0x0000000017f40000)]
  0x000000001789d000 JavaThread "C1 CompilerThread2" daemon [_thread_blocked, id=12944, stack(0x0000000017d40000,0x0000000017e40000)]
=>0x0000000017841000 JavaThread "C2 CompilerThread1" daemon [_thread_in_native, id=13108, stack(0x0000000017c40000,0x0000000017d40000)]
  0x000000001623d000 JavaThread "C2 CompilerThread0" daemon [_thread_in_native, id=11940, stack(0x0000000017740000,0x0000000017840000)]
  0x000000001623a800 JavaThread "Attach Listener" daemon [_thread_blocked, id=12608, stack(0x0000000017640000,0x0000000017740000)]
  0x00000000161f0000 JavaThread "Signal Dispatcher" daemon [_thread_blocked, id=11848, stack(0x0000000017540000,0x0000000017640000)]
  0x0000000002866000 JavaThread "Finalizer" daemon [_thread_blocked, id=11560, stack(0x0000000017440000,0x0000000017540000)]
  0x000000000285c000 JavaThread "Reference Handler" daemon [_thread_blocked, id=11164, stack(0x0000000017340000,0x0000000017440000)]
  0x000000000276d800 JavaThread "main" [_thread_blocked, id=12852, stack(0x0000000002620000,0x0000000002720000)]

Other Threads:
  0x00000000161a5000 VMThread [stack: 0x0000000017240000,0x0000000017340000] [id=9140]
  0x00000000178a5000 WatcherThread [stack: 0x0000000017f40000,0x0000000018040000] [id=6008]

VM state:not at safepoint (normal execution)

VM Mutex/Monitor currently owned by a thread: None

Heap:
 PSYoungGen      total 446464K, used 374140K [0x00000000e0000000, 0x0000000100000000, 0x0000000100000000)
  eden space 375808K, 86% used [0x00000000e0000000,0x00000000f3e5b620,0x00000000f6f00000)
  from space 70656K, 68% used [0x00000000fbb00000,0x00000000fea039e0,0x0000000100000000)
  to   space 74240K, 0% used [0x00000000f6f00000,0x00000000f6f00000,0x00000000fb780000)
 ParOldGen       total 221696K, used 179164K [0x00000000a0000000, 0x00000000ad880000, 0x00000000e0000000)
  object space 221696K, 80% used [0x00000000a0000000,0x00000000aaef7098,0x00000000ad880000)
 Metaspace       used 77409K, capacity 81324K, committed 82048K, reserved 1120256K
  class space    used 10043K, capacity 10781K, committed 10880K, reserved 1048576K

Card table byte_map: [0x0000000011c30000,0x0000000011f40000] byte_map_base: 0x0000000011730000

Marking Bits: (ParMarkBitMap*) 0x00000000579eb460
 Begin Bits: [0x0000000012540000, 0x0000000013d40000)
 End Bits:   [0x0000000013d40000, 0x0000000015540000)

Polling page: 0x0000000002280000

CodeCache: size=245760Kb used=56002Kb max_used=56002Kb free=189757Kb
 bounds [0x0000000002870000, 0x0000000005f70000, 0x0000000011870000]
 total_blobs=15965 nmethods=15193 adapters=683
 compilation: enabled

Compilation events (10 events):
Event: 807.200 Thread 0x000000001789d000 19017       3       com.android.dx.dex.file.MixedItemSection::writeTo0 (155 bytes)
Event: 807.201 Thread 0x000000001789d000 nmethod 19017 0x0000000005f14d10 code [0x0000000005f14f60, 0x0000000005f15f58]
Event: 807.201 Thread 0x000000001789d000 19018       2       com.android.dx.dex.file.CatchStructs::<init> (30 bytes)
Event: 807.202 Thread 0x000000001789d000 nmethod 19018 0x0000000005f16690 code [0x0000000005f167e0, 0x0000000005f16990]
Event: 807.202 Thread 0x000000001789d000 19019       2       com.android.dx.dex.code.DalvCode::getCatchTypes (10 bytes)
Event: 807.202 Thread 0x000000001789d000 nmethod 19019 0x0000000005f16a10 code [0x0000000005f16b80, 0x0000000005f16d28]
Event: 807.203 Thread 0x000000001789d000 19020       2       com.android.dx.dex.file.EncodedArrayItem::writeTo0 (75 bytes)
Event: 807.204 Thread 0x000000001789d000 nmethod 19020 0x0000000005f16e10 code [0x0000000005f17040, 0x0000000005f17838]
Event: 807.204 Thread 0x000000001789d000 19021       2       com.android.dex.Dex::appendSection (80 bytes)
Event: 807.205 Thread 0x000000001789d000 nmethod 19021 0x0000000005f17f90 code [0x0000000005f18140, 0x0000000005f184c8]

GC Heap History (10 events):
Event: 798.690 GC heap after
Heap after GC invocations=36 (full 6):
 PSYoungGen      total 384000K, used 0K [0x00000000e0000000, 0x00000000fb800000, 0x0000000100000000)
  eden space 335360K, 0% used [0x00000000e0000000,0x00000000e0000000,0x00000000f4780000)
  from space 48640K, 0% used [0x00000000f7c00000,0x00000000f7c00000,0x00000000fab80000)
  to   space 53760K, 0% used [0x00000000f4780000,0x00000000f4780000,0x00000000f7c00000)
 ParOldGen       total 221696K, used 118572K [0x00000000a0000000, 0x00000000ad880000, 0x00000000e0000000)
  object space 221696K, 53% used [0x00000000a0000000,0x00000000a73cb010,0x00000000ad880000)
 Metaspace       used 77318K, capacity 81260K, committed 82048K, reserved 1120256K
  class space    used 10042K, capacity 10781K, committed 10880K, reserved 1048576K
}
Event: 800.302 GC heap before
{Heap before GC invocations=37 (full 6):
 PSYoungGen      total 384000K, used 335360K [0x00000000e0000000, 0x00000000fb800000, 0x0000000100000000)
  eden space 335360K, 100% used [0x00000000e0000000,0x00000000f4780000,0x00000000f4780000)
  from space 48640K, 0% used [0x00000000f7c00000,0x00000000f7c00000,0x00000000fab80000)
  to   space 53760K, 0% used [0x00000000f4780000,0x00000000f4780000,0x00000000f7c00000)
 ParOldGen       total 221696K, used 118572K [0x00000000a0000000, 0x00000000ad880000, 0x00000000e0000000)
  object space 221696K, 53% used [0x00000000a0000000,0x00000000a73cb010,0x00000000ad880000)
 Metaspace       used 77352K, capacity 81324K, committed 82048K, reserved 1120256K
  class space    used 10042K, capacity 10781K, committed 10880K, reserved 1048576K
Event: 800.400 GC heap after
Heap after GC invocations=37 (full 6):
 PSYoungGen      total 389120K, used 45830K [0x00000000e0000000, 0x0000000100000000, 0x0000000100000000)
  eden space 335360K, 0% used [0x00000000e0000000,0x00000000e0000000,0x00000000f4780000)
  from space 53760K, 85% used [0x00000000f4780000,0x00000000f7441a28,0x00000000f7c00000)
  to   space 59904K, 0% used [0x00000000fc580000,0x00000000fc580000,0x0000000100000000)
 ParOldGen       total 221696K, used 118580K [0x00000000a0000000, 0x00000000ad880000, 0x00000000e0000000)
  object space 221696K, 53% used [0x00000000a0000000,0x00000000a73cd010,0x00000000ad880000)
 Metaspace       used 77352K, capacity 81324K, committed 82048K, reserved 1120256K
  class space    used 10042K, capacity 10781K, committed 10880K, reserved 1048576K
}
Event: 802.622 GC heap before
{Heap before GC invocations=38 (full 6):
 PSYoungGen      total 389120K, used 381190K [0x00000000e0000000, 0x0000000100000000, 0x0000000100000000)
  eden space 335360K, 100% used [0x00000000e0000000,0x00000000f4780000,0x00000000f4780000)
  from space 53760K, 85% used [0x00000000f4780000,0x00000000f7441a28,0x00000000f7c00000)
  to   space 59904K, 0% used [0x00000000fc580000,0x00000000fc580000,0x0000000100000000)
 ParOldGen       total 221696K, used 118580K [0x00000000a0000000, 0x00000000ad880000, 0x00000000e0000000)
  object space 221696K, 53% used [0x00000000a0000000,0x00000000a73cd010,0x00000000ad880000)
 Metaspace       used 77362K, capacity 81324K, committed 82048K, reserved 1120256K
  class space    used 10042K, capacity 10781K, committed 10880K, reserved 1048576K
Event: 802.762 GC heap after
Heap after GC invocations=38 (full 6):
 PSYoungGen      total 456192K, used 44772K [0x00000000e0000000, 0x0000000100000000, 0x0000000100000000)
  eden space 396288K, 0% used [0x00000000e0000000,0x00000000e0000000,0x00000000f8300000)
  from space 59904K, 74% used [0x00000000fc580000,0x00000000ff1392c8,0x0000000100000000)
  to   space 64000K, 0% used [0x00000000f8300000,0x00000000f8300000,0x00000000fc180000)
 ParOldGen       total 221696K, used 157682K [0x00000000a0000000, 0x00000000ad880000, 0x00000000e0000000)
  object space 221696K, 71% used [0x00000000a0000000,0x00000000a99fcaf8,0x00000000ad880000)
 Metaspace       used 77362K, capacity 81324K, committed 82048K, reserved 1120256K
  class space    used 10042K, capacity 10781K, committed 10880K, reserved 1048576K
}
Event: 804.074 GC heap before
{Heap before GC invocations=39 (full 6):
 PSYoungGen      total 456192K, used 441060K [0x00000000e0000000, 0x0000000100000000, 0x0000000100000000)
  eden space 396288K, 100% used [0x00000000e0000000,0x00000000f8300000,0x00000000f8300000)
  from space 59904K, 74% used [0x00000000fc580000,0x00000000ff1392c8,0x0000000100000000)
  to   space 64000K, 0% used [0x00000000f8300000,0x00000000f8300000,0x00000000fc180000)
 ParOldGen       total 221696K, used 165472K [0x00000000a0000000, 0x00000000ad880000, 0x00000000e0000000)
  object space 221696K, 74% used [0x00000000a0000000,0x00000000aa198008,0x00000000ad880000)
 Metaspace       used 77389K, capacity 81324K, committed 82048K, reserved 1120256K
  class space    used 10043K, capacity 10781K, committed 10880K, reserved 1048576K
Event: 804.226 GC heap after
Heap after GC invocations=39 (full 6):
 PSYoungGen      total 453632K, used 56839K [0x00000000e0000000, 0x0000000100000000, 0x0000000100000000)
  eden space 396288K, 0% used [0x00000000e0000000,0x00000000e0000000,0x00000000f8300000)
  from space 57344K, 99% used [0x00000000f8300000,0x00000000fba81fa8,0x00000000fbb00000)
  to   space 70656K, 0% used [0x00000000fbb00000,0x00000000fbb00000,0x0000000100000000)
 ParOldGen       total 221696K, used 196057K [0x00000000a0000000, 0x00000000ad880000, 0x00000000e0000000)
  object space 221696K, 88% used [0x00000000a0000000,0x00000000abf76728,0x00000000ad880000)
 Metaspace       used 77389K, capacity 81324K, committed 82048K, reserved 1120256K
  class space    used 10043K, capacity 10781K, committed 10880K, reserved 1048576K
}
Event: 804.226 GC heap before
{Heap before GC invocations=40 (full 7):
 PSYoungGen      total 453632K, used 56839K [0x00000000e0000000, 0x0000000100000000, 0x0000000100000000)
  eden space 396288K, 0% used [0x00000000e0000000,0x00000000e0000000,0x00000000f8300000)
  from space 57344K, 99% used [0x00000000f8300000,0x00000000fba81fa8,0x00000000fbb00000)
  to   space 70656K, 0% used [0x00000000fbb00000,0x00000000fbb00000,0x0000000100000000)
 ParOldGen       total 221696K, used 196057K [0x00000000a0000000, 0x00000000ad880000, 0x00000000e0000000)
  object space 221696K, 88% used [0x00000000a0000000,0x00000000abf76728,0x00000000ad880000)
 Metaspace       used 77389K, capacity 81324K, committed 82048K, reserved 1120256K
  class space    used 10043K, capacity 10781K, committed 10880K, reserved 1048576K
Event: 805.384 GC heap after
Heap after GC invocations=40 (full 7):
 PSYoungGen      total 453632K, used 0K [0x00000000e0000000, 0x0000000100000000, 0x0000000100000000)
  eden space 396288K, 0% used [0x00000000e0000000,0x00000000e0000000,0x00000000f8300000)
  from space 57344K, 0% used [0x00000000f8300000,0x00000000f8300000,0x00000000fbb00000)
  to   space 70656K, 0% used [0x00000000fbb00000,0x00000000fbb00000,0x0000000100000000)
 ParOldGen       total 221696K, used 174189K [0x00000000a0000000, 0x00000000ad880000, 0x00000000e0000000)
  object space 221696K, 78% used [0x00000000a0000000,0x00000000aaa1b750,0x00000000ad880000)
 Metaspace       used 77389K, capacity 81324K, committed 82048K, reserved 1120256K
  class space    used 10043K, capacity 10781K, committed 10880K, reserved 1048576K
}
Event: 807.355 GC heap before
{Heap before GC invocations=41 (full 7):
 PSYoungGen      total 453632K, used 396288K [0x00000000e0000000, 0x0000000100000000, 0x0000000100000000)
  eden space 396288K, 100% used [0x00000000e0000000,0x00000000f8300000,0x00000000f8300000)
  from space 57344K, 0% used [0x00000000f8300000,0x00000000f8300000,0x00000000fbb00000)
  to   space 70656K, 0% used [0x00000000fbb00000,0x00000000fbb00000,0x0000000100000000)
 ParOldGen       total 221696K, used 179164K [0x00000000a0000000, 0x00000000ad880000, 0x00000000e0000000)
  object space 221696K, 80% used [0x00000000a0000000,0x00000000aaef7098,0x00000000ad880000)
 Metaspace       used 77404K, capacity 81324K, committed 82048K, reserved 1120256K
  class space    used 10043K, capacity 10781K, committed 10880K, reserved 1048576K

Deoptimization events (10 events):
Event: 802.895 Thread 0x000000001c41a800 Uncommon trap: reason=class_check action=maybe_recompile pc=0x0000000005d7cbb0 method=com.android.dx.ssa.SCCP.replaceConstants()V @ 182
Event: 802.900 Thread 0x000000001c41a800 Uncommon trap: reason=class_check action=maybe_recompile pc=0x0000000005d7cbb0 method=com.android.dx.ssa.SCCP.replaceConstants()V @ 182
Event: 803.146 Thread 0x0000000019327000 Uncommon trap: reason=bimorphic action=maybe_recompile pc=0x0000000005a84664 method=com.android.dx.ssa.LiteralOpUpgrader.tryReplacingWithConstant(Lcom/android/dx/ssa/NormalSsaInsn;)Z @ 62
Event: 805.810 Thread 0x000000001c420800 Uncommon trap: reason=bimorphic action=maybe_recompile pc=0x0000000005a84664 method=com.android.dx.ssa.LiteralOpUpgrader.tryReplacingWithConstant(Lcom/android/dx/ssa/NormalSsaInsn;)Z @ 62
Event: 805.813 Thread 0x000000001c420800 Uncommon trap: reason=bimorphic action=maybe_recompile pc=0x0000000005a84664 method=com.android.dx.ssa.LiteralOpUpgrader.tryReplacingWithConstant(Lcom/android/dx/ssa/NormalSsaInsn;)Z @ 62
Event: 806.098 Thread 0x000000001c420800 Uncommon trap: reason=bimorphic action=maybe_recompile pc=0x0000000005a47168 method=com.android.dx.ssa.LiteralOpUpgrader.tryReplacingWithConstant(Lcom/android/dx/ssa/NormalSsaInsn;)Z @ 62
Event: 806.239 Thread 0x000000001c41c800 Uncommon trap: reason=unreached action=reinterpret pc=0x000000000580ff5c method=java.util.concurrent.ConcurrentHashMap.sumCount()J @ 30
Event: 806.526 Thread 0x000000001c426800 Uncommon trap: reason=unreached action=reinterpret pc=0x00000000058e1014 method=com.android.dx.ssa.PhiTypeResolver.resolveResultType(Lcom/android/dx/ssa/PhiInsn;)Z @ 64
Event: 806.804 Thread 0x000000001c41c800 Uncommon trap: reason=unreached action=reinterpret pc=0x0000000005d48270 method=com.android.dx.dex.code.OutputFinisher.addConstants(Ljava/util/HashSet;Lcom/android/dx/rop/code/RegisterSpec;)V @ 32
Event: 806.808 Thread 0x000000001c41c800 Uncommon trap: reason=null_check action=make_not_entrant pc=0x0000000005de0824 method=com.android.dx.dex.file.TypeIdsSection.intern(Lcom/android/dx/rop/type/Type;)Lcom/android/dx/dex/file/TypeIdItem; @ 26

Internal exceptions (10 events):
Event: 797.008 Thread 0x000000001c420800 Exception <a 'java/security/PrivilegedActionException'> (0x00000000e76a6db0) thrown at [D:\re\workspace\8-2-build-windows-amd64-cygwin\jdk8u20\1074\hotspot\src\share\vm\prims\jvm.cpp, line 1275]
Event: 797.205 Thread 0x0000000019322000 Exception <a 'java/security/PrivilegedActionException'> (0x00000000e9508d10) thrown at [D:\re\workspace\8-2-build-windows-amd64-cygwin\jdk8u20\1074\hotspot\src\share\vm\prims\jvm.cpp, line 1275]
Event: 797.215 Thread 0x0000000019322000 Exception <a 'java/security/PrivilegedActionException'> (0x00000000e950db00) thrown at [D:\re\workspace\8-2-build-windows-amd64-cygwin\jdk8u20\1074\hotspot\src\share\vm\prims\jvm.cpp, line 1275]
Event: 797.216 Thread 0x0000000019322000 Exception <a 'java/security/PrivilegedActionException'> (0x00000000e9510d28) thrown at [D:\re\workspace\8-2-build-windows-amd64-cygwin\jdk8u20\1074\hotspot\src\share\vm\prims\jvm.cpp, line 1275]
Event: 797.217 Thread 0x0000000019322000 Exception <a 'java/security/PrivilegedActionException'> (0x00000000e9517620) thrown at [D:\re\workspace\8-2-build-windows-amd64-cygwin\jdk8u20\1074\hotspot\src\share\vm\prims\jvm.cpp, line 1275]
Event: 802.273 Thread 0x0000000019327000 Exception <a 'java/security/PrivilegedActionException'> (0x00000000ee74fa68) thrown at [D:\re\workspace\8-2-build-windows-amd64-cygwin\jdk8u20\1074\hotspot\src\share\vm\prims\jvm.cpp, line 1275]
Event: 803.294 Thread 0x000000001c41a800 Exception <a 'java/security/PrivilegedActionException'> (0x00000000ec584728) thrown at [D:\re\workspace\8-2-build-windows-amd64-cygwin\jdk8u20\1074\hotspot\src\share\vm\prims\jvm.cpp, line 1275]
Event: 806.239 Thread 0x000000001c41c800 Implicit null exception at 0x000000000580f55a to 0x000000000580ff39
Event: 806.526 Thread 0x000000001c426800 Implicit null exception at 0x00000000058dfa2a to 0x00000000058e0ff8
Event: 806.808 Thread 0x000000001c41c800 Implicit null exception at 0x0000000005dde18c to 0x0000000005de0815

Events (10 events):
Event: 807.202 Thread 0x000000001c41c800 DEOPT UNPACKING pc=0x00000000028b75bf sp=0x00000000389ce7e0 mode 0
Event: 807.205 Executing VM operation: RevokeBias
Event: 807.206 Executing VM operation: RevokeBias done
Event: 807.244 Executing VM operation: RevokeBias
Event: 807.259 Executing VM operation: RevokeBias done
Event: 807.278 Executing VM operation: ParallelGCFailedAllocation
Event: 807.278 Executing VM operation: ParallelGCFailedAllocation done
Event: 807.326 Thread 0x000000001c427000 DEOPT PACKING pc=0x0000000004df774c sp=0x000000003f0ceb00
Event: 807.326 Thread 0x000000001c427000 DEOPT UNPACKING pc=0x00000000028b75bf sp=0x000000003f0ce7e0 mode 0
Event: 807.354 Executing VM operation: ParallelGCSystemGC


Dynamic libraries:
0x00007ff640cd0000 - 0x00007ff640d04000 	D:\java\jdk1.8.0_20\bin\java.exe
0x00007ffd8fcf0000 - 0x00007ffd8feb1000 	C:\WINDOWS\SYSTEM32\ntdll.dll
0x00007ffd8d510000 - 0x00007ffd8d5bd000 	C:\WINDOWS\system32\KERNEL32.DLL
0x00007ffd8c5d0000 - 0x00007ffd8c7b8000 	C:\WINDOWS\system32\KERNELBASE.dll
0x00007ffd8d960000 - 0x00007ffd8da07000 	C:\WINDOWS\system32\ADVAPI32.dll
0x00007ffd8d8c0000 - 0x00007ffd8d95d000 	C:\WINDOWS\system32\msvcrt.dll
0x00007ffd8d360000 - 0x00007ffd8d3bb000 	C:\WINDOWS\system32\sechost.dll
0x00007ffd8e670000 - 0x00007ffd8e78c000 	C:\WINDOWS\system32\RPCRT4.dll
0x00007ffd8e360000 - 0x00007ffd8e4b6000 	C:\WINDOWS\system32\USER32.dll
0x00007ffd8d190000 - 0x00007ffd8d316000 	C:\WINDOWS\system32\GDI32.dll
0x00007ffd88440000 - 0x00007ffd886b4000 	C:\WINDOWS\WinSxS\amd64_microsoft.windows.common-controls_6595b64144ccf1df_6.0.10586.672_none_a2d6b3cea53ff843\COMCTL32.dll
0x00007ffd8d5c0000 - 0x00007ffd8d83d000 	C:\WINDOWS\system32\combase.dll
0x00007ffd8c4a0000 - 0x00007ffd8c50a000 	C:\WINDOWS\system32\bcryptPrimitives.dll
0x00007ffd8d320000 - 0x00007ffd8d35b000 	C:\WINDOWS\system32\IMM32.DLL
0x00007ffd8c1e0000 - 0x00007ffd8c211000 	C:\Windows\system32\nvinitx.dll
0x00007ffd8c1d0000 - 0x00007ffd8c1da000 	C:\WINDOWS\SYSTEM32\VERSION.dll
0x00000000582e0000 - 0x00000000583b2000 	D:\java\jdk1.8.0_20\jre\bin\msvcr100.dll
0x0000000057210000 - 0x0000000057a68000 	D:\java\jdk1.8.0_20\jre\bin\server\jvm.dll
0x00007ffd8d0d0000 - 0x00007ffd8d0d8000 	C:\WINDOWS\system32\PSAPI.DLL
0x00007ffd8a5b0000 - 0x00007ffd8a5d3000 	C:\WINDOWS\SYSTEM32\WINMM.dll
0x00007ffd7fdd0000 - 0x00007ffd7fdd9000 	C:\WINDOWS\SYSTEM32\WSOCK32.dll
0x00007ffd8e2f0000 - 0x00007ffd8e35b000 	C:\WINDOWS\system32\WS2_32.dll
0x00007ffd8a550000 - 0x00007ffd8a57c000 	C:\WINDOWS\SYSTEM32\WINMMBASE.dll
0x00007ffd8c430000 - 0x00007ffd8c473000 	C:\WINDOWS\system32\cfgmgr32.dll
0x0000000058ba0000 - 0x0000000058baf000 	D:\java\jdk1.8.0_20\jre\bin\verify.dll
0x0000000058b30000 - 0x0000000058b58000 	D:\java\jdk1.8.0_20\jre\bin\java.dll
0x0000000058b80000 - 0x0000000058b96000 	D:\java\jdk1.8.0_20\jre\bin\zip.dll
0x00007ffd8e790000 - 0x00007ffd8fcec000 	C:\WINDOWS\system32\SHELL32.dll
0x00007ffd8c990000 - 0x00007ffd8cfd5000 	C:\WINDOWS\system32\windows.storage.dll
0x00007ffd8dba0000 - 0x00007ffd8dbf2000 	C:\WINDOWS\system32\shlwapi.dll
0x00007ffd8c360000 - 0x00007ffd8c36f000 	C:\WINDOWS\system32\kernel.appcore.dll
0x00007ffd8c510000 - 0x00007ffd8c5c5000 	C:\WINDOWS\system32\shcore.dll
0x00007ffd8c310000 - 0x00007ffd8c35b000 	C:\WINDOWS\system32\powrprof.dll
0x00007ffd8c2f0000 - 0x00007ffd8c304000 	C:\WINDOWS\system32\profapi.dll
0x0000000058b10000 - 0x0000000058b2a000 	D:\java\jdk1.8.0_20\jre\bin\net.dll
0x00007ffd8bb70000 - 0x00007ffd8bbcc000 	C:\WINDOWS\system32\mswsock.dll
0x00000000571f0000 - 0x0000000057201000 	D:\java\jdk1.8.0_20\jre\bin\nio.dll
0x00007ffd80f00000 - 0x00007ffd80f12000 	C:\Users\Administrator\.gradle\native\19\windows-amd64\native-platform.dll
0x00007ffd8bc20000 - 0x00007ffd8bc37000 	C:\WINDOWS\SYSTEM32\CRYPTSP.dll
0x00007ffd8b8b0000 - 0x00007ffd8b8e4000 	C:\WINDOWS\system32\rsaenh.dll
0x00007ffd8c220000 - 0x00007ffd8c249000 	C:\WINDOWS\SYSTEM32\bcrypt.dll
0x00007ffd8ba00000 - 0x00007ffd8ba1f000 	C:\WINDOWS\SYSTEM32\USERENV.dll
0x00007ffd8bd40000 - 0x00007ffd8bd4b000 	C:\WINDOWS\SYSTEM32\CRYPTBASE.dll
0x00007ffd88ee0000 - 0x00007ffd88f18000 	C:\WINDOWS\SYSTEM32\IPHLPAPI.DLL
0x00007ffd8da30000 - 0x00007ffd8da38000 	C:\WINDOWS\system32\NSI.dll
0x00007ffd84a30000 - 0x00007ffd84a46000 	C:\WINDOWS\SYSTEM32\dhcpcsvc6.DLL
0x00007ffd84a10000 - 0x00007ffd84a2a000 	C:\WINDOWS\SYSTEM32\dhcpcsvc.DLL
0x00000000582d0000 - 0x00000000582dd000 	D:\java\jdk1.8.0_20\jre\bin\management.dll
0x00007ffd8b790000 - 0x00007ffd8b7c1000 	C:\WINDOWS\SYSTEM32\ntmarta.dll
0x00007ffd7d780000 - 0x00007ffd7d81c000 	C:\WINDOWS\SYSTEM32\efswrt.dll
0x00007ffd8e1a0000 - 0x00007ffd8e266000 	C:\WINDOWS\system32\OLEAUT32.dll
0x00007ffd86630000 - 0x00007ffd86766000 	C:\WINDOWS\SYSTEM32\wintypes.dll
0x00007ffd7c840000 - 0x00007ffd7c890000 	C:\WINDOWS\SYSTEM32\edputil.dll
0x00007ffd7f0c0000 - 0x00007ffd7f24c000 	C:\WINDOWS\SYSTEM32\dbghelp.dll

VM Arguments:
jvm_args: -Xmx1536m -Dfile.encoding=GBK -Duser.country=CN -Duser.language=zh -Duser.variant 
java_command: org.gradle.launcher.daemon.bootstrap.GradleDaemon 2.14.1
java_class_path (initial): C:\Users\Administrator\.gradle\wrapper\dists\gradle-2.14.1-all\8bnwg5hd3w55iofp58khbp6yv\gradle-2.14.1\lib\gradle-launcher-2.14.1.jar
Launcher Type: SUN_STANDARD

Environment Variables:
JAVA_HOME=D:\java\jdk1.8.0_20
CLASSPATH=.;D:\java\jdk1.8.0_20\lib\dt.jar;D:\java\jdk1.8.0_20\lib\tools.jar;D:\apache-tomcat-7.0.65-windows-x64\apache-tomcat-7.0.65\lib\servlet-api.jar;D:\apache-tomcat-7.0.65-windows-x64\apache-tomcat-7.0.65\lib\jsp-api.jar;D:\eclipse_javaEE\lib\Aspectj\install\lib\aspectjrt.jar
PATH=C:\ProgramData\Oracle\Java\javapath;D:\java\jdk1.8.0_20\bin;D:\java\jdk1.8.0_20\jre\binC:\WINDOWS\system32;C:\WINDOWS;C:\WINDOWS\System32\Wbem;C:\WINDOWS\System32\WindowsPowerShell\v1.0\;C:\Program Files\Microsoft SQL Server\110\Tools\Binn\;C:\Program Files (x86)\Microsoft SDKs\TypeScript\1.0\;D:\MATLAB\bin\win32;C:\Windows\System32;C:\Program Files\Intel\WiFi\bin\;C:\Program Files\Common Files\Intel\WirelessCommon\;D:\java\jdk1.8.0_20\bin;D:\;amp\wamp\bin\mysql\mysql5.5.20\bin;D:\python2.7.10\install;D:\wamp\wamp\bin\mysql\mysql5.5.20\bin;D:\python2.7.10\install\Scripts;C:\mongodb\bin;D:\nodejs\nvmw;D:\nodejs\nvmw\v4.2.1;D:\svn\bin;D:\scala\install\bin;D:\sbt\install\\bin;D:\sbt\install\bin;D:\git\Git\bin;D:\ant\apache-ant-1.9.6/bin;D:\curl;D:\wamp\wamp\bin\php\php5.3.10;D:\wamp\wamp\bin\php\php5.5.12;C:\ProgramData\ComposerSetup\bin;C:\Users\Administrator\AppData\Roaming\Composer\Vendor\bin;D:\OCR\install\Tesseract-OCR;C:\WINDOWS\system32;C:\Program Files (x86)\Windows Kits\10\Windows Performance Toolkit\;D:\makeForWin\GnuWin32\bin;D:\eclipse_javaEE\lib\Aspectj\install\bin;D:\maven\apache-maven-3.3.9\bin;D:\php\php-5.6.21-Win32-VC11-x64;D:\php\php-5.6.21-Win32-VC11-x64\ext;D:\mysql\mysql-5.6.24-winx64\bin;D:\nodejs\nvmw\v6.2.0\;D:\jdk\adt-bundle-windows-x86_64-20140702\sdk\tools;D:\jdk\adt-bundle-windows-x86_64-20140702\sdk\platform-tools;D:\openVPN\install\OpenVPN\bin;D:\nmap\nmap-7.31;D:\cocos2d-x\templates;D:\cocos2d-x\tools\cocos2d-console\bin;C:\Program Files\Intel\WiFi\bin\;C:\Program Files\Common Files\Intel\WirelessCommon\;C:\Users\Administrator\AppData\Roaming\npm
USERNAME=Administrator
OS=Windows_NT
PROCESSOR_IDENTIFIER=Intel64 Family 6 Model 58 Stepping 9, GenuineIntel



---------------  S Y S T E M  ---------------

OS: Windows 8.1 , 64 bit Build 9600 

CPU:total 4 (2 cores per cpu, 2 threads per core) family 6 model 58 stepping 9, cmov, cx8, fxsr, mmx, sse, sse2, sse3, ssse3, sse4.1, sse4.2, popcnt, avx, aes, clmul, erms, ht, tsc, tscinvbit, tscinv

Memory: 4k page, physical 6148232k(707084k free), swap 7587904k(5648k free)

vm_info: Java HotSpot(TM) 64-Bit Server VM (25.20-b23) for windows-amd64 JRE (1.8.0_20-b26), built on Jul 30 2014 13:51:23 by "java_re" with MS VC++ 10.0 (VS2010)

time: Fri Dec 02 03:22:04 2016
elapsed time: 808 seconds (0d 0h 13m 28s)

