#
# There is insufficient memory for the Java Runtime Environment to continue.
# Native memory allocation (malloc) failed to allocate 942384 bytes for Chunk::new
# Possible reasons:
#   The system is out of physical RAM or swap space
#   In 32 bit mode, the process size limit was hit
# Possible solutions:
#   Reduce memory load on the system
#   Increase physical memory or swap space
#   Check if swap backing store is full
#   Use 64 bit Java on a 64 bit OS
#   Decrease Java heap size (-Xmx/-Xms)
#   Decrease number of Java threads
#   Decrease Java thread stack sizes (-Xss)
#   Set larger code cache with -XX:ReservedCodeCacheSize=
# This output file may be truncated or incomplete.
#
#  Out of Memory Error (allocation.cpp:390), pid=7672, tid=1648
#
# JRE version: Java(TM) SE Runtime Environment (8.0_20-b26) (build 1.8.0_20-b26)
# Java VM: Java HotSpot(TM) 64-Bit Server VM (25.20-b23 mixed mode windows-amd64 compressed oops)
# Failed to write core dump. Minidumps are not enabled by default on client versions of Windows
#

---------------  T H R E A D  ---------------

Current thread (0x0000000018201000):  JavaThread "C2 CompilerThread1" daemon [_thread_in_native, id=1648, stack(0x0000000018600000,0x0000000018700000)]

Stack: [0x0000000018600000,0x0000000018700000]
Native frames: (J=compiled Java code, j=interpreted, Vv=VM code, C=native code)
V  [jvm.dll+0x3152fa]
V  [jvm.dll+0x265d03]
V  [jvm.dll+0x266943]
V  [jvm.dll+0x25e265]
V  [jvm.dll+0xbe255]
V  [jvm.dll+0xbe6fc]
V  [jvm.dll+0x477e87]
V  [jvm.dll+0x444fab]
V  [jvm.dll+0x4500de]
V  [jvm.dll+0x4526c8]
V  [jvm.dll+0x435fc2]
V  [jvm.dll+0x97b62]
V  [jvm.dll+0x98353]
V  [jvm.dll+0x22aac4]
V  [jvm.dll+0x283f5a]
C  [msvcr100.dll+0x21d9f]
C  [msvcr100.dll+0x21e3b]
C  [KERNEL32.DLL+0x18102]
C  [ntdll.dll+0x5c5b4]


Current CompileTask:
C2:5446745 20695       4       java.lang.Class::privateGetPublicMethods (267 bytes)


---------------  P R O C E S S  ---------------

Java Threads: ( => current thread )
  0x000000001cf1d800 JavaThread "Forward streams with process: command 'D:\andriodStduio\sdk\build-tools\25.0.0\aapt.exe' Thread 3" [_thread_in_native, id=8176, stack(0x0000000029ec0000,0x0000000029fc0000)]
  0x000000001cf1c800 JavaThread "Forward streams with process: command 'D:\andriodStduio\sdk\build-tools\25.0.0\aapt.exe' Thread 2" [_thread_in_native, id=8872, stack(0x0000000029dc0000,0x0000000029ec0000)]
  0x000000001cf1c000 JavaThread "Forward streams with process: command 'D:\andriodStduio\sdk\build-tools\25.0.0\aapt.exe'" [_thread_blocked, id=5364, stack(0x0000000029cc0000,0x0000000029dc0000)]
  0x000000001cf1b000 JavaThread "Run command 'D:\andriodStduio\sdk\build-tools\25.0.0\aapt.exe'" [_thread_in_native, id=9960, stack(0x0000000029ac0000,0x0000000029bc0000)]
  0x000000001cf1f800 JavaThread "Thread-93" [_thread_blocked, id=2584, stack(0x00000000299c0000,0x0000000029ac0000)]
  0x000000001cf13800 JavaThread "Stdin handler" [_thread_blocked, id=11244, stack(0x00000000298c0000,0x00000000299c0000)]
  0x000000001cf14800 JavaThread "Asynchronous log dispatcher for org.gradle.launcher.daemon.server.DefaultDaemonConnection@5e2fac49" [_thread_blocked, id=7020, stack(0x00000000297c0000,0x00000000298c0000)]
  0x000000001cf11800 JavaThread "Daemon worker Thread 7" [_thread_blocked, id=6524, stack(0x00000000296c0000,0x00000000297c0000)]
  0x000000001cf17800 JavaThread "Cancel handler" [_thread_blocked, id=11060, stack(0x00000000295c0000,0x00000000296c0000)]
  0x000000001cf16800 JavaThread "Handler for socket connection from /127.0.0.1:58443 to /127.0.0.1:63711" [_thread_in_native, id=8968, stack(0x00000000294c0000,0x00000000295c0000)]
  0x000000001cf16000 JavaThread "Daemon Thread 7" [_thread_blocked, id=12928, stack(0x00000000293c0000,0x00000000294c0000)]
  0x000000001cf1a800 JavaThread "pool-9-thread-4" [_thread_blocked, id=7236, stack(0x0000000026cc0000,0x0000000026dc0000)]
  0x000000001cf1f000 JavaThread "pool-9-thread-3" [_thread_blocked, id=13204, stack(0x00000000266c0000,0x00000000267c0000)]
  0x000000001cf19000 JavaThread "pool-9-thread-2" [_thread_blocked, id=988, stack(0x0000000025cc0000,0x0000000025dc0000)]
  0x000000001cf10800 JavaThread "pool-9-thread-1" [_thread_blocked, id=13104, stack(0x00000000256c0000,0x00000000257c0000)]
  0x000000001cf72000 JavaThread "pool-2-thread-1" [_thread_blocked, id=2700, stack(0x000000001d560000,0x000000001d660000)]
  0x000000001b943800 JavaThread "File lock request listener" [_thread_in_native, id=10492, stack(0x000000001d460000,0x000000001d560000)]
  0x00000000198e5800 JavaThread "Incoming local TCP Connector on port 58443" [_thread_in_native, id=7348, stack(0x000000001a5c0000,0x000000001a6c0000)]
  0x00000000191f3000 JavaThread "pool-1-thread-1" [_thread_blocked, id=11340, stack(0x000000001a2c0000,0x000000001a3c0000)]
  0x000000001827a000 JavaThread "Service Thread" daemon [_thread_blocked, id=12000, stack(0x0000000018800000,0x0000000018900000)]
  0x0000000018208000 JavaThread "C1 CompilerThread2" daemon [_thread_blocked, id=12060, stack(0x0000000018700000,0x0000000018800000)]
=>0x0000000018201000 JavaThread "C2 CompilerThread1" daemon [_thread_in_native, id=1648, stack(0x0000000018600000,0x0000000018700000)]
  0x0000000016c0c800 JavaThread "C2 CompilerThread0" daemon [_thread_in_native, id=12228, stack(0x0000000018100000,0x0000000018200000)]
  0x0000000016bbc800 JavaThread "Attach Listener" daemon [_thread_blocked, id=10588, stack(0x0000000018000000,0x0000000018100000)]
  0x0000000016bbb800 JavaThread "Signal Dispatcher" daemon [_thread_blocked, id=7940, stack(0x0000000017f00000,0x0000000018000000)]
  0x0000000003236000 JavaThread "Finalizer" daemon [_thread_blocked, id=6400, stack(0x0000000017e00000,0x0000000017f00000)]
  0x0000000016b78000 JavaThread "Reference Handler" daemon [_thread_blocked, id=2056, stack(0x0000000017d00000,0x0000000017e00000)]
  0x000000000303d800 JavaThread "main" [_thread_blocked, id=11404, stack(0x0000000003040000,0x0000000003140000)]

Other Threads:
  0x0000000016b76000 VMThread [stack: 0x0000000017c00000,0x0000000017d00000] [id=11900]
  0x000000001828e800 WatcherThread [stack: 0x0000000018900000,0x0000000018a00000] [id=7384]

VM state:not at safepoint (normal execution)

VM Mutex/Monitor currently owned by a thread: None

Heap:
 PSYoungGen      total 384000K, used 261208K [0x00000000e0000000, 0x00000000fea80000, 0x0000000100000000)
  eden space 376320K, 69% used [0x00000000e0000000,0x00000000eff16340,0x00000000f6f80000)
  from space 7680K, 0% used [0x00000000f6f80000,0x00000000f6f80000,0x00000000f7700000)
  to   space 62976K, 0% used [0x00000000fad00000,0x00000000fad00000,0x00000000fea80000)
 ParOldGen       total 199680K, used 56203K [0x00000000a0000000, 0x00000000ac300000, 0x00000000e0000000)
  object space 199680K, 28% used [0x00000000a0000000,0x00000000a36e2db8,0x00000000ac300000)
 Metaspace       used 74409K, capacity 78368K, committed 78720K, reserved 1118208K
  class space    used 9631K, capacity 10265K, committed 10368K, reserved 1048576K

Card table byte_map: [0x0000000012600000,0x0000000012910000] byte_map_base: 0x0000000012100000

Marking Bits: (ParMarkBitMap*) 0x0000000067abb460
 Begin Bits: [0x0000000012f10000, 0x0000000014710000)
 End Bits:   [0x0000000014710000, 0x0000000015f10000)

Polling page: 0x0000000001060000

CodeCache: size=245760Kb used=57923Kb max_used=57923Kb free=187836Kb
 bounds [0x0000000003240000, 0x0000000006b20000, 0x0000000012240000]
 total_blobs=16801 nmethods=16043 adapters=669
 compilation: enabled

Compilation events (10 events):
Event: 5444.611 Thread 0x0000000018208000 20864       3       com.android.ide.common.xml.XmlAttributeSortOrder::compareAttributes (52 bytes)
Event: 5444.612 Thread 0x0000000018208000 nmethod 20864 0x0000000006b197d0 code [0x0000000006b19980, 0x0000000006b19e98]
Event: 5444.620 Thread 0x0000000018208000 20865       3       org.apache.commons.collections.map.AbstractLinkedMap::createEntry (13 bytes)
Event: 5444.621 Thread 0x0000000018208000 nmethod 20865 0x0000000006b1a090 code [0x0000000006b1a200, 0x0000000006b1a510]
Event: 5444.623 Thread 0x0000000018208000 20866       3       org.gradle.cache.internal.btree.BlockPointer::<init> (12 bytes)
Event: 5444.624 Thread 0x0000000018208000 nmethod 20866 0x0000000006b1a6d0 code [0x0000000006b1a820, 0x0000000006b1a9d0]
Event: 5444.685 Thread 0x0000000018208000 20867       3       com.google.common.base.Preconditions::checkState (18 bytes)
Event: 5444.686 Thread 0x0000000018208000 nmethod 20867 0x0000000006b1aa90 code [0x0000000006b1ac00, 0x0000000006b1ae58]
Event: 5444.689 Thread 0x0000000018208000 20868       3       com.android.build.gradle.internal.dsl.AaptOptions_Decorated::getConventionMapping (30 bytes)
Event: 5444.690 Thread 0x0000000018208000 nmethod 20868 0x0000000006b1af90 code [0x0000000006b1b140, 0x0000000006b1b828]

GC Heap History (10 events):
Event: 3764.510 GC heap before
{Heap before GC invocations=38 (full 9):
 PSYoungGen      total 377344K, used 820K [0x00000000e0000000, 0x00000000ff780000, 0x0000000100000000)
  eden space 376320K, 0% used [0x00000000e0000000,0x00000000e0000000,0x00000000f6f80000)
  from space 1024K, 80% used [0x00000000f6f80000,0x00000000f704d078,0x00000000f7080000)
  to   space 69632K, 0% used [0x00000000fb380000,0x00000000fb380000,0x00000000ff780000)
 ParOldGen       total 199680K, used 38761K [0x00000000a0000000, 0x00000000ac300000, 0x00000000e0000000)
  object space 199680K, 19% used [0x00000000a0000000,0x00000000a25da508,0x00000000ac300000)
 Metaspace       used 71685K, capacity 74084K, committed 77696K, reserved 1116160K
  class space    used 9112K, capacity 9466K, committed 10368K, reserved 1048576K
Event: 3765.015 GC heap after
Heap after GC invocations=38 (full 9):
 PSYoungGen      total 377344K, used 0K [0x00000000e0000000, 0x00000000ff780000, 0x0000000100000000)
  eden space 376320K, 0% used [0x00000000e0000000,0x00000000e0000000,0x00000000f6f80000)
  from space 1024K, 0% used [0x00000000f6f80000,0x00000000f6f80000,0x00000000f7080000)
  to   space 69632K, 0% used [0x00000000fb380000,0x00000000fb380000,0x00000000ff780000)
 ParOldGen       total 199680K, used 37991K [0x00000000a0000000, 0x00000000ac300000, 0x00000000e0000000)
  object space 199680K, 19% used [0x00000000a0000000,0x00000000a2519e40,0x00000000ac300000)
 Metaspace       used 70906K, capacity 73266K, committed 77696K, reserved 1116160K
  class space    used 9024K, capacity 9361K, committed 10368K, reserved 1048576K
}
Event: 4003.699 GC heap before
{Heap before GC invocations=39 (full 9):
 PSYoungGen      total 377344K, used 214606K [0x00000000e0000000, 0x00000000ff780000, 0x0000000100000000)
  eden space 376320K, 57% used [0x00000000e0000000,0x00000000ed193b90,0x00000000f6f80000)
  from space 1024K, 0% used [0x00000000f6f80000,0x00000000f6f80000,0x00000000f7080000)
  to   space 69632K, 0% used [0x00000000fb380000,0x00000000fb380000,0x00000000ff780000)
 ParOldGen       total 199680K, used 37991K [0x00000000a0000000, 0x00000000ac300000, 0x00000000e0000000)
  object space 199680K, 19% used [0x00000000a0000000,0x00000000a2519e40,0x00000000ac300000)
 Metaspace       used 72813K, capacity 75970K, committed 77696K, reserved 1116160K
  class space    used 9398K, capacity 9924K, committed 10368K, reserved 1048576K
Event: 4003.721 GC heap after
Heap after GC invocations=39 (full 9):
 PSYoungGen      total 437760K, used 13535K [0x00000000e0000000, 0x00000000fef80000, 0x0000000100000000)
  eden space 376320K, 0% used [0x00000000e0000000,0x00000000e0000000,0x00000000f6f80000)
  from space 61440K, 22% used [0x00000000fb380000,0x00000000fc0b7ca8,0x00000000fef80000)
  to   space 65536K, 0% used [0x00000000f6f80000,0x00000000f6f80000,0x00000000faf80000)
 ParOldGen       total 199680K, used 37999K [0x00000000a0000000, 0x00000000ac300000, 0x00000000e0000000)
  object space 199680K, 19% used [0x00000000a0000000,0x00000000a251be40,0x00000000ac300000)
 Metaspace       used 72813K, capacity 75970K, committed 77696K, reserved 1116160K
  class space    used 9398K, capacity 9924K, committed 10368K, reserved 1048576K
}
Event: 4003.721 GC heap before
{Heap before GC invocations=40 (full 10):
 PSYoungGen      total 437760K, used 13535K [0x00000000e0000000, 0x00000000fef80000, 0x0000000100000000)
  eden space 376320K, 0% used [0x00000000e0000000,0x00000000e0000000,0x00000000f6f80000)
  from space 61440K, 22% used [0x00000000fb380000,0x00000000fc0b7ca8,0x00000000fef80000)
  to   space 65536K, 0% used [0x00000000f6f80000,0x00000000f6f80000,0x00000000faf80000)
 ParOldGen       total 199680K, used 37999K [0x00000000a0000000, 0x00000000ac300000, 0x00000000e0000000)
  object space 199680K, 19% used [0x00000000a0000000,0x00000000a251be40,0x00000000ac300000)
 Metaspace       used 72813K, capacity 75970K, committed 77696K, reserved 1116160K
  class space    used 9398K, capacity 9924K, committed 10368K, reserved 1048576K
Event: 4004.602 GC heap after
Heap after GC invocations=40 (full 10):
 PSYoungGen      total 437760K, used 0K [0x00000000e0000000, 0x00000000fef80000, 0x0000000100000000)
  eden space 376320K, 0% used [0x00000000e0000000,0x00000000e0000000,0x00000000f6f80000)
  from space 61440K, 0% used [0x00000000fb380000,0x00000000fb380000,0x00000000fef80000)
  to   space 65536K, 0% used [0x00000000f6f80000,0x00000000f6f80000,0x00000000faf80000)
 ParOldGen       total 199680K, used 50551K [0x00000000a0000000, 0x00000000ac300000, 0x00000000e0000000)
  object space 199680K, 25% used [0x00000000a0000000,0x00000000a315dd90,0x00000000ac300000)
 Metaspace       used 72813K, capacity 75970K, committed 77696K, reserved 1116160K
  class space    used 9398K, capacity 9924K, committed 10368K, reserved 1048576K
}
Event: 4935.989 GC heap before
{Heap before GC invocations=41 (full 10):
 PSYoungGen      total 437760K, used 290167K [0x00000000e0000000, 0x00000000fef80000, 0x0000000100000000)
  eden space 376320K, 77% used [0x00000000e0000000,0x00000000f1b5dde8,0x00000000f6f80000)
  from space 61440K, 0% used [0x00000000fb380000,0x00000000fb380000,0x00000000fef80000)
  to   space 65536K, 0% used [0x00000000f6f80000,0x00000000f6f80000,0x00000000faf80000)
 ParOldGen       total 199680K, used 50551K [0x00000000a0000000, 0x00000000ac300000, 0x00000000e0000000)
  object space 199680K, 25% used [0x00000000a0000000,0x00000000a315dd90,0x00000000ac300000)
 Metaspace       used 74031K, capacity 77722K, committed 78208K, reserved 1118208K
  class space    used 9589K, capacity 10204K, committed 10368K, reserved 1048576K
Event: 4936.042 GC heap after
Heap after GC invocations=41 (full 10):
 PSYoungGen      total 384000K, used 7487K [0x00000000e0000000, 0x00000000fea80000, 0x0000000100000000)
  eden space 376320K, 0% used [0x00000000e0000000,0x00000000e0000000,0x00000000f6f80000)
  from space 7680K, 97% used [0x00000000f6f80000,0x00000000f76cfdb0,0x00000000f7700000)
  to   space 62976K, 0% used [0x00000000fad00000,0x00000000fad00000,0x00000000fea80000)
 ParOldGen       total 199680K, used 50559K [0x00000000a0000000, 0x00000000ac300000, 0x00000000e0000000)
  object space 199680K, 25% used [0x00000000a0000000,0x00000000a315fd90,0x00000000ac300000)
 Metaspace       used 74031K, capacity 77722K, committed 78208K, reserved 1118208K
  class space    used 9589K, capacity 10204K, committed 10368K, reserved 1048576K
}
Event: 4936.042 GC heap before
{Heap before GC invocations=42 (full 11):
 PSYoungGen      total 384000K, used 7487K [0x00000000e0000000, 0x00000000fea80000, 0x0000000100000000)
  eden space 376320K, 0% used [0x00000000e0000000,0x00000000e0000000,0x00000000f6f80000)
  from space 7680K, 97% used [0x00000000f6f80000,0x00000000f76cfdb0,0x00000000f7700000)
  to   space 62976K, 0% used [0x00000000fad00000,0x00000000fad00000,0x00000000fea80000)
 ParOldGen       total 199680K, used 50559K [0x00000000a0000000, 0x00000000ac300000, 0x00000000e0000000)
  object space 199680K, 25% used [0x00000000a0000000,0x00000000a315fd90,0x00000000ac300000)
 Metaspace       used 74031K, capacity 77722K, committed 78208K, reserved 1118208K
  class space    used 9589K, capacity 10204K, committed 10368K, reserved 1048576K
Event: 4936.822 GC heap after
Heap after GC invocations=42 (full 11):
 PSYoungGen      total 384000K, used 0K [0x00000000e0000000, 0x00000000fea80000, 0x0000000100000000)
  eden space 376320K, 0% used [0x00000000e0000000,0x00000000e0000000,0x00000000f6f80000)
  from space 7680K, 0% used [0x00000000f6f80000,0x00000000f6f80000,0x00000000f7700000)
  to   space 62976K, 0% used [0x00000000fad00000,0x00000000fad00000,0x00000000fea80000)
 ParOldGen       total 199680K, used 56203K [0x00000000a0000000, 0x00000000ac300000, 0x00000000e0000000)
  object space 199680K, 28% used [0x00000000a0000000,0x00000000a36e2db8,0x00000000ac300000)
 Metaspace       used 74031K, capacity 77722K, committed 78208K, reserved 1118208K
  class space    used 9589K, capacity 10204K, committed 10368K, reserved 1048576K
}

Deoptimization events (10 events):
Event: 3999.891 Thread 0x000000001cf16800 Uncommon trap: reason=array_check action=maybe_recompile pc=0x000000000559c0a4 method=java.util.ComparableTimSort.mergeLo(IIII)V @ 371
Event: 4000.046 Thread 0x000000001cf16800 Uncommon trap: reason=array_check action=maybe_recompile pc=0x000000000559c288 method=java.util.ComparableTimSort.mergeLo(IIII)V @ 587
Event: 4000.084 Thread 0x000000001cf16800 Uncommon trap: reason=array_check action=maybe_recompile pc=0x000000000559c288 method=java.util.ComparableTimSort.mergeLo(IIII)V @ 587
Event: 4000.552 Thread 0x000000001cf16800 Uncommon trap: reason=class_check action=maybe_recompile pc=0x00000000061b0ba4 method=com.google.common.collect.Iterators$5.hasNext()Z @ 7
Event: 4000.553 Thread 0x000000001cf16800 Uncommon trap: reason=class_check action=maybe_recompile pc=0x00000000061b0ba4 method=com.google.common.collect.Iterators$5.hasNext()Z @ 7
Event: 4000.553 Thread 0x000000001cf16800 Uncommon trap: reason=class_check action=maybe_recompile pc=0x00000000061b0ba4 method=com.google.common.collect.Iterators$5.hasNext()Z @ 7
Event: 4000.553 Thread 0x000000001cf16800 Uncommon trap: reason=class_check action=maybe_recompile pc=0x00000000061b0bb8 method=com.google.common.collect.Iterators$5.hasNext()Z @ 7
Event: 4002.752 Thread 0x000000001cf16800 Uncommon trap: reason=array_check action=maybe_recompile pc=0x0000000005da6758 method=java.util.ComparableTimSort.mergeLo(IIII)V @ 465
Event: 4002.809 Thread 0x000000001cf16800 Uncommon trap: reason=array_check action=maybe_recompile pc=0x0000000005da6758 method=java.util.ComparableTimSort.mergeLo(IIII)V @ 465
Event: 4003.039 Thread 0x000000001cf16800 Uncommon trap: reason=array_check action=maybe_recompile pc=0x00000000066dcd8c method=java.util.ComparableTimSort.mergeLo(IIII)V @ 207

Internal exceptions (10 events):
Event: 5442.022 Thread 0x000000001cf11800 Exception <a 'java/security/PrivilegedActionException'> (0x00000000e85af7b0) thrown at [D:\re\workspace\8-2-build-windows-amd64-cygwin\jdk8u20\1074\hotspot\src\share\vm\prims\jvm.cpp, line 1275]
Event: 5442.024 Thread 0x000000001cf11800 Exception <a 'java/security/PrivilegedActionException'> (0x00000000e85b3560) thrown at [D:\re\workspace\8-2-build-windows-amd64-cygwin\jdk8u20\1074\hotspot\src\share\vm\prims\jvm.cpp, line 1275]
Event: 5442.028 Thread 0x000000001cf11800 Exception <a 'java/security/PrivilegedActionException'> (0x00000000e85b8398) thrown at [D:\re\workspace\8-2-build-windows-amd64-cygwin\jdk8u20\1074\hotspot\src\share\vm\prims\jvm.cpp, line 1275]
Event: 5442.028 Thread 0x000000001cf11800 Exception <a 'java/security/PrivilegedActionException'> (0x00000000e85b9488) thrown at [D:\re\workspace\8-2-build-windows-amd64-cygwin\jdk8u20\1074\hotspot\src\share\vm\prims\jvm.cpp, line 1275]
Event: 5442.028 Thread 0x000000001cf11800 Exception <a 'java/security/PrivilegedActionException'> (0x00000000e85c2170) thrown at [D:\re\workspace\8-2-build-windows-amd64-cygwin\jdk8u20\1074\hotspot\src\share\vm\prims\jvm.cpp, line 1275]
Event: 5442.030 Thread 0x000000001cf11800 Exception <a 'java/security/PrivilegedActionException'> (0x00000000e85c6150) thrown at [D:\re\workspace\8-2-build-windows-amd64-cygwin\jdk8u20\1074\hotspot\src\share\vm\prims\jvm.cpp, line 1275]
Event: 5442.032 Thread 0x000000001cf11800 Exception <a 'java/security/PrivilegedActionException'> (0x00000000e85cb790) thrown at [D:\re\workspace\8-2-build-windows-amd64-cygwin\jdk8u20\1074\hotspot\src\share\vm\prims\jvm.cpp, line 1275]
Event: 5442.033 Thread 0x000000001cf11800 Exception <a 'java/security/PrivilegedActionException'> (0x00000000e85ccc58) thrown at [D:\re\workspace\8-2-build-windows-amd64-cygwin\jdk8u20\1074\hotspot\src\share\vm\prims\jvm.cpp, line 1275]
Event: 5442.034 Thread 0x000000001cf11800 Exception <a 'java/security/PrivilegedActionException'> (0x00000000e85d6a50) thrown at [D:\re\workspace\8-2-build-windows-amd64-cygwin\jdk8u20\1074\hotspot\src\share\vm\prims\jvm.cpp, line 1275]
Event: 5443.333 Thread 0x000000001cf11800 Exception <a 'sun/nio/fs/WindowsException'> (0x00000000ec8162e0) thrown at [D:\re\workspace\8-2-build-windows-amd64-cygwin\jdk8u20\1074\hotspot\src\share\vm\prims\jni.cpp, line 716]

Events (10 events):
Event: 5444.766 Thread 0x000000001cf1b000 Thread added: 0x000000001cf1b000
Event: 5444.783 Thread 0x000000001cf1e000 Thread added: 0x000000001cf1e000
Event: 5444.783 Thread 0x000000001cf1c000 Thread added: 0x000000001cf1c000
Event: 5444.783 Thread 0x000000001cf1c800 Thread added: 0x000000001cf1c800
Event: 5444.783 Thread 0x000000001cf1d800 Thread added: 0x000000001cf1d800
Event: 5444.784 Executing VM operation: RevokeBias
Event: 5444.785 Executing VM operation: RevokeBias done
Event: 5444.786 Thread 0x000000001cf1e000 Thread exited: 0x000000001cf1e000
Event: 5444.786 Executing VM operation: RevokeBias
Event: 5444.786 Executing VM operation: RevokeBias done


Dynamic libraries:
0x00007ff60f430000 - 0x00007ff60f464000 	D:\java\jdk1.8.0_20\bin\java.exe
0x00007ffbd6490000 - 0x00007ffbd6651000 	C:\WINDOWS\SYSTEM32\ntdll.dll
0x00007ffbd63e0000 - 0x00007ffbd648d000 	C:\WINDOWS\system32\KERNEL32.DLL
0x00007ffbd3540000 - 0x00007ffbd3728000 	C:\WINDOWS\system32\KERNELBASE.dll
0x00007ffbd3ad0000 - 0x00007ffbd3b77000 	C:\WINDOWS\system32\ADVAPI32.dll
0x00007ffbd5c40000 - 0x00007ffbd5cdd000 	C:\WINDOWS\system32\msvcrt.dll
0x00007ffbd5d50000 - 0x00007ffbd5dab000 	C:\WINDOWS\system32\sechost.dll
0x00007ffbd62a0000 - 0x00007ffbd63bc000 	C:\WINDOWS\system32\RPCRT4.dll
0x00007ffbd5190000 - 0x00007ffbd52e6000 	C:\WINDOWS\system32\USER32.dll
0x00007ffbd5e90000 - 0x00007ffbd6016000 	C:\WINDOWS\system32\GDI32.dll
0x00007ffbcdba0000 - 0x00007ffbcde14000 	C:\WINDOWS\WinSxS\amd64_microsoft.windows.common-controls_6595b64144ccf1df_6.0.10586.672_none_a2d6b3cea53ff843\COMCTL32.dll
0x00007ffbd6020000 - 0x00007ffbd629d000 	C:\WINDOWS\system32\combase.dll
0x00007ffbd3170000 - 0x00007ffbd31da000 	C:\WINDOWS\system32\bcryptPrimitives.dll
0x00007ffbd3be0000 - 0x00007ffbd3c1b000 	C:\WINDOWS\system32\IMM32.DLL
0x00007ffbd2980000 - 0x00007ffbd29b1000 	C:\Windows\system32\nvinitx.dll
0x00007ffbd2970000 - 0x00007ffbd297a000 	C:\WINDOWS\SYSTEM32\VERSION.dll
0x0000000067b40000 - 0x0000000067c12000 	D:\java\jdk1.8.0_20\jre\bin\msvcr100.dll
0x00000000672e0000 - 0x0000000067b38000 	D:\java\jdk1.8.0_20\jre\bin\server\jvm.dll
0x00007ffbd3c20000 - 0x00007ffbd3c28000 	C:\WINDOWS\system32\PSAPI.DLL
0x00007ffbd0e40000 - 0x00007ffbd0e63000 	C:\WINDOWS\SYSTEM32\WINMM.dll
0x00007ffbd0de0000 - 0x00007ffbd0e0c000 	C:\WINDOWS\SYSTEM32\WINMMBASE.dll
0x00007ffbd33b0000 - 0x00007ffbd33f3000 	C:\WINDOWS\system32\cfgmgr32.dll
0x00007ffbc7500000 - 0x00007ffbc7509000 	C:\WINDOWS\SYSTEM32\WSOCK32.dll
0x00007ffbd5e20000 - 0x00007ffbd5e8b000 	C:\WINDOWS\system32\WS2_32.dll
0x00000000672d0000 - 0x00000000672df000 	D:\java\jdk1.8.0_20\jre\bin\verify.dll
0x00000000672a0000 - 0x00000000672c8000 	D:\java\jdk1.8.0_20\jre\bin\java.dll
0x0000000067280000 - 0x0000000067296000 	D:\java\jdk1.8.0_20\jre\bin\zip.dll
0x00007ffbd3c30000 - 0x00007ffbd518c000 	C:\WINDOWS\system32\SHELL32.dll
0x00007ffbd2b20000 - 0x00007ffbd3165000 	C:\WINDOWS\system32\windows.storage.dll
0x00007ffbd3a70000 - 0x00007ffbd3ac2000 	C:\WINDOWS\system32\shlwapi.dll
0x00007ffbd2a90000 - 0x00007ffbd2a9f000 	C:\WINDOWS\system32\kernel.appcore.dll
0x00007ffbd37b0000 - 0x00007ffbd3865000 	C:\WINDOWS\system32\shcore.dll
0x00007ffbd2ad0000 - 0x00007ffbd2b1b000 	C:\WINDOWS\system32\powrprof.dll
0x00007ffbd2ab0000 - 0x00007ffbd2ac4000 	C:\WINDOWS\system32\profapi.dll
0x0000000067260000 - 0x000000006727a000 	D:\java\jdk1.8.0_20\jre\bin\net.dll
0x00007ffbd2310000 - 0x00007ffbd236c000 	C:\WINDOWS\system32\mswsock.dll
0x0000000067240000 - 0x0000000067251000 	D:\java\jdk1.8.0_20\jre\bin\nio.dll
0x00007ffbc3580000 - 0x00007ffbc3592000 	C:\Users\Administrator\.gradle\native\19\windows-amd64\native-platform.dll
0x00007ffbd23c0000 - 0x00007ffbd23d7000 	C:\WINDOWS\SYSTEM32\CRYPTSP.dll
0x00007ffbd2050000 - 0x00007ffbd2084000 	C:\WINDOWS\system32\rsaenh.dll
0x00007ffbd29c0000 - 0x00007ffbd29e9000 	C:\WINDOWS\SYSTEM32\bcrypt.dll
0x00007ffbd21a0000 - 0x00007ffbd21bf000 	C:\WINDOWS\SYSTEM32\USERENV.dll
0x00007ffbd24e0000 - 0x00007ffbd24eb000 	C:\WINDOWS\SYSTEM32\CRYPTBASE.dll
0x00007ffbcf920000 - 0x00007ffbcf958000 	C:\WINDOWS\SYSTEM32\IPHLPAPI.DLL
0x00007ffbd5d40000 - 0x00007ffbd5d48000 	C:\WINDOWS\system32\NSI.dll
0x00007ffbca830000 - 0x00007ffbca846000 	C:\WINDOWS\SYSTEM32\dhcpcsvc6.DLL
0x00007ffbca810000 - 0x00007ffbca82a000 	C:\WINDOWS\SYSTEM32\dhcpcsvc.DLL
0x0000000067230000 - 0x000000006723d000 	D:\java\jdk1.8.0_20\jre\bin\management.dll
0x00007ffbc3bb0000 - 0x00007ffbc3d3c000 	C:\WINDOWS\SYSTEM32\dbghelp.dll

VM Arguments:
jvm_args: -Xmx1536m -Dfile.encoding=GBK -Duser.country=CN -Duser.language=zh -Duser.variant 
java_command: org.gradle.launcher.daemon.bootstrap.GradleDaemon 2.14.1
java_class_path (initial): D:\andriodStduio\install\gradle\gradle-2.14.1\lib\gradle-launcher-2.14.1.jar
Launcher Type: SUN_STANDARD

Environment Variables:
JAVA_HOME=D:\java\jdk1.8.0_20
CLASSPATH=.;D:\java\jdk1.8.0_20\lib\dt.jar;D:\java\jdk1.8.0_20\lib\tools.jar;D:\apache-tomcat-7.0.65-windows-x64\apache-tomcat-7.0.65\lib\servlet-api.jar;D:\apache-tomcat-7.0.65-windows-x64\apache-tomcat-7.0.65\lib\jsp-api.jar;D:\eclipse_javaEE\lib\Aspectj\install\lib\aspectjrt.jar
PATH=C:\ProgramData\Oracle\Java\javapath;D:\java\jdk1.8.0_20\bin;D:\java\jdk1.8.0_20\jre\binC:\WINDOWS\system32;C:\WINDOWS;C:\WINDOWS\System32\Wbem;C:\WINDOWS\System32\WindowsPowerShell\v1.0\;C:\Program Files\Microsoft SQL Server\110\Tools\Binn\;C:\Program Files (x86)\Microsoft SDKs\TypeScript\1.0\;D:\MATLAB\bin\win32;C:\Windows\System32;C:\Program Files\Intel\WiFi\bin\;C:\Program Files\Common Files\Intel\WirelessCommon\;D:\java\jdk1.8.0_20\bin;D:\;amp\wamp\bin\mysql\mysql5.5.20\bin;D:\python2.7.10\install;D:\wamp\wamp\bin\mysql\mysql5.5.20\bin;D:\python2.7.10\install\Scripts;C:\mongodb\bin;D:\nodejs\nvmw;D:\nodejs\nvmw\v4.2.1;D:\svn\bin;D:\scala\install\bin;D:\sbt\install\\bin;D:\sbt\install\bin;D:\git\Git\bin;D:\ant\apache-ant-1.9.6/bin;D:\curl;D:\wamp\wamp\bin\php\php5.3.10;D:\wamp\wamp\bin\php\php5.5.12;C:\ProgramData\ComposerSetup\bin;C:\Users\Administrator\AppData\Roaming\Composer\Vendor\bin;D:\OCR\install\Tesseract-OCR;C:\WINDOWS\system32;C:\Program Files (x86)\Windows Kits\10\Windows Performance Toolkit\;D:\makeForWin\GnuWin32\bin;D:\eclipse_javaEE\lib\Aspectj\install\bin;D:\maven\apache-maven-3.3.9\bin;D:\php\php-5.6.21-Win32-VC11-x64;D:\php\php-5.6.21-Win32-VC11-x64\ext;D:\mysql\mysql-5.6.24-winx64\bin;D:\nodejs\nvmw\v6.2.0\;D:\andriodStduio\sdk\tools;D:\andriodStduio\sdk\platform-tools;D:\openVPN\install\OpenVPN\bin;D:\nmap\nmap-7.31;D:\cocos2d-x\templates;D:\cocos2d-x\tools\cocos2d-console\bin;C:\Program Files\Intel\WiFi\bin\;C:\Program Files\Common Files\Intel\WirelessCommon\;C:\Users\Administrator\AppData\Roaming\npm
USERNAME=Administrator
OS=Windows_NT
PROCESSOR_IDENTIFIER=Intel64 Family 6 Model 58 Stepping 9, GenuineIntel



---------------  S Y S T E M  ---------------

OS: Windows 8.1 , 64 bit Build 9600 

CPU:total 4 (2 cores per cpu, 2 threads per core) family 6 model 58 stepping 9, cmov, cx8, fxsr, mmx, sse, sse2, sse3, ssse3, sse4.1, sse4.2, popcnt, avx, aes, clmul, erms, ht, tsc, tscinvbit, tscinv

Memory: 4k page, physical 6148232k(1411320k free), swap 6776608k(6140k free)

vm_info: Java HotSpot(TM) 64-Bit Server VM (25.20-b23) for windows-amd64 JRE (1.8.0_20-b26), built on Jul 30 2014 13:51:23 by "java_re" with MS VC++ 10.0 (VS2010)

time: Thu Dec 08 14:28:43 2016
elapsed time: 5446 seconds (0d 1h 30m 46s)

