JvmtiExport can_access_local_variables 0
JvmtiExport can_hotswap_or_post_breakpoint 0
JvmtiExport can_post_on_exceptions 0
# 359 ciObject found
ciMethod java/lang/Object <init> ()V 4097 1 3118446 0 0
ciMethod java/lang/Error <init> (Ljava/lang/String;)V 201 1 45 0 -1
ciMethod java/lang/ref/Reference get ()Ljava/lang/Object; 2081 1 260 0 -1
ciMethod java/lang/ref/Reference <init> (Ljava/lang/Object;Ljava/lang/ref/ReferenceQueue;)V 2049 1 58731 0 96
ciMethod java/lang/ref/WeakReference <init> (Ljava/lang/Object;Ljava/lang/ref/ReferenceQueue;)V 2049 1 22804 0 96
ciMethod java/lang/Thread currentThread ()Ljava/lang/Thread; 2049 1 256 0 -1
ciMethod java/lang/Thread interrupt ()V 0 0 6 0 -1
ciMethod sun/misc/Unsafe compareAndSwapInt (Ljava/lang/Object;JII)Z 2049 1 256 0 -1
ciMethod sun/misc/Unsafe getObjectVolatile (Ljava/lang/Object;J)Ljava/lang/Object; 2049 1 256 0 -1
ciMethod sun/misc/Unsafe putObjectVolatile (Ljava/lang/Object;JLjava/lang/Object;)V 2049 1 256 0 -1
ciMethod java/util/AbstractCollection size ()I 0 0 1 0 -1
ciMethod java/util/AbstractCollection isEmpty ()Z 2057 1 10497 0 64
ciMethod java/lang/ref/ReferenceQueue reallyPoll ()Ljava/lang/ref/Reference; 17849 1 7993 0 224
ciMethod java/lang/ref/ReferenceQueue poll ()Ljava/lang/ref/Reference; 2049 1 25321 0 768
ciMethod sun/misc/VM addFinalRefCount (I)V 2465 1 14559 0 0
ciMethod java/util/concurrent/atomic/AtomicInteger set (I)V 2049 1 10680 0 0
ciMethodData java/lang/Object <init> ()V 2 3118492 orig 264 184 126 21 102 0 0 0 0 136 4 71 22 0 0 0 0 32 1 0 0 0 0 0 0 0 0 0 0 0 0 0 0 0 0 0 0 0 0 0 0 0 0 0 0 0 0 0 0 0 0 0 0 0 0 0 0 0 0 0 0 0 0 0 0 0 0 0 0 0 0 0 0 0 0 0 0 0 0 0 0 77 68 79 32 101 120 116 114 97 32 100 97 116 97 32 108 111 99 107 0 0 0 0 0 0 0 0 0 0 0 0 0 0 0 0 0 0 0 0 0 0 0 0 0 0 0 0 0 0 0 0 0 0 0 0 0 0 0 0 0 0 0 0 0 0 0 0 0 0 0 0 0 0 0 0 0 0 0 0 0 0 0 0 0 0 0 0 0 0 0 0 0 0 0 0 0 0 0 0 0 0 0 0 0 1 0 0 0 0 0 0 0 1 0 0 0 0 0 0 0 1 0 0 0 0 0 0 0 0 0 0 0 0 0 0 0 0 2 0 0 217 156 124 1 1 0 0 0 0 0 0 0 0 0 0 0 2 0 0 0 0 0 3 0 3 0 0 0 0 0 0 0 255 255 255 255 0 0 0 0 0 0 0 0 data 0 oops 0
ciMethod java/util/concurrent/locks/ReentrantLock lock ()V 2073 1 22640 0 0
ciMethod java/util/concurrent/locks/ReentrantLock tryLock ()Z 1841 1 10989 0 160
ciMethod java/util/concurrent/locks/ReentrantLock unlock ()V 2049 1 35632 0 160
ciMethod java/util/concurrent/locks/ReentrantLock isHeldByCurrentThread ()Z 2049 1 14566 0 0
ciMethodData java/util/AbstractCollection isEmpty ()Z 2 10497 orig 264 184 126 21 102 0 0 0 0 8 10 82 22 0 0 0 0 176 1 0 0 0 0 0 0 0 0 0 0 0 0 0 0 0 0 0 0 0 0 0 0 0 0 0 0 0 0 0 0 0 0 0 0 0 0 0 0 0 0 0 0 0 0 0 0 0 0 0 0 0 0 0 0 0 0 0 0 0 0 0 0 77 68 79 32 101 120 116 114 97 32 100 97 116 97 32 108 111 99 107 0 0 0 0 0 0 0 0 0 0 0 0 0 0 0 0 0 0 0 0 0 0 0 0 0 0 0 0 0 0 0 0 0 0 0 0 0 0 0 0 0 0 0 0 0 0 0 0 0 0 0 0 0 0 0 0 0 0 0 0 0 0 0 0 0 0 0 0 0 0 0 0 0 0 0 0 0 0 0 0 0 0 0 0 0 0 0 0 0 0 0 0 0 0 0 0 0 0 0 0 0 0 0 0 0 0 0 0 0 0 0 0 0 0 0 0 0 1 1 0 0 1 64 1 0 1 0 0 0 0 0 0 0 0 0 0 0 2 0 0 0 0 0 6 0 4 0 1 0 104 0 0 0 255 255 255 255 5 0 1 0 0 0 0 0 data 13 0x10005 0x17ea 0x1910db80 0xb6a 0x1e9d83a0 0xc8 0x40007 0x149e 0x38 0x1362 0x80003 0x1362 0x18 oops 2